#
# There is insufficient memory for the Java Runtime Environment to continue.
# Native memory allocation (malloc) failed to allocate 2156016 bytes for Chunk::new
# Possible reasons:
#   The system is out of physical RAM or swap space
#   The process is running with CompressedOops enabled, and the Java Heap may be blocking the growth of the native heap
# Possible solutions:
#   Reduce memory load on the system
#   Increase physical memory or swap space
#   Check if swap backing store is full
#   Decrease Java heap size (-Xmx/-Xms)
#   Decrease number of Java threads
#   Decrease Java thread stack sizes (-Xss)
#   Set larger code cache with -XX:ReservedCodeCacheSize=
#   JVM is running with Unscaled Compressed Oops mode in which the Java heap is
#     placed in the first 4GB address space. The Java Heap base address is the
#     maximum limit for the native heap growth. Please use -XX:HeapBaseMinAddress
#     to set the Java Heap base and to place the Java Heap above 4GB virtual address.
# This output file may be truncated or incomplete.
#
#  Out of Memory Error (./src/hotspot/share/memory/arena.cpp:197), pid=8240, tid=4748
#
# JRE version: OpenJDK Runtime Environment (11.0.12+7) (build 11.0.12+7-b1504.28-7817840)
# Java VM: OpenJDK 64-Bit Server VM (11.0.12+7-b1504.28-7817840, mixed mode, tiered, compressed oops, g1 gc, windows-amd64)
# No core dump will be written. Minidumps are not enabled by default on client versions of Windows
#

---------------  S U M M A R Y ------------

Command Line: --add-opens=java.base/java.util=ALL-UNNAMED --add-opens=java.base/java.lang=ALL-UNNAMED --add-opens=java.base/java.lang.invoke=ALL-UNNAMED --add-opens=java.base/java.util=ALL-UNNAMED --add-opens=java.prefs/java.util.prefs=ALL-UNNAMED --add-opens=java.prefs/java.util.prefs=ALL-UNNAMED --add-opens=java.base/java.nio.charset=ALL-UNNAMED --add-opens=java.base/java.net=ALL-UNNAMED --add-opens=java.base/java.util.concurrent.atomic=ALL-UNNAMED -Xmx2048m -Dfile.encoding=UTF-8 -Duser.country=US -Duser.language=en -Duser.variant org.gradle.launcher.daemon.bootstrap.GradleDaemon 7.3.3

Host: AMD Ryzen 5 5500U with Radeon Graphics         , 12 cores, 5G,  Windows 10 , 64 bit Build 25217 (10.0.25217.1000)
Time: Thu Oct 13 01:42:29 2022 SE Asia Standard Time elapsed time: 749.365384 seconds (0d 0h 12m 29s)

---------------  T H R E A D  ---------------

Current thread (0x000002629f807800):  JavaThread "C2 CompilerThread0" daemon [_thread_in_native, id=4748, stack(0x000000e867300000,0x000000e867400000)]


Current CompileTask:
C2: 749365 16376   !   4       java.io.ObjectOutputStream::writeSerialData (221 bytes)

Stack: [0x000000e867300000,0x000000e867400000]
Native frames: (J=compiled Java code, j=interpreted, Vv=VM code, C=native code)
V  [jvm.dll+0x5fbcea]
V  [jvm.dll+0x731905]
V  [jvm.dll+0x732f1d]
V  [jvm.dll+0x7335d3]
V  [jvm.dll+0x247bf8]
V  [jvm.dll+0xc018c]
V  [jvm.dll+0xc06cc]
V  [jvm.dll+0x35b31d]
V  [jvm.dll+0x19cebc]
V  [jvm.dll+0x20070e]
V  [jvm.dll+0x1ff794]
V  [jvm.dll+0x18868c]
V  [jvm.dll+0x20e0d7]
V  [jvm.dll+0x20c901]
V  [jvm.dll+0x6f9b7f]
V  [jvm.dll+0x6f26a5]
V  [jvm.dll+0x5fabf6]
C  [ucrtbase.dll+0x4b7eb]
C  [KERNEL32.DLL+0x1484d]
C  [ntdll.dll+0x67558]


---------------  P R O C E S S  ---------------

Threads class SMR info:
_java_thread_list=0x00000262a07eaaf0, length=198, elements={
0x00000262845a8800, 0x000002629ee80000, 0x000002629ee81000, 0x000002629f802800,
0x000002629f805800, 0x000002629f806800, 0x000002629f807800, 0x000002629f809000,
0x000002629f80e000, 0x000002629f950000, 0x00000262a18a4000, 0x00000262a1c76000,
0x00000262a1c90800, 0x00000262a1d6c800, 0x00000262a1d6e000, 0x00000262a1d6f000,
0x00000262a1d70000, 0x00000262a1d6a000, 0x00000262a3c82000, 0x00000262a3c7e800,
0x00000262a3c7c800, 0x00000262a3c7d000, 0x00000262a3c85800, 0x00000262a42e6000,
0x00000262a42e7800, 0x00000262a42e9000, 0x00000262a576e000, 0x00000262a576b000,
0x00000262a5768800, 0x00000262a576f000, 0x00000262a576d800, 0x00000262a5769800,
0x00000262a5770000, 0x00000262a7231000, 0x00000262a7249000, 0x00000262a724a800,
0x00000262a724b800, 0x00000262a724c000, 0x00000262a0a65000, 0x00000262a0b4a000,
0x00000262a0b4b000, 0x00000262a0b48800, 0x000002629fad0800, 0x000002629face000,
0x000002629facf800, 0x000002629fad2000, 0x000002629facf000, 0x000002629facc800,
0x000002629fad3000, 0x000002629fad9800, 0x000002629fad4800, 0x000002629fad6000,
0x000002629fada000, 0x000002629fad5800, 0x000002629fae1000, 0x000002629fade800,
0x000002629fadb000, 0x000002629fae0000, 0x000002629fae1800, 0x000002629fadc000,
0x000002629fae2800, 0x000002629fadc800, 0x000002629fadf000, 0x000002629fae3000,
0x000002629fadd800, 0x000002629fae5800, 0x000002629fae7800, 0x000002629fae9000,
0x000002629fae5000, 0x000002629fae9800, 0x000002629fae6800, 0x000002629fae8000,
0x000002629fae4000, 0x000002629faea800, 0x000002629faeb800, 0x00000262a0a66000,
0x00000262a0a67000, 0x00000262a0a63800, 0x00000262a0a64800, 0x00000262a0a62000,
0x00000262a0a67800, 0x00000262a0a68800, 0x00000262a0a63000, 0x00000262a0a6f000,
0x00000262a0a6b800, 0x00000262a0a6d800, 0x00000262a0a6c800, 0x00000262a0a6e000,
0x00000262a0a69800, 0x00000262a0a70000, 0x00000262a0a6a000, 0x00000262a0a70800,
0x00000262a0a6b000, 0x00000262a0a74800, 0x00000262a0a75800, 0x00000262a0a76800,
0x00000262a0a77000, 0x00000262a0a71800, 0x00000262a0a78000, 0x00000262a0a72800,
0x00000262a0a79000, 0x00000262a0a73000, 0x00000262a0a79800, 0x00000262a0a74000,
0x00000262a0a7f800, 0x00000262a0a7e800, 0x00000262a0a7d800, 0x00000262a0a7b000,
0x00000262a0a7d000, 0x00000262a0a80000, 0x00000262a0a7a800, 0x00000262a0a81000,
0x00000262a0a7c000, 0x00000262a0b47000, 0x00000262a0b47800, 0x00000262a0b49000,
0x00000262a0b45000, 0x00000262a0b44800, 0x00000262a0b4b800, 0x00000262a0b46000,
0x00000262a0b52000, 0x00000262a0b4d800, 0x00000262a0b4e000, 0x00000262a0b4c800,
0x00000262a0b50000, 0x00000262a0b53000, 0x00000262a0b51800, 0x00000262a0b50800,
0x00000262a0b54000, 0x00000262a0b54800, 0x00000262a0b4f000, 0x00000262a0b57000,
0x00000262a0b58000, 0x00000262a0b5b000, 0x00000262a0b5a800, 0x00000262a0b55800,
0x00000262a0b59800, 0x00000262a0b5c000, 0x00000262a0b58800, 0x00000262a0b56800,
0x00000262a0b62800, 0x00000262a0b61800, 0x00000262a0b61000, 0x00000262a0b60000,
0x00000262a0b5f800, 0x00000262a0b5e800, 0x00000262a0b5d000, 0x00000262a0b63800,
0x00000262a0b5d800, 0x00000262a7232000, 0x00000262a7233000, 0x00000262a7230800,
0x00000262a7233800, 0x00000262a722e800, 0x00000262a722e000, 0x00000262a7234800,
0x00000262a7235800, 0x00000262a722f800, 0x00000262a7236000, 0x00000262a723c000,
0x00000262a7238800, 0x00000262a7237000, 0x00000262a723a000, 0x00000262a7239800,
0x00000262a723c800, 0x00000262a7237800, 0x00000262a723b000, 0x00000262a7243000,
0x00000262a7240000, 0x00000262a723f000, 0x00000262a42e1000, 0x00000262a42dc000,
0x00000262a42e0000, 0x00000262a42db800, 0x00000262a42e2000, 0x00000262a42de800,
0x00000262a42e2800, 0x00000262a42dd000, 0x00000262a42e3800, 0x00000262a42df800,
0x00000262a42dd800, 0x00000262a42ea000, 0x00000262a42e6800, 0x00000262a42e5000,
0x00000262a42e8800, 0x00000262a42e4800, 0x00000262a3c80800, 0x00000262a3c81000,
0x00000262a3c83800, 0x00000262a3c7e000, 0x00000262a3c87000, 0x00000262a3c86000,
0x00000262a3c8a000, 0x00000262a3c87800, 0x00000262a3c88800, 0x00000262a3c89800,
0x00000262a3c84800, 0x00000262a3c8b000
}

Java Threads: ( => current thread )
  0x00000262845a8800 JavaThread "main" [_thread_blocked, id=13648, stack(0x000000e866700000,0x000000e866800000)]
  0x000002629ee80000 JavaThread "Reference Handler" daemon [_thread_blocked, id=11804, stack(0x000000e866e00000,0x000000e866f00000)]
  0x000002629ee81000 JavaThread "Finalizer" daemon [_thread_blocked, id=16380, stack(0x000000e866f00000,0x000000e867000000)]
  0x000002629f802800 JavaThread "Signal Dispatcher" daemon [_thread_blocked, id=15096, stack(0x000000e867000000,0x000000e867100000)]
  0x000002629f805800 JavaThread "Attach Listener" daemon [_thread_blocked, id=5840, stack(0x000000e867100000,0x000000e867200000)]
  0x000002629f806800 JavaThread "Service Thread" daemon [_thread_blocked, id=15100, stack(0x000000e867200000,0x000000e867300000)]
=>0x000002629f807800 JavaThread "C2 CompilerThread0" daemon [_thread_in_native, id=4748, stack(0x000000e867300000,0x000000e867400000)]
  0x000002629f809000 JavaThread "C1 CompilerThread0" daemon [_thread_in_native, id=12936, stack(0x000000e867400000,0x000000e867500000)]
  0x000002629f80e000 JavaThread "Sweeper thread" daemon [_thread_blocked, id=14800, stack(0x000000e867500000,0x000000e867600000)]
  0x000002629f950000 JavaThread "Common-Cleaner" daemon [_thread_blocked, id=8144, stack(0x000000e867600000,0x000000e867700000)]
  0x00000262a18a4000 JavaThread "Daemon health stats" [_thread_blocked, id=16440, stack(0x000000e867a00000,0x000000e867b00000)]
  0x00000262a1c76000 JavaThread "Incoming local TCP Connector on port 50442" [_thread_in_native, id=3364, stack(0x000000e867800000,0x000000e867900000)]
  0x00000262a1c90800 JavaThread "Daemon periodic checks" [_thread_blocked, id=8100, stack(0x000000e867b00000,0x000000e867c00000)]
  0x00000262a1d6c800 JavaThread "Cache worker for journal cache (C:\Users\LENOVO\.gradle\caches\journal-1)" [_thread_blocked, id=15228, stack(0x000000e868b00000,0x000000e868c00000)]
  0x00000262a1d6e000 JavaThread "File lock request listener" [_thread_in_native, id=4124, stack(0x000000e868c00000,0x000000e868d00000)]
  0x00000262a1d6f000 JavaThread "Cache worker for file hash cache (C:\Users\LENOVO\.gradle\caches\7.3.3\fileHashes)" [_thread_blocked, id=13684, stack(0x000000e868d00000,0x000000e868e00000)]
  0x00000262a1d70000 JavaThread "File watcher server" daemon [_thread_in_native, id=11616, stack(0x000000e869100000,0x000000e869200000)]
  0x00000262a1d6a000 JavaThread "File watcher consumer" daemon [_thread_blocked, id=10336, stack(0x000000e869200000,0x000000e869300000)]
  0x00000262a3c82000 JavaThread "Cache worker for execution history cache (C:\Users\LENOVO\.gradle\caches\7.3.3\executionHistory)" [_thread_blocked, id=8092, stack(0x000000e869600000,0x000000e869700000)]
  0x00000262a3c7e800 JavaThread "jar transforms" [_thread_blocked, id=17184, stack(0x000000e869700000,0x000000e869800000)]
  0x00000262a3c7c800 JavaThread "Cache worker for file content cache (C:\Users\LENOVO\.gradle\caches\7.3.3\fileContent)" [_thread_blocked, id=16816, stack(0x000000e869800000,0x000000e869900000)]
  0x00000262a3c7d000 JavaThread "jar transforms Thread 2" [_thread_blocked, id=12352, stack(0x000000e869900000,0x000000e869a00000)]
  0x00000262a3c85800 JavaThread "jar transforms Thread 3" [_thread_blocked, id=6436, stack(0x000000e869b00000,0x000000e869c00000)]
  0x00000262a42e6000 JavaThread "jar transforms Thread 4" [_thread_blocked, id=7128, stack(0x000000e871500000,0x000000e871600000)]
  0x00000262a42e7800 JavaThread "jar transforms Thread 5" [_thread_blocked, id=16464, stack(0x000000e871600000,0x000000e871700000)]
  0x00000262a42e9000 JavaThread "jar transforms Thread 6" [_thread_blocked, id=6660, stack(0x000000e871700000,0x000000e871800000)]
  0x00000262a576e000 JavaThread "jar transforms Thread 7" [_thread_blocked, id=16456, stack(0x000000e871800000,0x000000e871900000)]
  0x00000262a576b000 JavaThread "jar transforms Thread 8" [_thread_blocked, id=12860, stack(0x000000e871900000,0x000000e871a00000)]
  0x00000262a5768800 JavaThread "jar transforms Thread 9" [_thread_blocked, id=6312, stack(0x000000e871a00000,0x000000e871b00000)]
  0x00000262a576f000 JavaThread "jar transforms Thread 10" [_thread_blocked, id=11780, stack(0x000000e871b00000,0x000000e871c00000)]
  0x00000262a576d800 JavaThread "jar transforms Thread 11" [_thread_blocked, id=12236, stack(0x000000e871c00000,0x000000e871d00000)]
  0x00000262a5769800 JavaThread "jar transforms Thread 12" [_thread_blocked, id=9436, stack(0x000000e871d00000,0x000000e871e00000)]
  0x00000262a5770000 JavaThread "Memory manager" [_thread_blocked, id=6544, stack(0x000000e871e00000,0x000000e871f00000)]
  0x00000262a7231000 JavaThread "Cache worker for Java compile cache (C:\Users\LENOVO\.gradle\caches\7.3.3\javaCompile)" [_thread_blocked, id=15180, stack(0x000000e872c00000,0x000000e872d00000)]
  0x00000262a7249000 JavaThread "ForkJoinPool.commonPool-worker-27" daemon [_thread_blocked, id=7016, stack(0x000000e874a00000,0x000000e874b00000)]
  0x00000262a724a800 JavaThread "ForkJoinPool.commonPool-worker-17" daemon [_thread_blocked, id=17116, stack(0x000000e874d00000,0x000000e874e00000)]
  0x00000262a724b800 JavaThread "ForkJoinPool.commonPool-worker-3" daemon [_thread_blocked, id=1756, stack(0x000000e874e00000,0x000000e874f00000)]
  0x00000262a724c000 JavaThread "ForkJoinPool.commonPool-worker-21" daemon [_thread_blocked, id=5048, stack(0x000000e874f00000,0x000000e875000000)]
  0x00000262a0a65000 JavaThread "ForkJoinPool.commonPool-worker-11" daemon [_thread_blocked, id=15040, stack(0x000000e874600000,0x000000e874700000)]
  0x00000262a0b4a000 JavaThread "ForkJoinPool.commonPool-worker-19" daemon [_thread_blocked, id=6192, stack(0x000000e874400000,0x000000e874500000)]
  0x00000262a0b4b000 JavaThread "ForkJoinPool.commonPool-worker-5" daemon [_thread_blocked, id=11444, stack(0x000000e874700000,0x000000e874800000)]
  0x00000262a0b48800 JavaThread "ForkJoinPool.commonPool-worker-23" daemon [_thread_blocked, id=6504, stack(0x000000e874800000,0x000000e874900000)]
  0x000002629fad0800 JavaThread "Daemon Thread 4" [_thread_blocked, id=17404, stack(0x000000e866400000,0x000000e866500000)]
  0x000002629face000 JavaThread "Handler for socket connection from /127.0.0.1:50442 to /127.0.0.1:50844" [_thread_in_native, id=4944, stack(0x000000e866500000,0x000000e866600000)]
  0x000002629facf800 JavaThread "Cancel handler" [_thread_blocked, id=14180, stack(0x000000e866600000,0x000000e866700000)]
  0x000002629fad2000 JavaThread "Daemon worker Thread 4" [_thread_in_vm, id=3456, stack(0x000000e867c00000,0x000000e867d00000)]
  0x000002629facf000 JavaThread "Asynchronous log dispatcher for DefaultDaemonConnection: socket connection from /127.0.0.1:50442 to /127.0.0.1:50844" [_thread_blocked, id=2852, stack(0x000000e867d00000,0x000000e867e00000)]
  0x000002629facc800 JavaThread "Stdin handler" [_thread_blocked, id=3416, stack(0x000000e867e00000,0x000000e867f00000)]
  0x000002629fad3000 JavaThread "Daemon client event forwarder" [_thread_blocked, id=13804, stack(0x000000e867f00000,0x000000e868000000)]
  0x000002629fad4800 JavaThread "Unconstrained build operations" [_thread_blocked, id=16944, stack(0x000000e869c00000,0x000000e869d00000)]
  0x000002629fad6000 JavaThread "Unconstrained build operations Thread 2" [_thread_blocked, id=9936, stack(0x000000e869d00000,0x000000e869e00000)]
  0x000002629fada000 JavaThread "Unconstrained build operations Thread 3" [_thread_blocked, id=17172, stack(0x000000e869e00000,0x000000e869f00000)]
  0x000002629fad5800 JavaThread "Unconstrained build operations Thread 4" [_thread_blocked, id=13088, stack(0x000000e869f00000,0x000000e86a000000)]
  0x000002629fae1000 JavaThread "Unconstrained build operations Thread 5" [_thread_blocked, id=15204, stack(0x000000e86a000000,0x000000e86a100000)]
  0x000002629fade800 JavaThread "Unconstrained build operations Thread 6" [_thread_blocked, id=1932, stack(0x000000e86a100000,0x000000e86a200000)]
  0x000002629fadb000 JavaThread "Unconstrained build operations Thread 7" [_thread_blocked, id=3696, stack(0x000000e86a200000,0x000000e86a300000)]
  0x000002629fae0000 JavaThread "Unconstrained build operations Thread 8" [_thread_blocked, id=10660, stack(0x000000e86a300000,0x000000e86a400000)]
  0x000002629fae1800 JavaThread "Unconstrained build operations Thread 9" [_thread_blocked, id=7356, stack(0x000000e86a400000,0x000000e86a500000)]
  0x000002629fadc000 JavaThread "Unconstrained build operations Thread 10" [_thread_blocked, id=1980, stack(0x000000e86a500000,0x000000e86a600000)]
  0x000002629fae2800 JavaThread "Unconstrained build operations Thread 11" [_thread_blocked, id=1964, stack(0x000000e86a600000,0x000000e86a700000)]
  0x000002629fadc800 JavaThread "Unconstrained build operations Thread 12" [_thread_blocked, id=2392, stack(0x000000e86a700000,0x000000e86a800000)]
  0x000002629fadf000 JavaThread "Unconstrained build operations Thread 13" [_thread_blocked, id=3180, stack(0x000000e86a800000,0x000000e86a900000)]
  0x000002629fae3000 JavaThread "Unconstrained build operations Thread 14" [_thread_blocked, id=4368, stack(0x000000e86a900000,0x000000e86aa00000)]
  0x000002629fadd800 JavaThread "Unconstrained build operations Thread 15" [_thread_blocked, id=17388, stack(0x000000e86aa00000,0x000000e86ab00000)]
  0x000002629fae5800 JavaThread "Unconstrained build operations Thread 16" [_thread_blocked, id=17224, stack(0x000000e86ab00000,0x000000e86ac00000)]
  0x000002629fae7800 JavaThread "Unconstrained build operations Thread 17" [_thread_blocked, id=5860, stack(0x000000e86ac00000,0x000000e86ad00000)]
  0x000002629fae9000 JavaThread "Unconstrained build operations Thread 18" [_thread_blocked, id=5508, stack(0x000000e86ad00000,0x000000e86ae00000)]
  0x000002629fae5000 JavaThread "Unconstrained build operations Thread 19" [_thread_blocked, id=10040, stack(0x000000e86ae00000,0x000000e86af00000)]
  0x000002629fae9800 JavaThread "Unconstrained build operations Thread 20" [_thread_blocked, id=13828, stack(0x000000e86af00000,0x000000e86b000000)]
  0x000002629fae6800 JavaThread "Unconstrained build operations Thread 21" [_thread_blocked, id=15496, stack(0x000000e86b000000,0x000000e86b100000)]
  0x000002629fae8000 JavaThread "Unconstrained build operations Thread 22" [_thread_blocked, id=12232, stack(0x000000e86b100000,0x000000e86b200000)]
  0x000002629fae4000 JavaThread "Unconstrained build operations Thread 23" [_thread_blocked, id=16780, stack(0x000000e86b200000,0x000000e86b300000)]
  0x000002629faea800 JavaThread "Unconstrained build operations Thread 24" [_thread_blocked, id=7920, stack(0x000000e86b300000,0x000000e86b400000)]
  0x000002629faeb800 JavaThread "Unconstrained build operations Thread 25" [_thread_blocked, id=16984, stack(0x000000e86b400000,0x000000e86b500000)]
  0x00000262a0a66000 JavaThread "Unconstrained build operations Thread 26" [_thread_blocked, id=8344, stack(0x000000e86b500000,0x000000e86b600000)]
  0x00000262a0a67000 JavaThread "Unconstrained build operations Thread 27" [_thread_blocked, id=12868, stack(0x000000e86b600000,0x000000e86b700000)]
  0x00000262a0a63800 JavaThread "Unconstrained build operations Thread 28" [_thread_blocked, id=13820, stack(0x000000e86b700000,0x000000e86b800000)]
  0x00000262a0a64800 JavaThread "Unconstrained build operations Thread 29" [_thread_blocked, id=13780, stack(0x000000e86b800000,0x000000e86b900000)]
  0x00000262a0a62000 JavaThread "Unconstrained build operations Thread 30" [_thread_in_vm, id=4788, stack(0x000000e86b900000,0x000000e86ba00000)]
  0x00000262a0a67800 JavaThread "Unconstrained build operations Thread 31" [_thread_blocked, id=7756, stack(0x000000e86ba00000,0x000000e86bb00000)]
  0x00000262a0a68800 JavaThread "Unconstrained build operations Thread 32" [_thread_blocked, id=16188, stack(0x000000e86bb00000,0x000000e86bc00000)]
  0x00000262a0a63000 JavaThread "Unconstrained build operations Thread 33" [_thread_blocked, id=5108, stack(0x000000e86bc00000,0x000000e86bd00000)]
  0x00000262a0a6f000 JavaThread "Unconstrained build operations Thread 34" [_thread_blocked, id=5124, stack(0x000000e86bd00000,0x000000e86be00000)]
  0x00000262a0a6b800 JavaThread "Unconstrained build operations Thread 35" [_thread_blocked, id=12784, stack(0x000000e86be00000,0x000000e86bf00000)]
  0x00000262a0a6d800 JavaThread "Unconstrained build operations Thread 36" [_thread_blocked, id=15944, stack(0x000000e86bf00000,0x000000e86c000000)]
  0x00000262a0a6c800 JavaThread "Unconstrained build operations Thread 37" [_thread_blocked, id=3020, stack(0x000000e86c000000,0x000000e86c100000)]
  0x00000262a0a6e000 JavaThread "Unconstrained build operations Thread 38" [_thread_blocked, id=12960, stack(0x000000e86c100000,0x000000e86c200000)]
  0x00000262a0a69800 JavaThread "Unconstrained build operations Thread 39" [_thread_blocked, id=4760, stack(0x000000e86c200000,0x000000e86c300000)]
  0x00000262a0a70000 JavaThread "Unconstrained build operations Thread 40" [_thread_blocked, id=9076, stack(0x000000e86c300000,0x000000e86c400000)]
  0x00000262a0a6a000 JavaThread "Unconstrained build operations Thread 41" [_thread_blocked, id=13888, stack(0x000000e86c400000,0x000000e86c500000)]
  0x00000262a0a70800 JavaThread "Unconstrained build operations Thread 42" [_thread_blocked, id=10148, stack(0x000000e86c500000,0x000000e86c600000)]
  0x00000262a0a6b000 JavaThread "Unconstrained build operations Thread 43" [_thread_blocked, id=7036, stack(0x000000e86c600000,0x000000e86c700000)]
  0x00000262a0a74800 JavaThread "Unconstrained build operations Thread 44" [_thread_blocked, id=13080, stack(0x000000e86c700000,0x000000e86c800000)]
  0x00000262a0a75800 JavaThread "Unconstrained build operations Thread 45" [_thread_blocked, id=2144, stack(0x000000e86c800000,0x000000e86c900000)]
  0x00000262a0a76800 JavaThread "Unconstrained build operations Thread 46" [_thread_blocked, id=1896, stack(0x000000e86c900000,0x000000e86ca00000)]
  0x00000262a0a77000 JavaThread "Unconstrained build operations Thread 47" [_thread_blocked, id=1716, stack(0x000000e86ca00000,0x000000e86cb00000)]
  0x00000262a0a71800 JavaThread "Unconstrained build operations Thread 48" [_thread_blocked, id=2992, stack(0x000000e86cb00000,0x000000e86cc00000)]
  0x00000262a0a78000 JavaThread "Unconstrained build operations Thread 49" [_thread_blocked, id=16764, stack(0x000000e86cc00000,0x000000e86cd00000)]
  0x00000262a0a72800 JavaThread "Unconstrained build operations Thread 50" [_thread_in_Java, id=16692, stack(0x000000e86cd00000,0x000000e86ce00000)]
  0x00000262a0a79000 JavaThread "Unconstrained build operations Thread 51" [_thread_blocked, id=2808, stack(0x000000e86ce00000,0x000000e86cf00000)]
  0x00000262a0a73000 JavaThread "Unconstrained build operations Thread 52" [_thread_blocked, id=17304, stack(0x000000e86cf00000,0x000000e86d000000)]
  0x00000262a0a79800 JavaThread "Unconstrained build operations Thread 53" [_thread_blocked, id=7280, stack(0x000000e86d000000,0x000000e86d100000)]
  0x00000262a0a74000 JavaThread "Unconstrained build operations Thread 54" [_thread_blocked, id=1636, stack(0x000000e86d100000,0x000000e86d200000)]
  0x00000262a0a7f800 JavaThread "Unconstrained build operations Thread 55" [_thread_blocked, id=7528, stack(0x000000e86d200000,0x000000e86d300000)]
  0x00000262a0a7e800 JavaThread "Unconstrained build operations Thread 56" [_thread_blocked, id=13412, stack(0x000000e86d300000,0x000000e86d400000)]
  0x00000262a0a7d800 JavaThread "Unconstrained build operations Thread 57" [_thread_blocked, id=4372, stack(0x000000e86d400000,0x000000e86d500000)]
  0x00000262a0a7b000 JavaThread "Unconstrained build operations Thread 58" [_thread_blocked, id=14096, stack(0x000000e86d500000,0x000000e86d600000)]
  0x00000262a0a7d000 Thread [stack: 0x000000e86d600000,0x000000e86d700000] [id=5472]
  0x00000262a0a80000 JavaThread "Unconstrained build operations Thread 60" [_thread_blocked, id=4480, stack(0x000000e86d700000,0x000000e86d800000)]
  0x00000262a0a7a800 JavaThread "Unconstrained build operations Thread 61" [_thread_blocked, id=16680, stack(0x000000e86d800000,0x000000e86d900000)]
  0x00000262a0a81000 JavaThread "Unconstrained build operations Thread 62" [_thread_blocked, id=15220, stack(0x000000e86d900000,0x000000e86da00000)]
  0x00000262a0a7c000 JavaThread "Unconstrained build operations Thread 63" [_thread_blocked, id=2036, stack(0x000000e86da00000,0x000000e86db00000)]
  0x00000262a0b47000 JavaThread "Unconstrained build operations Thread 64" [_thread_blocked, id=6560, stack(0x000000e86db00000,0x000000e86dc00000)]
  0x00000262a0b47800 JavaThread "Unconstrained build operations Thread 65" [_thread_blocked, id=9632, stack(0x000000e86dc00000,0x000000e86dd00000)]
  0x00000262a0b49000 JavaThread "Unconstrained build operations Thread 66" [_thread_blocked, id=13716, stack(0x000000e86dd00000,0x000000e86de00000)]
  0x00000262a0b45000 JavaThread "Unconstrained build operations Thread 67" [_thread_in_Java, id=5140, stack(0x000000e86de00000,0x000000e86df00000)]
  0x00000262a0b44800 JavaThread "Unconstrained build operations Thread 68" [_thread_blocked, id=13460, stack(0x000000e86df00000,0x000000e86e000000)]
  0x00000262a0b4b800 JavaThread "Unconstrained build operations Thread 69" [_thread_blocked, id=13580, stack(0x000000e86e000000,0x000000e86e100000)]
  0x00000262a0b46000 JavaThread "Unconstrained build operations Thread 70" [_thread_blocked, id=4908, stack(0x000000e86e100000,0x000000e86e200000)]
  0x00000262a0b52000 JavaThread "Unconstrained build operations Thread 71" [_thread_blocked, id=15400, stack(0x000000e86e200000,0x000000e86e300000)]
  0x00000262a0b4d800 JavaThread "Unconstrained build operations Thread 72" [_thread_blocked, id=5564, stack(0x000000e86e300000,0x000000e86e400000)]
  0x00000262a0b4e000 JavaThread "Unconstrained build operations Thread 73" [_thread_blocked, id=10760, stack(0x000000e86e400000,0x000000e86e500000)]
  0x00000262a0b4c800 JavaThread "Unconstrained build operations Thread 74" [_thread_blocked, id=3932, stack(0x000000e86e500000,0x000000e86e600000)]
  0x00000262a0b50000 JavaThread "Unconstrained build operations Thread 75" [_thread_blocked, id=17344, stack(0x000000e86e600000,0x000000e86e700000)]
  0x00000262a0b53000 JavaThread "Unconstrained build operations Thread 76" [_thread_blocked, id=14700, stack(0x000000e86e700000,0x000000e86e800000)]
  0x00000262a0b51800 JavaThread "Unconstrained build operations Thread 77" [_thread_in_vm, id=2748, stack(0x000000e86e800000,0x000000e86e900000)]
  0x00000262a0b50800 JavaThread "Unconstrained build operations Thread 78" [_thread_blocked, id=11600, stack(0x000000e86e900000,0x000000e86ea00000)]
  0x00000262a0b54000 JavaThread "Unconstrained build operations Thread 79" [_thread_blocked, id=4432, stack(0x000000e86ea00000,0x000000e86eb00000)]
  0x00000262a0b54800 JavaThread "Unconstrained build operations Thread 80" [_thread_blocked, id=7508, stack(0x000000e86eb00000,0x000000e86ec00000)]
  0x00000262a0b4f000 JavaThread "Unconstrained build operations Thread 81" [_thread_in_vm, id=14776, stack(0x000000e86ec00000,0x000000e86ed00000)]
  0x00000262a0b57000 Thread [stack: 0x000000e86ed00000,0x000000e86ee00000] [id=11168]
  0x00000262a0b58000 JavaThread "Unconstrained build operations Thread 83" [_thread_blocked, id=16560, stack(0x000000e86ee00000,0x000000e86ef00000)]
  0x00000262a0b5b000 Thread [stack: 0x000000e86ef00000,0x000000e86f000000] [id=6524]
  0x00000262a0b5a800 JavaThread "Unconstrained build operations Thread 85" [_thread_blocked, id=14652, stack(0x000000e86f000000,0x000000e86f100000)]
  0x00000262a0b55800 Thread [stack: 0x000000e86f100000,0x000000e86f200000] [id=11148]
  0x00000262a0b59800 JavaThread "Unconstrained build operations Thread 87" [_thread_blocked, id=10604, stack(0x000000e86f200000,0x000000e86f300000)]
  0x00000262a0b5c000 JavaThread "Unconstrained build operations Thread 88" [_thread_blocked, id=3160, stack(0x000000e86f300000,0x000000e86f400000)]
  0x00000262a0b58800 JavaThread "Unconstrained build operations Thread 89" [_thread_in_vm, id=15152, stack(0x000000e86f400000,0x000000e86f500000)]
  0x00000262a0b56800 Thread [stack: 0x000000e86f500000,0x000000e86f600000] [id=6976]
  0x00000262a0b62800 JavaThread "Unconstrained build operations Thread 91" [_thread_blocked, id=13240, stack(0x000000e86f600000,0x000000e86f700000)]
  0x00000262a0b61800 JavaThread "Unconstrained build operations Thread 92" [_thread_blocked, id=17280, stack(0x000000e86f700000,0x000000e86f800000)]
  0x00000262a0b61000 JavaThread "Unconstrained build operations Thread 93" [_thread_blocked, id=4336, stack(0x000000e86f800000,0x000000e86f900000)]
  0x00000262a0b60000 Thread [stack: 0x000000e86f900000,0x000000e86fa00000] [id=13740]
  0x00000262a0b5f800 JavaThread "Unconstrained build operations Thread 95" [_thread_blocked, id=5880, stack(0x000000e86fa00000,0x000000e86fb00000)]
  0x00000262a0b5e800 JavaThread "Unconstrained build operations Thread 96" [_thread_blocked, id=12312, stack(0x000000e86fb00000,0x000000e86fc00000)]
  0x00000262a0b5d000 JavaThread "Unconstrained build operations Thread 97" [_thread_blocked, id=16048, stack(0x000000e86fc00000,0x000000e86fd00000)]
  0x00000262a0b63800 Thread [stack: 0x000000e86fd00000,0x000000e86fe00000] [id=13200]
  0x00000262a0b5d800 JavaThread "Unconstrained build operations Thread 99" [_thread_blocked, id=7864, stack(0x000000e86fe00000,0x000000e86ff00000)]
  0x00000262a7232000 JavaThread "Unconstrained build operations Thread 100" [_thread_blocked, id=11216, stack(0x000000e86ff00000,0x000000e870000000)]
  0x00000262a7233000 Thread [stack: 0x000000e870000000,0x000000e870100000] [id=13996]
  0x00000262a7230800 Thread [stack: 0x000000e870100000,0x000000e870200000] [id=15440]
  0x00000262a7233800 JavaThread "Unconstrained build operations Thread 103" [_thread_blocked, id=2040, stack(0x000000e870200000,0x000000e870300000)]
  0x00000262a722e800 JavaThread "Unconstrained build operations Thread 104" [_thread_blocked, id=15784, stack(0x000000e870300000,0x000000e870400000)]
  0x00000262a722e000 Thread [stack: 0x000000e870400000,0x000000e870500000] [id=7240]
  0x00000262a7234800 Thread [stack: 0x000000e870500000,0x000000e870600000] [id=12052]
  0x00000262a7235800 JavaThread "Unconstrained build operations Thread 107" [_thread_blocked, id=2708, stack(0x000000e870600000,0x000000e870700000)]
  0x00000262a722f800 JavaThread "Unconstrained build operations Thread 108" [_thread_in_vm, id=1220, stack(0x000000e870700000,0x000000e870800000)]
  0x00000262a7236000 JavaThread "Unconstrained build operations Thread 109" [_thread_blocked, id=1436, stack(0x000000e870800000,0x000000e870900000)]
  0x00000262a723c000 Thread [stack: 0x000000e870900000,0x000000e870a00000] [id=17052]
  0x00000262a7238800 Thread [stack: 0x000000e870a00000,0x000000e870b00000] [id=12856]
  0x00000262a7237000 Thread [stack: 0x000000e870b00000,0x000000e870c00000] [id=12992]
  0x00000262a723a000 JavaThread "Unconstrained build operations Thread 113" [_thread_blocked, id=6240, stack(0x000000e870c00000,0x000000e870d00000)]
  0x00000262a7239800 JavaThread "Unconstrained build operations Thread 114" [_thread_blocked, id=16968, stack(0x000000e870d00000,0x000000e870e00000)]
  0x00000262a723c800 JavaThread "Unconstrained build operations Thread 115" [_thread_blocked, id=13592, stack(0x000000e870e00000,0x000000e870f00000)]
  0x00000262a7237800 JavaThread "Unconstrained build operations Thread 116" [_thread_in_vm, id=3604, stack(0x000000e870f00000,0x000000e871000000)]
  0x00000262a723b000 Thread [stack: 0x000000e871000000,0x000000e871100000] [id=16900]
  0x00000262a7243000 Thread [stack: 0x000000e871100000,0x000000e871200000] [id=8032]
  0x00000262a7240000 JavaThread "Unconstrained build operations Thread 119" [_thread_blocked, id=12388, stack(0x000000e871200000,0x000000e871300000)]
  0x00000262a723f000 JavaThread "Unconstrained build operations Thread 120" [_thread_blocked, id=9368, stack(0x000000e871300000,0x000000e871400000)]
  0x00000262a42e1000 Thread [stack: 0x000000e872b00000,0x000000e872c00000] [id=13276]
  0x00000262a42dc000 Thread [stack: 0x000000e872d00000,0x000000e872e00000] [id=12456]
  0x00000262a42e0000 Thread [stack: 0x000000e872e00000,0x000000e872f00000] [id=15516]
  0x00000262a42db800 Thread [stack: 0x000000e872f00000,0x000000e873000000] [id=5512]
  0x00000262a42e2000 Thread [stack: 0x000000e873000000,0x000000e873100000] [id=15868]
  0x00000262a42de800 Thread [stack: 0x000000e873100000,0x000000e873200000] [id=12256]
  0x00000262a42e2800 Thread [stack: 0x000000e873200000,0x000000e873300000] [id=9660]
  0x00000262a42dd000 Thread [stack: 0x000000e873300000,0x000000e873400000] [id=2424]
  0x00000262a42e3800 Thread [stack: 0x000000e873400000,0x000000e873500000] [id=9868]
  0x00000262a42df800 Thread [stack: 0x000000e873500000,0x000000e873600000] [id=13568]
  0x00000262a42dd800 Thread [stack: 0x000000e873600000,0x000000e873700000] [id=4860]
  0x00000262a42ea000 Thread [stack: 0x000000e873700000,0x000000e873800000] [id=7560]
  0x00000262a42e5000 Thread [stack: 0x000000e873800000,0x000000e873900000] [id=12300]
  0x00000262a42e8800 Thread [stack: 0x000000e873900000,0x000000e873a00000] [id=6472]
  0x00000262a42e4800 Thread [stack: 0x000000e873a00000,0x000000e873b00000] [id=7724]
  0x00000262a3c80800 Thread [stack: 0x000000e873b00000,0x000000e873c00000] [id=10072]
  0x00000262a3c81000 Thread [stack: 0x000000e873c00000,0x000000e873d00000] [id=7928]
  0x00000262a3c83800 Thread [stack: 0x000000e873d00000,0x000000e873e00000] [id=15308]
  0x00000262a3c7e000 Thread [stack: 0x000000e873e00000,0x000000e873f00000] [id=7832]
  0x00000262a3c87000 Thread [stack: 0x000000e873f00000,0x000000e874000000] [id=0]
  0x00000262a3c86000 Thread [stack: 0x000000e874000000,0x000000e874100000] [id=-2147465784]
  0x00000262a3c87800 Thread [stack: 0x000000e874200000,0x000000e874300000] [id=8456]
  0x00000262a3c89800 JavaThread "ForkJoinPool.commonPool-worker-9" daemon [_thread_blocked, id=14984, stack(0x000000e874500000,0x000000e874600000)]
  0x00000262a3c84800 JavaThread "ForkJoinPool.commonPool-worker-29" daemon [_thread_blocked, id=16772, stack(0x000000e874900000,0x000000e874a00000)]
  0x00000262a3c8b000 JavaThread "ForkJoinPool.commonPool-worker-13" daemon [_thread_blocked, id=1484, stack(0x000000e874b00000,0x000000e874c00000)]
  0x00000262a3c84800 JavaThread "ForkJoinPool.commonPool-worker-29" daemon [_thread_blocked, id=16772, stack(0x000000e874900000,0x000000e874a00000)]
  0x00000262a3c8b000 JavaThread "ForkJoinPool.commonPool-worker-13" daemon [_thread_blocked, id=1484, stack(0x000000e874b00000,0x000000e874c00000)]

Other Threads:
  0x000002629ee7e800 VMThread "VM Thread" [stack: 0x000000e866d00000,0x000000e866e00000] [id=15372]
  0x000002629f986000 WatcherThread [stack: 0x000000e867700000,0x000000e867800000] [id=12088]
  0x00000262845c5000 GCTaskThread "GC Thread#0" [stack: 0x000000e866800000,0x000000e866900000] [id=1976]
  0x00000262a0526000 GCTaskThread "GC Thread#1" [stack: 0x000000e867900000,0x000000e867a00000] [id=13400]
  0x00000262a1e0e800 GCTaskThread "GC Thread#2" [stack: 0x000000e868300000,0x000000e868400000] [id=16408]
  0x00000262a1a5e000 GCTaskThread "GC Thread#3" [stack: 0x000000e868400000,0x000000e868500000] [id=13620]
  0x00000262a180c000 GCTaskThread "GC Thread#4" [stack: 0x000000e868500000,0x000000e868600000] [id=15760]
  0x00000262a126e800 GCTaskThread "GC Thread#5" [stack: 0x000000e868600000,0x000000e868700000] [id=11904]
  0x00000262a0c64800 GCTaskThread "GC Thread#6" [stack: 0x000000e868700000,0x000000e868800000] [id=8016]
  0x00000262a172a800 GCTaskThread "GC Thread#7" [stack: 0x000000e868800000,0x000000e868900000] [id=2940]
  0x00000262a204c800 GCTaskThread "GC Thread#8" [stack: 0x000000e868900000,0x000000e868a00000] [id=10056]
  0x00000262a204d000 GCTaskThread "GC Thread#9" [stack: 0x000000e868a00000,0x000000e868b00000] [id=17392]
  0x00000262845f8000 ConcurrentGCThread "G1 Main Marker" [stack: 0x000000e866900000,0x000000e866a00000] [id=8624]
  0x00000262845fa000 ConcurrentGCThread "G1 Conc#0" [stack: 0x000000e866a00000,0x000000e866b00000] [id=16468]
  0x00000262a214a000 ConcurrentGCThread "G1 Conc#1" [stack: 0x000000e868e00000,0x000000e868f00000] [id=9712]
  0x00000262a2149000 ConcurrentGCThread "G1 Conc#2" [stack: 0x000000e868f00000,0x000000e869000000] [id=2504]
  0x000002629ecd0800 ConcurrentGCThread "G1 Refine#0" [stack: 0x000000e866b00000,0x000000e866c00000] [id=8620]
  0x00000262a9d4e800 ConcurrentGCThread "G1 Refine#1" [stack: 0x000000e869000000,0x000000e869100000] [id=1420]
  0x000002629ecd1800 ConcurrentGCThread "G1 Young RemSet Sampling" [stack: 0x000000e866c00000,0x000000e866d00000] [id=5720]

Threads with active compile tasks:
C2 CompilerThread0 749406 16376   !   4       java.io.ObjectOutputStream::writeSerialData (221 bytes)

VM state:not at safepoint (normal execution)

VM Mutex/Monitor currently owned by a thread: None

Heap address: 0x0000000080000000, size: 2048 MB, Compressed Oops mode: 32-bit
Narrow klass base: 0x0000000000000000, Narrow klass shift: 3
Compressed class space size: 1073741824 Address: 0x0000000100000000

Heap:
 garbage-first heap   total 167936K, used 117059K [0x0000000080000000, 0x0000000100000000)
  region size 1024K, 6 young (6144K), 1 survivors (1024K)
 Metaspace       used 111975K, capacity 115059K, committed 115328K, reserved 1148928K
  class space    used 14558K, capacity 15726K, committed 15744K, reserved 1048576K
Heap Regions: E=young(eden), S=young(survivor), O=old, HS=humongous(starts), HC=humongous(continues), CS=collection set, F=free, A=archive, TAMS=top-at-mark-start (previous, next)
|   0|0x0000000080000000, 0x0000000080100000, 0x0000000080100000|100%| O|  |TAMS 0x0000000080100000, 0x0000000080000000| Complete 
|   1|0x0000000080100000, 0x0000000080200000, 0x0000000080200000|100%| O|  |TAMS 0x0000000080200000, 0x0000000080100000| Untracked 
|   2|0x0000000080200000, 0x0000000080300000, 0x0000000080300000|100%| O|  |TAMS 0x0000000080300000, 0x0000000080200000| Complete 
|   3|0x0000000080300000, 0x0000000080400000, 0x0000000080400000|100%|HS|  |TAMS 0x0000000080400000, 0x0000000080300000| Complete 
|   4|0x0000000080400000, 0x0000000080500000, 0x0000000080500000|100%|HC|  |TAMS 0x0000000080500000, 0x0000000080400000| Complete 
|   5|0x0000000080500000, 0x0000000080600000, 0x0000000080600000|100%|HC|  |TAMS 0x0000000080600000, 0x0000000080500000| Complete 
|   6|0x0000000080600000, 0x0000000080700000, 0x0000000080700000|100%| O|  |TAMS 0x0000000080700000, 0x0000000080600000| Untracked 
|   7|0x0000000080700000, 0x0000000080800000, 0x0000000080800000|100%| O|  |TAMS 0x0000000080800000, 0x0000000080700000| Untracked 
|   8|0x0000000080800000, 0x0000000080900000, 0x0000000080900000|100%| O|  |TAMS 0x0000000080900000, 0x0000000080800000| Untracked 
|   9|0x0000000080900000, 0x0000000080a00000, 0x0000000080a00000|100%| O|  |TAMS 0x0000000080a00000, 0x0000000080900000| Untracked 
|  10|0x0000000080a00000, 0x0000000080b00000, 0x0000000080b00000|100%| O|  |TAMS 0x0000000080b00000, 0x0000000080a00000| Untracked 
|  11|0x0000000080b00000, 0x0000000080c00000, 0x0000000080c00000|100%| O|  |TAMS 0x0000000080c00000, 0x0000000080b00000| Untracked 
|  12|0x0000000080c00000, 0x0000000080d00000, 0x0000000080d00000|100%| O|  |TAMS 0x0000000080d00000, 0x0000000080c00000| Complete 
|  13|0x0000000080d00000, 0x0000000080e00000, 0x0000000080e00000|100%| O|  |TAMS 0x0000000080e00000, 0x0000000080d00000| Untracked 
|  14|0x0000000080e00000, 0x0000000080f00000, 0x0000000080f00000|100%| O|  |TAMS 0x0000000080f00000, 0x0000000080e00000| Untracked 
|  15|0x0000000080f00000, 0x0000000081000000, 0x0000000081000000|100%| O|  |TAMS 0x0000000081000000, 0x0000000080f00000| Untracked 
|  16|0x0000000081000000, 0x0000000081100000, 0x0000000081100000|100%| O|  |TAMS 0x0000000081100000, 0x0000000081000000| Complete 
|  17|0x0000000081100000, 0x0000000081200000, 0x0000000081200000|100%| O|  |TAMS 0x0000000081200000, 0x0000000081100000| Complete 
|  18|0x0000000081200000, 0x0000000081300000, 0x0000000081300000|100%| O|  |TAMS 0x0000000081300000, 0x0000000081200000| Untracked 
|  19|0x0000000081300000, 0x0000000081400000, 0x0000000081400000|100%| O|  |TAMS 0x0000000081400000, 0x0000000081300000| Complete 
|  20|0x0000000081400000, 0x0000000081500000, 0x0000000081500000|100%| O|  |TAMS 0x0000000081500000, 0x0000000081400000| Untracked 
|  21|0x0000000081500000, 0x0000000081600000, 0x0000000081600000|100%| O|  |TAMS 0x0000000081600000, 0x0000000081500000| Complete 
|  22|0x0000000081600000, 0x0000000081700000, 0x0000000081700000|100%|HS|  |TAMS 0x0000000081700000, 0x0000000081600000| Complete 
|  23|0x0000000081700000, 0x0000000081800000, 0x0000000081800000|100%| O|  |TAMS 0x0000000081800000, 0x0000000081700000| Untracked 
|  24|0x0000000081800000, 0x0000000081900000, 0x0000000081900000|100%| O|  |TAMS 0x0000000081900000, 0x0000000081800000| Untracked 
|  25|0x0000000081900000, 0x0000000081a00000, 0x0000000081a00000|100%| O|  |TAMS 0x0000000081a00000, 0x0000000081900000| Untracked 
|  26|0x0000000081a00000, 0x0000000081b00000, 0x0000000081b00000|100%| O|  |TAMS 0x0000000081b00000, 0x0000000081a00000| Untracked 
|  27|0x0000000081b00000, 0x0000000081c00000, 0x0000000081c00000|100%| O|  |TAMS 0x0000000081c00000, 0x0000000081b00000| Untracked 
|  28|0x0000000081c00000, 0x0000000081d00000, 0x0000000081d00000|100%| O|  |TAMS 0x0000000081d00000, 0x0000000081c00000| Complete 
|  29|0x0000000081d00000, 0x0000000081e00000, 0x0000000081e00000|100%|HS|  |TAMS 0x0000000081e00000, 0x0000000081d00000| Complete 
|  30|0x0000000081e00000, 0x0000000081f00000, 0x0000000081f00000|100%|HS|  |TAMS 0x0000000081f00000, 0x0000000081e00000| Complete 
|  31|0x0000000081f00000, 0x0000000082000000, 0x0000000082000000|100%|HC|  |TAMS 0x0000000082000000, 0x0000000081f00000| Complete 
|  32|0x0000000082000000, 0x0000000082100000, 0x0000000082100000|100%| O|  |TAMS 0x0000000082100000, 0x0000000082000000| Untracked 
|  33|0x0000000082100000, 0x0000000082200000, 0x0000000082200000|100%| O|  |TAMS 0x0000000082200000, 0x0000000082100000| Untracked 
|  34|0x0000000082200000, 0x0000000082300000, 0x0000000082300000|100%| O|  |TAMS 0x0000000082300000, 0x0000000082200000| Untracked 
|  35|0x0000000082300000, 0x0000000082400000, 0x0000000082400000|100%| O|  |TAMS 0x0000000082400000, 0x0000000082300000| Untracked 
|  36|0x0000000082400000, 0x0000000082500000, 0x0000000082500000|100%| O|  |TAMS 0x0000000082500000, 0x0000000082400000| Complete 
|  37|0x0000000082500000, 0x0000000082600000, 0x0000000082600000|100%| O|  |TAMS 0x0000000082600000, 0x0000000082500000| Untracked 
|  38|0x0000000082600000, 0x0000000082700000, 0x0000000082700000|100%| O|  |TAMS 0x0000000082700000, 0x0000000082600000| Untracked 
|  39|0x0000000082700000, 0x0000000082800000, 0x0000000082800000|100%| O|  |TAMS 0x0000000082800000, 0x0000000082700000| Untracked 
|  40|0x0000000082800000, 0x0000000082900000, 0x0000000082900000|100%| O|  |TAMS 0x0000000082900000, 0x0000000082800000| Complete 
|  41|0x0000000082900000, 0x0000000082a00000, 0x0000000082a00000|100%| O|  |TAMS 0x0000000082a00000, 0x0000000082900000| Untracked 
|  42|0x0000000082a00000, 0x0000000082b00000, 0x0000000082b00000|100%| O|  |TAMS 0x0000000082b00000, 0x0000000082a00000| Complete 
|  43|0x0000000082b00000, 0x0000000082c00000, 0x0000000082c00000|100%| O|  |TAMS 0x0000000082c00000, 0x0000000082b00000| Complete 
|  44|0x0000000082c00000, 0x0000000082d00000, 0x0000000082d00000|100%| O|  |TAMS 0x0000000082d00000, 0x0000000082c00000| Complete 
|  45|0x0000000082d00000, 0x0000000082e00000, 0x0000000082e00000|100%| O|  |TAMS 0x0000000082e00000, 0x0000000082d00000| Untracked 
|  46|0x0000000082e00000, 0x0000000082f00000, 0x0000000082f00000|100%| O|  |TAMS 0x0000000082f00000, 0x0000000082e00000| Untracked 
|  47|0x0000000082f00000, 0x0000000083000000, 0x0000000083000000|100%| O|  |TAMS 0x0000000083000000, 0x0000000082f00000| Untracked 
|  48|0x0000000083000000, 0x0000000083100000, 0x0000000083100000|100%| O|  |TAMS 0x0000000083100000, 0x0000000083000000| Untracked 
|  49|0x0000000083100000, 0x0000000083200000, 0x0000000083200000|100%| O|  |TAMS 0x0000000083200000, 0x0000000083100000| Untracked 
|  50|0x0000000083200000, 0x0000000083300000, 0x0000000083300000|100%| O|  |TAMS 0x0000000083300000, 0x0000000083200000| Untracked 
|  51|0x0000000083300000, 0x0000000083400000, 0x0000000083400000|100%| O|  |TAMS 0x0000000083400000, 0x0000000083300000| Complete 
|  52|0x0000000083400000, 0x0000000083500000, 0x0000000083500000|100%| O|  |TAMS 0x0000000083500000, 0x0000000083400000| Untracked 
|  53|0x0000000083500000, 0x0000000083600000, 0x0000000083600000|100%| O|  |TAMS 0x0000000083600000, 0x0000000083500000| Untracked 
|  54|0x0000000083600000, 0x0000000083700000, 0x0000000083700000|100%| O|  |TAMS 0x0000000083700000, 0x0000000083600000| Complete 
|  55|0x0000000083700000, 0x0000000083800000, 0x0000000083800000|100%| O|  |TAMS 0x0000000083800000, 0x0000000083700000| Complete 
|  56|0x0000000083800000, 0x0000000083800000, 0x0000000083900000|  0%| F|  |TAMS 0x0000000083800000, 0x0000000083800000| Untracked 
|  57|0x0000000083900000, 0x0000000083a00000, 0x0000000083a00000|100%| O|  |TAMS 0x0000000083a00000, 0x0000000083900000| Complete 
|  58|0x0000000083a00000, 0x0000000083a00000, 0x0000000083b00000|  0%| F|  |TAMS 0x0000000083a00000, 0x0000000083a00000| Untracked 
|  59|0x0000000083b00000, 0x0000000083c00000, 0x0000000083c00000|100%| O|  |TAMS 0x0000000083c00000, 0x0000000083b00000| Complete 
|  60|0x0000000083c00000, 0x0000000083d00000, 0x0000000083d00000|100%| O|  |TAMS 0x0000000083d00000, 0x0000000083c00000| Complete 
|  61|0x0000000083d00000, 0x0000000083e00000, 0x0000000083e00000|100%| O|  |TAMS 0x0000000083e00000, 0x0000000083d00000| Complete 
|  62|0x0000000083e00000, 0x0000000083f00000, 0x0000000083f00000|100%| O|  |TAMS 0x0000000083f00000, 0x0000000083e00000| Untracked 
|  63|0x0000000083f00000, 0x0000000084000000, 0x0000000084000000|100%| O|  |TAMS 0x0000000084000000, 0x0000000083f00000| Complete 
|  64|0x0000000084000000, 0x0000000084100000, 0x0000000084100000|100%| O|  |TAMS 0x0000000084100000, 0x0000000084000000| Complete 
|  65|0x0000000084100000, 0x0000000084200000, 0x0000000084200000|100%| O|  |TAMS 0x0000000084200000, 0x0000000084100000| Complete 
|  66|0x0000000084200000, 0x0000000084300000, 0x0000000084300000|100%| O|  |TAMS 0x0000000084300000, 0x0000000084200000| Untracked 
|  67|0x0000000084300000, 0x0000000084400000, 0x0000000084400000|100%| O|  |TAMS 0x0000000084400000, 0x0000000084300000| Untracked 
|  68|0x0000000084400000, 0x0000000084500000, 0x0000000084500000|100%| O|  |TAMS 0x0000000084500000, 0x0000000084400000| Complete 
|  69|0x0000000084500000, 0x0000000084600000, 0x0000000084600000|100%| O|  |TAMS 0x0000000084600000, 0x0000000084500000| Complete 
|  70|0x0000000084600000, 0x0000000084700000, 0x0000000084700000|100%| O|  |TAMS 0x0000000084700000, 0x0000000084600000| Complete 
|  71|0x0000000084700000, 0x0000000084800000, 0x0000000084800000|100%| O|  |TAMS 0x0000000084800000, 0x0000000084700000| Untracked 
|  72|0x0000000084800000, 0x0000000084900000, 0x0000000084900000|100%| O|  |TAMS 0x0000000084900000, 0x0000000084800000| Complete 
|  73|0x0000000084900000, 0x0000000084a00000, 0x0000000084a00000|100%| O|  |TAMS 0x0000000084a00000, 0x0000000084900000| Untracked 
|  74|0x0000000084a00000, 0x0000000084b00000, 0x0000000084b00000|100%| O|  |TAMS 0x0000000084b00000, 0x0000000084a00000| Untracked 
|  75|0x0000000084b00000, 0x0000000084c00000, 0x0000000084c00000|100%| O|  |TAMS 0x0000000084c00000, 0x0000000084b00000| Untracked 
|  76|0x0000000084c00000, 0x0000000084d00000, 0x0000000084d00000|100%| O|  |TAMS 0x0000000084d00000, 0x0000000084c00000| Untracked 
|  77|0x0000000084d00000, 0x0000000084e00000, 0x0000000084e00000|100%| O|  |TAMS 0x0000000084e00000, 0x0000000084d00000| Complete 
|  78|0x0000000084e00000, 0x0000000084f00000, 0x0000000084f00000|100%| O|  |TAMS 0x0000000084f00000, 0x0000000084e00000| Untracked 
|  79|0x0000000084f00000, 0x0000000084f00000, 0x0000000085000000|  0%| F|  |TAMS 0x0000000084f00000, 0x0000000084f00000| Untracked 
|  80|0x0000000085000000, 0x0000000085100000, 0x0000000085100000|100%| O|  |TAMS 0x0000000085100000, 0x0000000085000000| Untracked 
|  81|0x0000000085100000, 0x0000000085200000, 0x0000000085200000|100%| O|  |TAMS 0x0000000085200000, 0x0000000085100000| Complete 
|  82|0x0000000085200000, 0x0000000085300000, 0x0000000085300000|100%| O|  |TAMS 0x0000000085300000, 0x0000000085200000| Untracked 
|  83|0x0000000085300000, 0x0000000085400000, 0x0000000085400000|100%| O|  |TAMS 0x0000000085400000, 0x0000000085300000| Complete 
|  84|0x0000000085400000, 0x0000000085500000, 0x0000000085500000|100%|HS|  |TAMS 0x0000000085500000, 0x0000000085400000| Complete 
|  85|0x0000000085500000, 0x0000000085600000, 0x0000000085600000|100%|HC|  |TAMS 0x0000000085600000, 0x0000000085500000| Complete 
|  86|0x0000000085600000, 0x0000000085700000, 0x0000000085700000|100%| O|  |TAMS 0x0000000085700000, 0x0000000085600000| Complete 
|  87|0x0000000085700000, 0x0000000085800000, 0x0000000085800000|100%| O|  |TAMS 0x0000000085800000, 0x0000000085700000| Untracked 
|  88|0x0000000085800000, 0x0000000085900000, 0x0000000085900000|100%| O|  |TAMS 0x0000000085900000, 0x0000000085800000| Untracked 
|  89|0x0000000085900000, 0x0000000085a00000, 0x0000000085a00000|100%| O|  |TAMS 0x0000000085a00000, 0x0000000085900000| Untracked 
|  90|0x0000000085a00000, 0x0000000085a7be00, 0x0000000085b00000| 48%| O|  |TAMS 0x0000000085a7be00, 0x0000000085a00000| Untracked 
|  91|0x0000000085b00000, 0x0000000085c00000, 0x0000000085c00000|100%|HS|  |TAMS 0x0000000085b00000, 0x0000000085b00000| Complete 
|  92|0x0000000085c00000, 0x0000000085d00000, 0x0000000085d00000|100%|HC|  |TAMS 0x0000000085c00000, 0x0000000085c00000| Complete 
|  93|0x0000000085d00000, 0x0000000085e00000, 0x0000000085e00000|100%| O|  |TAMS 0x0000000085e00000, 0x0000000085d00000| Complete 
|  94|0x0000000085e00000, 0x0000000085f00000, 0x0000000085f00000|100%| O|  |TAMS 0x0000000085f00000, 0x0000000085e00000| Complete 
|  95|0x0000000085f00000, 0x0000000086000000, 0x0000000086000000|100%|HS|  |TAMS 0x0000000085f00000, 0x0000000085f00000| Complete 
|  96|0x0000000086000000, 0x0000000086100000, 0x0000000086100000|100%|HC|  |TAMS 0x0000000086000000, 0x0000000086000000| Complete 
|  97|0x0000000086100000, 0x0000000086200000, 0x0000000086200000|100%|HS|  |TAMS 0x0000000086100000, 0x0000000086100000| Complete 
|  98|0x0000000086200000, 0x0000000086300000, 0x0000000086300000|100%|HC|  |TAMS 0x0000000086200000, 0x0000000086200000| Complete 
|  99|0x0000000086300000, 0x0000000086400000, 0x0000000086400000|100%|HS|  |TAMS 0x0000000086300000, 0x0000000086300000| Complete 
| 100|0x0000000086400000, 0x0000000086500000, 0x0000000086500000|100%|HC|  |TAMS 0x0000000086400000, 0x0000000086400000| Complete 
| 101|0x0000000086500000, 0x0000000086600000, 0x0000000086600000|100%|HS|  |TAMS 0x0000000086500000, 0x0000000086500000| Complete 
| 102|0x0000000086600000, 0x0000000086700000, 0x0000000086700000|100%|HC|  |TAMS 0x0000000086600000, 0x0000000086600000| Complete 
| 103|0x0000000086700000, 0x0000000086800000, 0x0000000086800000|100%|HS|  |TAMS 0x0000000086700000, 0x0000000086700000| Complete 
| 104|0x0000000086800000, 0x0000000086900000, 0x0000000086900000|100%|HC|  |TAMS 0x0000000086800000, 0x0000000086800000| Complete 
| 105|0x0000000086900000, 0x0000000086a00000, 0x0000000086a00000|100%|HS|  |TAMS 0x0000000086900000, 0x0000000086900000| Complete 
| 106|0x0000000086a00000, 0x0000000086b00000, 0x0000000086b00000|100%|HC|  |TAMS 0x0000000086a00000, 0x0000000086a00000| Complete 
| 107|0x0000000086b00000, 0x0000000086c00000, 0x0000000086c00000|100%|HS|  |TAMS 0x0000000086b00000, 0x0000000086b00000| Complete 
| 108|0x0000000086c00000, 0x0000000086d00000, 0x0000000086d00000|100%|HC|  |TAMS 0x0000000086c00000, 0x0000000086c00000| Complete 
| 109|0x0000000086d00000, 0x0000000086e00000, 0x0000000086e00000|100%|HS|  |TAMS 0x0000000086d00000, 0x0000000086d00000| Complete 
| 110|0x0000000086e00000, 0x0000000086f00000, 0x0000000086f00000|100%|HC|  |TAMS 0x0000000086e00000, 0x0000000086e00000| Complete 
| 111|0x0000000086f00000, 0x0000000087000000, 0x0000000087000000|100%|HS|  |TAMS 0x0000000086f00000, 0x0000000086f00000| Complete 
| 112|0x0000000087000000, 0x0000000087100000, 0x0000000087100000|100%|HC|  |TAMS 0x0000000087000000, 0x0000000087000000| Complete 
| 113|0x0000000087100000, 0x0000000087100000, 0x0000000087200000|  0%| F|  |TAMS 0x0000000087100000, 0x0000000087100000| Untracked 
| 114|0x0000000087200000, 0x0000000087200000, 0x0000000087300000|  0%| F|  |TAMS 0x0000000087200000, 0x0000000087200000| Untracked 
| 115|0x0000000087300000, 0x0000000087300000, 0x0000000087400000|  0%| F|  |TAMS 0x0000000087300000, 0x0000000087300000| Untracked 
| 116|0x0000000087400000, 0x0000000087400000, 0x0000000087500000|  0%| F|  |TAMS 0x0000000087400000, 0x0000000087400000| Untracked 
| 117|0x0000000087500000, 0x0000000087500000, 0x0000000087600000|  0%| F|  |TAMS 0x0000000087500000, 0x0000000087500000| Untracked 
| 118|0x0000000087600000, 0x0000000087600000, 0x0000000087700000|  0%| F|  |TAMS 0x0000000087600000, 0x0000000087600000| Untracked 
| 119|0x0000000087700000, 0x0000000087700000, 0x0000000087800000|  0%| F|  |TAMS 0x0000000087700000, 0x0000000087700000| Untracked 
| 120|0x0000000087800000, 0x0000000087800000, 0x0000000087900000|  0%| F|  |TAMS 0x0000000087800000, 0x0000000087800000| Untracked 
| 121|0x0000000087900000, 0x0000000087900000, 0x0000000087a00000|  0%| F|  |TAMS 0x0000000087900000, 0x0000000087900000| Untracked 
| 122|0x0000000087a00000, 0x0000000087a00000, 0x0000000087b00000|  0%| F|  |TAMS 0x0000000087a00000, 0x0000000087a00000| Untracked 
| 123|0x0000000087b00000, 0x0000000087b00000, 0x0000000087c00000|  0%| F|  |TAMS 0x0000000087b00000, 0x0000000087b00000| Untracked 
| 124|0x0000000087c00000, 0x0000000087c00000, 0x0000000087d00000|  0%| F|  |TAMS 0x0000000087c00000, 0x0000000087c00000| Untracked 
| 125|0x0000000087d00000, 0x0000000087d00000, 0x0000000087e00000|  0%| F|  |TAMS 0x0000000087d00000, 0x0000000087d00000| Untracked 
| 126|0x0000000087e00000, 0x0000000087e00000, 0x0000000087f00000|  0%| F|  |TAMS 0x0000000087e00000, 0x0000000087e00000| Untracked 
| 127|0x0000000087f00000, 0x0000000087f00000, 0x0000000088000000|  0%| F|  |TAMS 0x0000000087f00000, 0x0000000087f00000| Untracked 
| 128|0x0000000088000000, 0x0000000088000000, 0x0000000088100000|  0%| F|  |TAMS 0x0000000088000000, 0x0000000088000000| Untracked 
| 129|0x0000000088100000, 0x0000000088100000, 0x0000000088200000|  0%| F|  |TAMS 0x0000000088100000, 0x0000000088100000| Untracked 
| 130|0x0000000088200000, 0x0000000088200000, 0x0000000088300000|  0%| F|  |TAMS 0x0000000088200000, 0x0000000088200000| Untracked 
| 131|0x0000000088300000, 0x0000000088300000, 0x0000000088400000|  0%| F|  |TAMS 0x0000000088300000, 0x0000000088300000| Untracked 
| 132|0x0000000088400000, 0x0000000088400000, 0x0000000088500000|  0%| F|  |TAMS 0x0000000088400000, 0x0000000088400000| Untracked 
| 133|0x0000000088500000, 0x0000000088500000, 0x0000000088600000|  0%| F|  |TAMS 0x0000000088500000, 0x0000000088500000| Untracked 
| 134|0x0000000088600000, 0x0000000088600000, 0x0000000088700000|  0%| F|  |TAMS 0x0000000088600000, 0x0000000088600000| Untracked 
| 135|0x0000000088700000, 0x0000000088700000, 0x0000000088800000|  0%| F|  |TAMS 0x0000000088700000, 0x0000000088700000| Untracked 
| 136|0x0000000088800000, 0x0000000088800000, 0x0000000088900000|  0%| F|  |TAMS 0x0000000088800000, 0x0000000088800000| Untracked 
| 137|0x0000000088900000, 0x0000000088900000, 0x0000000088a00000|  0%| F|  |TAMS 0x0000000088900000, 0x0000000088900000| Untracked 
| 138|0x0000000088a00000, 0x0000000088a00000, 0x0000000088b00000|  0%| F|  |TAMS 0x0000000088a00000, 0x0000000088a00000| Untracked 
| 139|0x0000000088b00000, 0x0000000088b00000, 0x0000000088c00000|  0%| F|  |TAMS 0x0000000088b00000, 0x0000000088b00000| Untracked 
| 140|0x0000000088c00000, 0x0000000088c00000, 0x0000000088d00000|  0%| F|  |TAMS 0x0000000088c00000, 0x0000000088c00000| Untracked 
| 141|0x0000000088d00000, 0x0000000088d00000, 0x0000000088e00000|  0%| F|  |TAMS 0x0000000088d00000, 0x0000000088d00000| Untracked 
| 142|0x0000000088e00000, 0x0000000088e00000, 0x0000000088f00000|  0%| F|  |TAMS 0x0000000088e00000, 0x0000000088e00000| Untracked 
| 143|0x0000000088f00000, 0x0000000088f00000, 0x0000000089000000|  0%| F|  |TAMS 0x0000000088f00000, 0x0000000088f00000| Untracked 
| 144|0x0000000089000000, 0x0000000089000000, 0x0000000089100000|  0%| F|  |TAMS 0x0000000089000000, 0x0000000089000000| Untracked 
| 145|0x0000000089100000, 0x0000000089100000, 0x0000000089200000|  0%| F|  |TAMS 0x0000000089100000, 0x0000000089100000| Untracked 
| 146|0x0000000089200000, 0x0000000089200000, 0x0000000089300000|  0%| F|  |TAMS 0x0000000089200000, 0x0000000089200000| Untracked 
| 147|0x0000000089300000, 0x0000000089300000, 0x0000000089400000|  0%| F|  |TAMS 0x0000000089300000, 0x0000000089300000| Untracked 
| 148|0x0000000089400000, 0x0000000089400000, 0x0000000089500000|  0%| F|  |TAMS 0x0000000089400000, 0x0000000089400000| Untracked 
| 149|0x0000000089500000, 0x0000000089500000, 0x0000000089600000|  0%| F|  |TAMS 0x0000000089500000, 0x0000000089500000| Untracked 
| 150|0x0000000089600000, 0x00000000896d5198, 0x0000000089700000| 83%| S|CS|TAMS 0x0000000089600000, 0x0000000089600000| Complete 
| 151|0x0000000089700000, 0x0000000089700000, 0x0000000089800000|  0%| F|  |TAMS 0x0000000089700000, 0x0000000089700000| Untracked 
| 152|0x0000000089800000, 0x0000000089800000, 0x0000000089900000|  0%| F|  |TAMS 0x0000000089800000, 0x0000000089800000| Untracked 
| 153|0x0000000089900000, 0x0000000089900000, 0x0000000089a00000|  0%| F|  |TAMS 0x0000000089900000, 0x0000000089900000| Untracked 
| 154|0x0000000089a00000, 0x0000000089a00000, 0x0000000089b00000|  0%| F|  |TAMS 0x0000000089a00000, 0x0000000089a00000| Untracked 
| 155|0x0000000089b00000, 0x0000000089b00000, 0x0000000089c00000|  0%| F|  |TAMS 0x0000000089b00000, 0x0000000089b00000| Untracked 
| 156|0x0000000089c00000, 0x0000000089c00000, 0x0000000089d00000|  0%| F|  |TAMS 0x0000000089c00000, 0x0000000089c00000| Untracked 
| 157|0x0000000089d00000, 0x0000000089d00000, 0x0000000089e00000|  0%| F|  |TAMS 0x0000000089d00000, 0x0000000089d00000| Untracked 
| 158|0x0000000089e00000, 0x0000000089e00000, 0x0000000089f00000|  0%| F|  |TAMS 0x0000000089e00000, 0x0000000089e00000| Untracked 
| 159|0x0000000089f00000, 0x0000000089f1afc8, 0x000000008a000000| 10%| E|  |TAMS 0x0000000089f00000, 0x0000000089f00000| Complete 
| 160|0x000000008a000000, 0x000000008a100000, 0x000000008a100000|100%| E|CS|TAMS 0x000000008a000000, 0x000000008a000000| Complete 
| 161|0x000000008a100000, 0x000000008a200000, 0x000000008a200000|100%| E|CS|TAMS 0x000000008a100000, 0x000000008a100000| Complete 
| 162|0x000000008a200000, 0x000000008a300000, 0x000000008a300000|100%| E|CS|TAMS 0x000000008a200000, 0x000000008a200000| Complete 
| 163|0x000000008a300000, 0x000000008a400000, 0x000000008a400000|100%| E|CS|TAMS 0x000000008a300000, 0x000000008a300000| Complete 

Card table byte_map: [0x0000026297a10000,0x0000026297e10000] _byte_map_base: 0x0000026297610000

Marking Bits (Prev, Next): (CMBitMap*) 0x00000262845ef438, (CMBitMap*) 0x00000262845ef470
 Prev Bits: [0x0000026298210000, 0x000002629a210000)
 Next Bits: [0x000002629a210000, 0x000002629c210000)

Polling page: 0x0000026282560000

Metaspace:

Usage:
  Non-class:     97.00 MB capacity,    95.13 MB ( 98%) used,     1.50 MB (  2%) free+waste,   378.56 KB ( <1%) overhead. 
      Class:     15.36 MB capacity,    14.22 MB ( 93%) used,   996.78 KB (  6%) free+waste,   170.94 KB (  1%) overhead. 
       Both:    112.36 MB capacity,   109.35 MB ( 97%) used,     2.47 MB (  2%) free+waste,   549.50 KB ( <1%) overhead. 

Virtual space:
  Non-class space:       98.00 MB reserved,      97.25 MB (>99%) committed 
      Class space:        1.00 GB reserved,      15.38 MB (  2%) committed 
             Both:        1.10 GB reserved,     112.63 MB ( 10%) committed 

Chunk freelists:
   Non-Class:  3.00 KB
       Class:  0 bytes
        Both:  3.00 KB

MaxMetaspaceSize: 17179869184.00 GB
CompressedClassSpaceSize: 1.00 GB
Initial GC threshold: 20.80 MB
Current GC threshold: 187.29 MB
CDS: off

CodeHeap 'non-profiled nmethods': size=120000Kb used=8771Kb max_used=8771Kb free=111228Kb
 bounds [0x000002628fb80000, 0x0000026290420000, 0x00000262970b0000]
CodeHeap 'profiled nmethods': size=120000Kb used=31926Kb max_used=31926Kb free=88073Kb
 bounds [0x0000026288650000, 0x000002628a580000, 0x000002628fb80000]
CodeHeap 'non-nmethods': size=5760Kb used=2436Kb max_used=2502Kb free=3323Kb
 bounds [0x00000262880b0000, 0x0000026288350000, 0x0000026288650000]
 total_blobs=16929 nmethods=15974 adapters=866
 compilation: enabled
              stopped_count=0, restarted_count=0
 full_count=0

Compilation events (20 events):
Event: 748.221 Thread 0x000002629f809000 16462       2       sun.security.util.DerOutputStream::<init> (5 bytes)
Event: 748.221 Thread 0x000002629f809000 nmethod 16462 0x000002628a573a10 code [0x000002628a573bc0, 0x000002628a573cc8]
Event: 748.221 Thread 0x000002629f809000 16460   !   2       java.security.Provider$Service::getImplClass (186 bytes)
Event: 748.223 Thread 0x000002629f809000 nmethod 16460 0x000002628a573d90 code [0x000002628a5740e0, 0x000002628a574e28]
Event: 748.232 Thread 0x000002629f809000 16464       2       sun.security.jca.Providers::getProviderList (14 bytes)
Event: 748.236 Thread 0x000002629f809000 nmethod 16464 0x000002628a575890 code [0x000002628a575a40, 0x000002628a575ba8]
Event: 748.236 Thread 0x000002629f809000 16465       2       sun.security.jca.Providers::getThreadProviderList (18 bytes)
Event: 748.245 Thread 0x000002629f809000 nmethod 16465 0x000002628a575c90 code [0x000002628a575e40, 0x000002628a575fa8]
Event: 748.327 Thread 0x000002629f809000 16470       1       kotlin.sequences.FilteringSequence::access$getSequence$p (5 bytes)
Event: 748.327 Thread 0x000002629f809000 nmethod 16470 0x0000026290410990 code [0x0000026290410b40, 0x0000026290410bd8]
Event: 748.363 Thread 0x000002629f809000 16471       2       org.gradle.internal.execution.history.impl.DefaultPreviousExecutionStateSerializer::writeValueSnapshot (12 bytes)
Event: 748.363 Thread 0x000002629f809000 nmethod 16471 0x000002628a576090 code [0x000002628a576240, 0x000002628a576368]
Event: 748.363 Thread 0x000002629f809000 16472       2       org.gradle.internal.snapshot.impl.SnapshotSerializer::write (10 bytes)
Event: 748.364 Thread 0x000002629f809000 nmethod 16472 0x000002628a576410 code [0x000002628a5765c0, 0x000002628a576728]
Event: 748.364 Thread 0x000002629f809000 16473       2       org.gradle.api.internal.tasks.properties.ValidationActions::access$100 (6 bytes)
Event: 748.364 Thread 0x000002629f809000 nmethod 16473 0x000002628a576810 code [0x000002628a5769e0, 0x000002628a576b48]
Event: 748.365 Thread 0x000002629f809000 16474       2       java.util.stream.Collectors$$Lambda$919/0x0000000100afbc40::<init> (15 bytes)
Event: 748.365 Thread 0x000002629f809000 nmethod 16474 0x000002628a576c90 code [0x000002628a576e40, 0x000002628a576fd8]
Event: 748.365 Thread 0x000002629f809000 16475 %     3       java.io.ObjectOutputStream$HandleTable::growSpine @ 41 (67 bytes)
Event: 748.366 Thread 0x000002629f809000 nmethod 16475% 0x000002628a577090 code [0x000002628a577280, 0x000002628a577678]

GC Heap History (20 events):
Event: 517.612 GC heap before
{Heap before GC invocations=43 (full 0):
 garbage-first heap   total 167936K, used 100952K [0x0000000080000000, 0x0000000100000000)
  region size 1024K, 8 young (8192K), 5 survivors (5120K)
 Metaspace       used 110843K, capacity 113852K, committed 114048K, reserved 1146880K
  class space    used 14517K, capacity 15651K, committed 15744K, reserved 1048576K
}
Event: 517.647 GC heap after
{Heap after GC invocations=44 (full 0):
 garbage-first heap   total 167936K, used 95496K [0x0000000080000000, 0x0000000100000000)
  region size 1024K, 1 young (1024K), 1 survivors (1024K)
 Metaspace       used 110843K, capacity 113852K, committed 114048K, reserved 1146880K
  class space    used 14517K, capacity 15651K, committed 15744K, reserved 1048576K
}
Event: 518.143 GC heap before
{Heap before GC invocations=44 (full 0):
 garbage-first heap   total 167936K, used 115976K [0x0000000080000000, 0x0000000100000000)
  region size 1024K, 23 young (23552K), 1 survivors (1024K)
 Metaspace       used 110975K, capacity 114002K, committed 114304K, reserved 1148928K
  class space    used 14519K, capacity 15655K, committed 15744K, reserved 1048576K
}
Event: 518.152 GC heap after
{Heap after GC invocations=45 (full 0):
 garbage-first heap   total 167936K, used 98149K [0x0000000080000000, 0x0000000100000000)
  region size 1024K, 4 young (4096K), 4 survivors (4096K)
 Metaspace       used 110975K, capacity 114002K, committed 114304K, reserved 1148928K
  class space    used 14519K, capacity 15655K, committed 15744K, reserved 1048576K
}
Event: 518.975 GC heap before
{Heap before GC invocations=46 (full 0):
 garbage-first heap   total 167936K, used 136037K [0x0000000080000000, 0x0000000100000000)
  region size 1024K, 41 young (41984K), 4 survivors (4096K)
 Metaspace       used 111176K, capacity 114242K, committed 114560K, reserved 1148928K
  class space    used 14529K, capacity 15674K, committed 15744K, reserved 1048576K
}
Event: 518.980 GC heap after
{Heap after GC invocations=47 (full 0):
 garbage-first heap   total 167936K, used 98246K [0x0000000080000000, 0x0000000100000000)
  region size 1024K, 3 young (3072K), 3 survivors (3072K)
 Metaspace       used 111176K, capacity 114242K, committed 114560K, reserved 1148928K
  class space    used 14529K, capacity 15674K, committed 15744K, reserved 1048576K
}
Event: 519.009 GC heap before
{Heap before GC invocations=47 (full 0):
 garbage-first heap   total 167936K, used 103366K [0x0000000080000000, 0x0000000100000000)
  region size 1024K, 8 young (8192K), 3 survivors (3072K)
 Metaspace       used 111202K, capacity 114243K, committed 114560K, reserved 1148928K
  class space    used 14529K, capacity 15674K, committed 15744K, reserved 1048576K
}
Event: 519.018 GC heap after
{Heap after GC invocations=48 (full 0):
 garbage-first heap   total 167936K, used 89873K [0x0000000080000000, 0x0000000100000000)
  region size 1024K, 1 young (1024K), 1 survivors (1024K)
 Metaspace       used 111202K, capacity 114243K, committed 114560K, reserved 1148928K
  class space    used 14529K, capacity 15674K, committed 15744K, reserved 1048576K
}
Event: 519.144 GC heap before
{Heap before GC invocations=48 (full 0):
 garbage-first heap   total 167936K, used 100113K [0x0000000080000000, 0x0000000100000000)
  region size 1024K, 13 young (13312K), 1 survivors (1024K)
 Metaspace       used 111269K, capacity 114316K, committed 114560K, reserved 1148928K
  class space    used 14530K, capacity 15676K, committed 15744K, reserved 1048576K
}
Event: 519.147 GC heap after
{Heap after GC invocations=49 (full 0):
 garbage-first heap   total 167936K, used 89778K [0x0000000080000000, 0x0000000100000000)
  region size 1024K, 1 young (1024K), 1 survivors (1024K)
 Metaspace       used 111269K, capacity 114316K, committed 114560K, reserved 1148928K
  class space    used 14530K, capacity 15676K, committed 15744K, reserved 1048576K
}
Event: 746.311 GC heap before
{Heap before GC invocations=50 (full 0):
 garbage-first heap   total 167936K, used 154290K [0x0000000080000000, 0x0000000100000000)
  region size 1024K, 45 young (46080K), 1 survivors (1024K)
 Metaspace       used 111564K, capacity 114678K, committed 114816K, reserved 1148928K
  class space    used 14539K, capacity 15693K, committed 15744K, reserved 1048576K
}
Event: 746.349 GC heap after
{Heap after GC invocations=51 (full 0):
 garbage-first heap   total 167936K, used 93800K [0x0000000080000000, 0x0000000100000000)
  region size 1024K, 5 young (5120K), 5 survivors (5120K)
 Metaspace       used 111564K, capacity 114678K, committed 114816K, reserved 1148928K
  class space    used 14539K, capacity 15693K, committed 15744K, reserved 1048576K
}
Event: 746.901 GC heap before
{Heap before GC invocations=51 (full 0):
 garbage-first heap   total 167936K, used 114280K [0x0000000080000000, 0x0000000100000000)
  region size 1024K, 27 young (27648K), 5 survivors (5120K)
 Metaspace       used 111680K, capacity 114757K, committed 114816K, reserved 1148928K
  class space    used 14553K, capacity 15718K, committed 15744K, reserved 1048576K
}
Event: 746.934 GC heap after
{Heap after GC invocations=52 (full 0):
 garbage-first heap   total 167936K, used 96969K [0x0000000080000000, 0x0000000100000000)
  region size 1024K, 4 young (4096K), 4 survivors (4096K)
 Metaspace       used 111680K, capacity 114757K, committed 114816K, reserved 1148928K
  class space    used 14553K, capacity 15718K, committed 15744K, reserved 1048576K
}
Event: 747.826 GC heap before
{Heap before GC invocations=53 (full 0):
 garbage-first heap   total 167936K, used 132809K [0x0000000080000000, 0x0000000100000000)
  region size 1024K, 39 young (39936K), 4 survivors (4096K)
 Metaspace       used 111808K, capacity 114891K, committed 115072K, reserved 1148928K
  class space    used 14554K, capacity 15719K, committed 15744K, reserved 1048576K
}
Event: 747.836 GC heap after
{Heap after GC invocations=54 (full 0):
 garbage-first heap   total 167936K, used 97690K [0x0000000080000000, 0x0000000100000000)
  region size 1024K, 2 young (2048K), 2 survivors (2048K)
 Metaspace       used 111808K, capacity 114891K, committed 115072K, reserved 1148928K
  class space    used 14554K, capacity 15719K, committed 15744K, reserved 1048576K
}
Event: 748.041 GC heap before
{Heap before GC invocations=54 (full 0):
 garbage-first heap   total 167936K, used 103834K [0x0000000080000000, 0x0000000100000000)
  region size 1024K, 8 young (8192K), 2 survivors (2048K)
 Metaspace       used 111839K, capacity 114961K, committed 115072K, reserved 1148928K
  class space    used 14554K, capacity 15719K, committed 15744K, reserved 1048576K
}
Event: 748.061 GC heap after
{Heap after GC invocations=55 (full 0):
 garbage-first heap   total 167936K, used 92370K [0x0000000080000000, 0x0000000100000000)
  region size 1024K, 1 young (1024K), 1 survivors (1024K)
 Metaspace       used 111839K, capacity 114961K, committed 115072K, reserved 1148928K
  class space    used 14554K, capacity 15719K, committed 15744K, reserved 1048576K
}
Event: 748.233 GC heap before
{Heap before GC invocations=55 (full 0):
 garbage-first heap   total 167936K, used 102610K [0x0000000080000000, 0x0000000100000000)
  region size 1024K, 13 young (13312K), 1 survivors (1024K)
 Metaspace       used 111957K, capacity 115053K, committed 115072K, reserved 1148928K
  class space    used 14557K, capacity 15725K, committed 15744K, reserved 1048576K
}
Event: 748.236 GC heap after
{Heap after GC invocations=56 (full 0):
 garbage-first heap   total 167936K, used 92483K [0x0000000080000000, 0x0000000100000000)
  region size 1024K, 1 young (1024K), 1 survivors (1024K)
 Metaspace       used 111957K, capacity 115053K, committed 115072K, reserved 1148928K
  class space    used 14557K, capacity 15725K, committed 15744K, reserved 1048576K
}

Deoptimization events (20 events):
Event: 748.315 Thread 0x00000262a42e4800 DEOPT PACKING pc=0x0000026289c170b2 sp=0x000000e873afcca0
Event: 748.315 Thread 0x00000262a42e4800 DEOPT UNPACKING pc=0x00000262880fa95e sp=0x000000e873afc150 mode 0
Event: 748.316 Thread 0x00000262a42e4800 DEOPT PACKING pc=0x0000026289c170b2 sp=0x000000e873afccf0
Event: 748.316 Thread 0x00000262a42e4800 DEOPT UNPACKING pc=0x00000262880fa95e sp=0x000000e873afc1b0 mode 0
Event: 748.316 Thread 0x00000262a42e4800 DEOPT PACKING pc=0x0000026289c17941 sp=0x000000e873afccc0
Event: 748.316 Thread 0x00000262a42e4800 DEOPT UNPACKING pc=0x00000262880fa95e sp=0x000000e873afc138 mode 0
Event: 748.316 Thread 0x00000262a42e4800 DEOPT PACKING pc=0x0000026289c17941 sp=0x000000e873afccc0
Event: 748.317 Thread 0x00000262a42e4800 DEOPT UNPACKING pc=0x00000262880fa95e sp=0x000000e873afc138 mode 0
Event: 748.317 Thread 0x00000262a42e4800 DEOPT PACKING pc=0x0000026289c170b2 sp=0x000000e873afccf0
Event: 748.317 Thread 0x00000262a42e4800 DEOPT UNPACKING pc=0x00000262880fa95e sp=0x000000e873afc1b0 mode 0
Event: 748.317 Thread 0x00000262a42e4800 DEOPT PACKING pc=0x0000026289c17941 sp=0x000000e873afccc0
Event: 748.317 Thread 0x00000262a42e4800 DEOPT UNPACKING pc=0x00000262880fa95e sp=0x000000e873afc138 mode 0
Event: 748.317 Thread 0x00000262a42e4800 DEOPT PACKING pc=0x0000026289c170b2 sp=0x000000e873afcca0
Event: 748.317 Thread 0x00000262a42e4800 DEOPT UNPACKING pc=0x00000262880fa95e sp=0x000000e873afc150 mode 0
Event: 748.318 Thread 0x00000262a42e4800 DEOPT PACKING pc=0x0000026289c17941 sp=0x000000e873afccc0
Event: 748.318 Thread 0x00000262a42e4800 DEOPT UNPACKING pc=0x00000262880fa95e sp=0x000000e873afc138 mode 0
Event: 748.326 Thread 0x00000262a723d800 Uncommon trap: trap_request=0xffffffde fr.pc=0x0000026290253684 relative=0x0000000000000864
Event: 748.326 Thread 0x00000262a723d800 Uncommon trap: reason=class_check action=maybe_recompile pc=0x0000026290253684 method=org.gradle.internal.resources.DefaultResourceLockCoordinationService$AcquireLocks.transform(Lorg/gradle/internal/resources/ResourceLockState;)Lorg/gradle/internal/resour
Event: 748.326 Thread 0x00000262a723d800 DEOPT PACKING pc=0x0000026290253684 sp=0x000000e871ffb5b0
Event: 748.326 Thread 0x00000262a723d800 DEOPT UNPACKING pc=0x00000262880fa1af sp=0x000000e871ffb590 mode 2

Classes redefined (0 events):
No events

Internal exceptions (20 events):
Event: 747.589 Thread 0x00000262a723d800 Exception <a 'sun/nio/fs/WindowsException'{0x00000000887a4158}> (0x00000000887a4158) thrown at [./src/hotspot/share/prims/jni.cpp, line 615]
Event: 747.589 Thread 0x00000262a723d800 Exception <a 'sun/nio/fs/WindowsException'{0x00000000887a4298}> (0x00000000887a4298) thrown at [./src/hotspot/share/prims/jni.cpp, line 615]
Event: 747.599 Thread 0x00000262a723d800 Exception <a 'sun/nio/fs/WindowsException'{0x00000000887f3ad8}> (0x00000000887f3ad8) thrown at [./src/hotspot/share/prims/jni.cpp, line 615]
Event: 747.599 Thread 0x00000262a723d800 Exception <a 'sun/nio/fs/WindowsException'{0x00000000887f3c28}> (0x00000000887f3c28) thrown at [./src/hotspot/share/prims/jni.cpp, line 615]
Event: 747.613 Thread 0x00000262a723d800 Exception <a 'sun/nio/fs/WindowsException'{0x0000000088678e38}> (0x0000000088678e38) thrown at [./src/hotspot/share/prims/jni.cpp, line 615]
Event: 747.613 Thread 0x00000262a723d800 Exception <a 'sun/nio/fs/WindowsException'{0x0000000088678f78}> (0x0000000088678f78) thrown at [./src/hotspot/share/prims/jni.cpp, line 615]
Event: 747.632 Thread 0x00000262a723d800 Exception <a 'sun/nio/fs/WindowsException'{0x00000000886ef0e0}> (0x00000000886ef0e0) thrown at [./src/hotspot/share/prims/jni.cpp, line 615]
Event: 747.633 Thread 0x00000262a723d800 Exception <a 'sun/nio/fs/WindowsException'{0x00000000886ef230}> (0x00000000886ef230) thrown at [./src/hotspot/share/prims/jni.cpp, line 615]
Event: 747.639 Thread 0x00000262a723d800 Exception <a 'sun/nio/fs/WindowsException'{0x000000008851fd98}> (0x000000008851fd98) thrown at [./src/hotspot/share/prims/jni.cpp, line 615]
Event: 747.639 Thread 0x00000262a723d800 Exception <a 'sun/nio/fs/WindowsException'{0x000000008851ff08}> (0x000000008851ff08) thrown at [./src/hotspot/share/prims/jni.cpp, line 615]
Event: 747.689 Thread 0x00000262a723d800 Exception <a 'sun/nio/fs/WindowsException'{0x00000000882422f0}> (0x00000000882422f0) thrown at [./src/hotspot/share/prims/jni.cpp, line 615]
Event: 747.698 Thread 0x00000262a723d800 Exception <a 'sun/nio/fs/WindowsException'{0x0000000088249e18}> (0x0000000088249e18) thrown at [./src/hotspot/share/prims/jni.cpp, line 615]
Event: 747.705 Thread 0x00000262a723d800 Exception <a 'sun/nio/fs/WindowsException'{0x000000008824fb10}> (0x000000008824fb10) thrown at [./src/hotspot/share/prims/jni.cpp, line 615]
Event: 747.711 Thread 0x00000262a723d800 Exception <a 'sun/nio/fs/WindowsException'{0x00000000882569a0}> (0x00000000882569a0) thrown at [./src/hotspot/share/prims/jni.cpp, line 615]
Event: 748.035 Thread 0x00000262a3c81000 Exception <a 'sun/nio/fs/WindowsException'{0x0000000089f9cb38}> (0x0000000089f9cb38) thrown at [./src/hotspot/share/prims/jni.cpp, line 615]
Event: 748.037 Thread 0x00000262a42e6800 Exception <a 'sun/nio/fs/WindowsException'{0x0000000089fb5c68}> (0x0000000089fb5c68) thrown at [./src/hotspot/share/prims/jni.cpp, line 615]
Event: 748.083 Thread 0x00000262a42e6800 Exception <a 'sun/nio/fs/WindowsException'{0x000000008a198f80}> (0x000000008a198f80) thrown at [./src/hotspot/share/prims/jni.cpp, line 615]
Event: 748.085 Thread 0x00000262a3c81000 Exception <a 'sun/nio/fs/WindowsException'{0x000000008a1ed9f8}> (0x000000008a1ed9f8) thrown at [./src/hotspot/share/prims/jni.cpp, line 615]
Event: 748.133 Thread 0x00000262a3c8a000 Exception <a 'sun/nio/fs/WindowsException'{0x0000000089fcc430}> (0x0000000089fcc430) thrown at [./src/hotspot/share/prims/jni.cpp, line 615]
Event: 748.147 Thread 0x00000262a3c8a000 Exception <a 'sun/nio/fs/WindowsException'{0x0000000089e87d08}> (0x0000000089e87d08) thrown at [./src/hotspot/share/prims/jni.cpp, line 615]

Events (20 events):
Event: 748.239 Executing VM operation: RevokeBias done
Event: 748.239 Executing VM operation: RevokeBias
Event: 748.245 Executing VM operation: RevokeBias done
Event: 748.245 Thread 0x00000262a3c89800 Thread added: 0x00000262a3c89800
Event: 748.245 Thread 0x00000262a3c84800 Thread added: 0x00000262a3c84800
Event: 748.246 Thread 0x00000262a3c8b000 Thread added: 0x00000262a3c8b000
Event: 748.294 Executing VM operation: CGC_Operation
Event: 748.303 Executing VM operation: CGC_Operation done
Event: 748.329 Executing VM operation: CGC_Operation
Event: 748.329 Executing VM operation: CGC_Operation done
Event: 748.366 Executing VM operation: RevokeBias
Event: 748.366 Executing coalesced safepoint VM operation: RevokeBias
Event: 748.366 Executing coalesced safepoint VM operation: RevokeBias done
Event: 748.366 Executing coalesced safepoint VM operation: RevokeBias
Event: 748.366 Executing coalesced safepoint VM operation: RevokeBias done
Event: 748.366 Executing coalesced safepoint VM operation: RevokeBias
Event: 748.367 Executing coalesced safepoint VM operation: RevokeBias done
Event: 748.367 Executing VM operation: RevokeBias done
Event: 748.367 Executing VM operation: RevokeBias
Event: 748.367 Thread 0x00000262a7249800 Thread exited: 0x00000262a7249800


Dynamic libraries:
0x00007ff7a6220000 - 0x00007ff7a622a000 	C:\Program Files\Android\Android Studio\jre\bin\java.exe
0x00007ffe5f1d0000 - 0x00007ffe5f3e9000 	C:\WINDOWS\SYSTEM32\ntdll.dll
0x00007ffe5d530000 - 0x00007ffe5d5f2000 	C:\WINDOWS\System32\KERNEL32.DLL
0x00007ffe5c620000 - 0x00007ffe5c9bf000 	C:\WINDOWS\System32\KERNELBASE.dll
0x00007ffe5cd00000 - 0x00007ffe5ce1b000 	C:\WINDOWS\System32\ucrtbase.dll
0x00007ffe3f1d0000 - 0x00007ffe3f1e9000 	C:\Program Files\Android\Android Studio\jre\bin\jli.dll
0x00007ffe571a0000 - 0x00007ffe571b7000 	C:\Program Files\Android\Android Studio\jre\bin\VCRUNTIME140.dll
0x00007ffe5e790000 - 0x00007ffe5e93c000 	C:\WINDOWS\System32\USER32.dll
0x00007ffe5cbb0000 - 0x00007ffe5cbd6000 	C:\WINDOWS\System32\win32u.dll
0x00007ffe42e70000 - 0x00007ffe43101000 	C:\WINDOWS\WinSxS\amd64_microsoft.windows.common-controls_6595b64144ccf1df_6.0.25217.1010_none_7b5ae231f1b4915b\COMCTL32.dll
0x00007ffe5db90000 - 0x00007ffe5dbb9000 	C:\WINDOWS\System32\GDI32.dll
0x00007ffe5df50000 - 0x00007ffe5dff7000 	C:\WINDOWS\System32\msvcrt.dll
0x00007ffe5cbe0000 - 0x00007ffe5ccf6000 	C:\WINDOWS\System32\gdi32full.dll
0x00007ffe5ca90000 - 0x00007ffe5cb2a000 	C:\WINDOWS\System32\msvcp_win.dll
0x00007ffe5d630000 - 0x00007ffe5d661000 	C:\WINDOWS\System32\IMM32.DLL
0x00007ffe15de0000 - 0x00007ffe15e7d000 	C:\Program Files\Android\Android Studio\jre\bin\msvcp140.dll
0x00007ffe17be0000 - 0x00007ffe186c5000 	C:\Program Files\Android\Android Studio\jre\bin\server\jvm.dll
0x00007ffe5e000000 - 0x00007ffe5e0ae000 	C:\WINDOWS\System32\ADVAPI32.dll
0x00007ffe5d470000 - 0x00007ffe5d516000 	C:\WINDOWS\System32\sechost.dll
0x00007ffe5e0b0000 - 0x00007ffe5e1d7000 	C:\WINDOWS\System32\RPCRT4.dll
0x00007ffe5dbc0000 - 0x00007ffe5dbc8000 	C:\WINDOWS\System32\PSAPI.DLL
0x00007ffe35bc0000 - 0x00007ffe35bc9000 	C:\WINDOWS\SYSTEM32\WSOCK32.dll
0x00007ffe52cc0000 - 0x00007ffe52cca000 	C:\WINDOWS\SYSTEM32\VERSION.dll
0x00007ffe5e270000 - 0x00007ffe5e2df000 	C:\WINDOWS\System32\WS2_32.dll
0x00007ffe559f0000 - 0x00007ffe55a25000 	C:\WINDOWS\SYSTEM32\WINMM.dll
0x00007ffe5b560000 - 0x00007ffe5b578000 	C:\WINDOWS\SYSTEM32\kernel.appcore.dll
0x00007ffe56900000 - 0x00007ffe56911000 	C:\Program Files\Android\Android Studio\jre\bin\verify.dll
0x00007ffe5a0e0000 - 0x00007ffe5a313000 	C:\WINDOWS\SYSTEM32\DBGHELP.DLL
0x00007ffe5e320000 - 0x00007ffe5e6a3000 	C:\WINDOWS\System32\combase.dll
0x00007ffe5e6b0000 - 0x00007ffe5e788000 	C:\WINDOWS\System32\OLEAUT32.dll
0x00007ffe4a6b0000 - 0x00007ffe4a6e2000 	C:\WINDOWS\SYSTEM32\dbgcore.DLL
0x00007ffe5cb30000 - 0x00007ffe5cba9000 	C:\WINDOWS\System32\bcryptPrimitives.dll
0x00007ffe55cb0000 - 0x00007ffe55cd9000 	C:\Program Files\Android\Android Studio\jre\bin\java.dll
0x00007ffe568f0000 - 0x00007ffe568fb000 	C:\Program Files\Android\Android Studio\jre\bin\jimage.dll
0x00007ffe55c30000 - 0x00007ffe55c48000 	C:\Program Files\Android\Android Studio\jre\bin\zip.dll
0x00007ffe5e9b0000 - 0x00007ffe5f17f000 	C:\WINDOWS\System32\SHELL32.dll
0x00007ffe5a500000 - 0x00007ffe5ad95000 	C:\WINDOWS\SYSTEM32\windows.storage.dll
0x00007ffe5a360000 - 0x00007ffe5a4f3000 	C:\WINDOWS\SYSTEM32\wintypes.dll
0x00007ffe5dbd0000 - 0x00007ffe5dcbb000 	C:\WINDOWS\System32\SHCORE.dll
0x00007ffe5d670000 - 0x00007ffe5d6cd000 	C:\WINDOWS\System32\shlwapi.dll
0x00007ffe5c4e0000 - 0x00007ffe5c501000 	C:\WINDOWS\SYSTEM32\profapi.dll
0x00007ffe55c10000 - 0x00007ffe55c2a000 	C:\Program Files\Android\Android Studio\jre\bin\net.dll
0x00007ffe55810000 - 0x00007ffe5593b000 	C:\WINDOWS\SYSTEM32\WINHTTP.dll
0x00007ffe5ba10000 - 0x00007ffe5ba79000 	C:\WINDOWS\system32\mswsock.dll
0x00007ffe17790000 - 0x00007ffe177a4000 	C:\Program Files\Android\Android Studio\jre\bin\nio.dll
0x00007ffe2d540000 - 0x00007ffe2d567000 	C:\Users\LENOVO\.gradle\native\e1d6ef7f7dcc3fd88c89a11ec53ec762bb8ba0a96d01ffa2cd45eb1d1d8dd5c5\windows-amd64\native-platform.dll
0x00007ffe12c00000 - 0x00007ffe12d44000 	C:\Users\LENOVO\.gradle\native\5664cfc778a61ccfe75a443a1ab52a65af34e5dc3c78e0209fed803814484fcb\windows-amd64\native-platform-file-events.dll
0x00007ffe44f60000 - 0x00007ffe44f6a000 	C:\Program Files\Android\Android Studio\jre\bin\management.dll
0x00007ffe31960000 - 0x00007ffe3196d000 	C:\Program Files\Android\Android Studio\jre\bin\management_ext.dll
0x00007ffe5bca0000 - 0x00007ffe5bcbb000 	C:\WINDOWS\SYSTEM32\CRYPTSP.dll
0x00007ffe5b4c0000 - 0x00007ffe5b4f4000 	C:\WINDOWS\system32\rsaenh.dll
0x00007ffe5bb30000 - 0x00007ffe5bb58000 	C:\WINDOWS\SYSTEM32\USERENV.dll
0x00007ffe5bec0000 - 0x00007ffe5bee8000 	C:\WINDOWS\SYSTEM32\bcrypt.dll
0x00007ffe5bc90000 - 0x00007ffe5bc9c000 	C:\WINDOWS\SYSTEM32\CRYPTBASE.dll
0x00007ffe5b040000 - 0x00007ffe5b06e000 	C:\WINDOWS\SYSTEM32\IPHLPAPI.DLL
0x00007ffe5de00000 - 0x00007ffe5de09000 	C:\WINDOWS\System32\NSI.dll
0x00007ffe552b0000 - 0x00007ffe552c9000 	C:\WINDOWS\SYSTEM32\dhcpcsvc6.DLL
0x00007ffe55260000 - 0x00007ffe5527f000 	C:\WINDOWS\SYSTEM32\dhcpcsvc.DLL
0x00007ffe5b0d0000 - 0x00007ffe5b1cf000 	C:\WINDOWS\SYSTEM32\DNSAPI.dll
0x00007ffe17220000 - 0x00007ffe17247000 	C:\Program Files\Android\Android Studio\jre\bin\sunec.dll

dbghelp: loaded successfully - version: 4.0.5 - missing functions: none
symbol engine: initialized successfully - sym options: 0x614 - pdb path: .;C:\Program Files\Android\Android Studio\jre\bin;C:\WINDOWS\SYSTEM32;C:\WINDOWS\WinSxS\amd64_microsoft.windows.common-controls_6595b64144ccf1df_6.0.25217.1010_none_7b5ae231f1b4915b;C:\Program Files\Android\Android Studio\jre\bin\server;C:\Users\LENOVO\.gradle\native\e1d6ef7f7dcc3fd88c89a11ec53ec762bb8ba0a96d01ffa2cd45eb1d1d8dd5c5\windows-amd64;C:\Users\LENOVO\.gradle\native\5664cfc778a61ccfe75a443a1ab52a65af34e5dc3c78e0209fed803814484fcb\windows-amd64

VM Arguments:
jvm_args: --add-opens=java.base/java.util=ALL-UNNAMED --add-opens=java.base/java.lang=ALL-UNNAMED --add-opens=java.base/java.lang.invoke=ALL-UNNAMED --add-opens=java.base/java.util=ALL-UNNAMED --add-opens=java.prefs/java.util.prefs=ALL-UNNAMED --add-opens=java.prefs/java.util.prefs=ALL-UNNAMED --add-opens=java.base/java.nio.charset=ALL-UNNAMED --add-opens=java.base/java.net=ALL-UNNAMED --add-opens=java.base/java.util.concurrent.atomic=ALL-UNNAMED -Xmx2048m -Dfile.encoding=UTF-8 -Duser.country=US -Duser.language=en -Duser.variant 
java_command: org.gradle.launcher.daemon.bootstrap.GradleDaemon 7.3.3
java_class_path (initial): C:\Users\LENOVO\.gradle\wrapper\dists\gradle-7.3.3-bin\6a41zxkdtcxs8rphpq6y0069z\gradle-7.3.3\lib\gradle-launcher-7.3.3.jar
Launcher Type: SUN_STANDARD

[Global flags]
     intx CICompilerCount                          = 4                                         {product} {ergonomic}
     uint ConcGCThreads                            = 3                                         {product} {ergonomic}
     uint G1ConcRefinementThreads                  = 10                                        {product} {ergonomic}
   size_t G1HeapRegionSize                         = 1048576                                   {product} {ergonomic}
    uintx GCDrainStackTargetSize                   = 64                                        {product} {ergonomic}
   size_t InitialHeapSize                          = 98566144                                  {product} {ergonomic}
   size_t MarkStackSize                            = 4194304                                   {product} {ergonomic}
   size_t MaxHeapSize                              = 2147483648                                {product} {command line}
   size_t MaxNewSize                               = 1287651328                                {product} {ergonomic}
   size_t MinHeapDeltaBytes                        = 1048576                                   {product} {ergonomic}
    uintx NonNMethodCodeHeapSize                   = 5836300                                {pd product} {ergonomic}
    uintx NonProfiledCodeHeapSize                  = 122910970                              {pd product} {ergonomic}
    uintx ProfiledCodeHeapSize                     = 122910970                              {pd product} {ergonomic}
    uintx ReservedCodeCacheSize                    = 251658240                              {pd product} {ergonomic}
     bool SegmentedCodeCache                       = true                                      {product} {ergonomic}
     bool UseCompressedClassPointers               = true                                 {lp64_product} {ergonomic}
     bool UseCompressedOops                        = true                                 {lp64_product} {ergonomic}
     bool UseG1GC                                  = true                                      {product} {ergonomic}
     bool UseLargePagesIndividualAllocation        = false                                  {pd product} {ergonomic}

Logging:
Log output configuration:
 #0: stdout all=warning uptime,level,tags
 #1: stderr all=off uptime,level,tags

Environment Variables:
PATH=C:\WINDOWS\system32;C:\WINDOWS;C:\WINDOWS\System32\Wbem;C:\WINDOWS\System32\WindowsPowerShell\v1.0\;C:\WINDOWS\System32\OpenSSH\;C:\Program Files\Git\cmd;C:\xampp\php;C:\wamp64\bin\mysql\mysql5.7.36\bin;C:\Program Files\nodejs\;C:\Users\LENOVO\AppData\Local\Programs\Python\Python39\Scripts\;C:\Users\LENOVO\AppData\Local\Programs\Python\Python39\;C:\Users\LENOVO\AppData\Local\Programs\Python\Launcher\;C:\Users\LENOVO\AppData\Local\Microsoft\WindowsApps;C:\Users\LENOVO\AppData\Local\Programs\Microsoft VS Code\bin;C:\Program Files\CodeBlocks\MinGW\bin;C:\xampp\php;C:\Users\LENOVO\AppData\Roaming\npm;
USERNAME=Hilmi Hanif
OS=Windows_NT
PROCESSOR_IDENTIFIER=AMD64 Family 23 Model 104 Stepping 1, AuthenticAMD



---------------  S Y S T E M  ---------------

OS: Windows 10 , 64 bit Build 25217 (10.0.25217.1000)
OS uptime: 0 days 0:21 hours

CPU:total 12 (initial active 12) (12 cores per cpu, 2 threads per core) family 23 model 104 stepping 1 microcode 0x8608103, cmov, cx8, fxsr, mmx, sse, sse2, sse3, ssse3, sse4.1, sse4.2, popcnt, avx, avx2, aes, clmul, mmxext, 3dnowpref, lzcnt, sse4a, ht, tsc, tscinvbit, tscinv, bmi1, bmi2, adx, sha, fma

Memory: 4k page, system-wide physical 6005M (374M free)
TotalPageFile size 14197M (AvailPageFile size 26M)
current process WorkingSet (physical memory assigned to process): 374M, peak: 437M
current process commit charge ("private bytes"): 517M, peak: 542M

vm_info: OpenJDK 64-Bit Server VM (11.0.12+7-b1504.28-7817840) for windows-amd64 JRE (11.0.12+7-b1504.28-7817840), built on Oct 13 2021 22:12:33 by "builder" with MS VC++ 14.0 (VS2015)

END.
