#
# There is insufficient memory for the Java Runtime Environment to continue.
# Native memory allocation (malloc) failed to allocate 340016 bytes for Chunk::new
# Possible reasons:
#   The system is out of physical RAM or swap space
#   The process is running with CompressedOops enabled, and the Java Heap may be blocking the growth of the native heap
# Possible solutions:
#   Reduce memory load on the system
#   Increase physical memory or swap space
#   Check if swap backing store is full
#   Decrease Java heap size (-Xmx/-Xms)
#   Decrease number of Java threads
#   Decrease Java thread stack sizes (-Xss)
#   Set larger code cache with -XX:ReservedCodeCacheSize=
#   JVM is running with Unscaled Compressed Oops mode in which the Java heap is
#     placed in the first 4GB address space. The Java Heap base address is the
#     maximum limit for the native heap growth. Please use -XX:HeapBaseMinAddress
#     to set the Java Heap base and to place the Java Heap above 4GB virtual address.
# This output file may be truncated or incomplete.
#
#  Out of Memory Error (./src/hotspot/share/memory/arena.cpp:197), pid=18068, tid=18500
#
# JRE version: OpenJDK Runtime Environment (11.0.12+7) (build 11.0.12+7-b1504.28-7817840)
# Java VM: OpenJDK 64-Bit Server VM (11.0.12+7-b1504.28-7817840, mixed mode, tiered, compressed oops, g1 gc, windows-amd64)
# No core dump will be written. Minidumps are not enabled by default on client versions of Windows
#

---------------  S U M M A R Y ------------

Command Line: --add-opens=java.base/java.util=ALL-UNNAMED --add-opens=java.base/java.lang=ALL-UNNAMED --add-opens=java.base/java.lang.invoke=ALL-UNNAMED --add-opens=java.base/java.util=ALL-UNNAMED --add-opens=java.prefs/java.util.prefs=ALL-UNNAMED --add-opens=java.prefs/java.util.prefs=ALL-UNNAMED --add-opens=java.base/java.nio.charset=ALL-UNNAMED --add-opens=java.base/java.net=ALL-UNNAMED --add-opens=java.base/java.util.concurrent.atomic=ALL-UNNAMED -Xmx2048m -Dfile.encoding=UTF-8 -Duser.country=US -Duser.language=en -Duser.variant org.gradle.launcher.daemon.bootstrap.GradleDaemon 7.3.3

Host: AMD Ryzen 5 5500U with Radeon Graphics         , 12 cores, 5G,  Windows 10 , 64 bit Build 25211 (10.0.25211.1010)
Time: Wed Oct  5 22:00:25 2022 SE Asia Standard Time elapsed time: 170.752264 seconds (0d 0h 2m 50s)

---------------  T H R E A D  ---------------

Current thread (0x00000209ffe40000):  JavaThread "C2 CompilerThread0" daemon [_thread_in_native, id=18500, stack(0x0000001e0b900000,0x0000001e0ba00000)]


Current CompileTask:
C2: 170752 15091       4       org.gradle.api.internal.artifacts.ModuleComponentSelectorSerializer::read (50 bytes)

Stack: [0x0000001e0b900000,0x0000001e0ba00000]
Native frames: (J=compiled Java code, j=interpreted, Vv=VM code, C=native code)
V  [jvm.dll+0x5fbcea]
V  [jvm.dll+0x731905]
V  [jvm.dll+0x732f1d]
V  [jvm.dll+0x7335d3]
V  [jvm.dll+0x247bf8]
V  [jvm.dll+0xc018c]
V  [jvm.dll+0xc06cc]
V  [jvm.dll+0x35b2db]
V  [jvm.dll+0x19cebc]
V  [jvm.dll+0x20070e]
V  [jvm.dll+0x1ff794]
V  [jvm.dll+0x18868c]
V  [jvm.dll+0x20e0d7]
V  [jvm.dll+0x20c901]
V  [jvm.dll+0x6f9b7f]
V  [jvm.dll+0x6f26a5]
V  [jvm.dll+0x5fabf6]
C  [ucrtbase.dll+0x4b7eb]
C  [KERNEL32.DLL+0x1469d]
C  [ntdll.dll+0x67558]


---------------  P R O C E S S  ---------------

Threads class SMR info:
_java_thread_list=0x0000020996e2c980, length=157, elements={
0x00000209f8567000, 0x00000209ffe20000, 0x00000209ffe29000, 0x0000020993842800,
0x00000209ffe3d000, 0x00000209ffe3e000, 0x00000209ffe40000, 0x00000209ffe44800,
0x00000209ffe49800, 0x0000020993998800, 0x0000020994922800, 0x0000020994e4d000,
0x0000020994dc2800, 0x0000020994ef7000, 0x0000020996931000, 0x0000020996a8c000,
0x0000020996a8f800, 0x0000020996a8b800, 0x0000020996a8e000, 0x0000020996a8a000,
0x0000020996a4d800, 0x0000020996a48000, 0x0000020996a49800, 0x0000020996a49000,
0x0000020996a4c000, 0x00000209975ba800, 0x00000209975b7000, 0x00000209975b8000,
0x0000020996e50800, 0x0000020996e4e000, 0x0000020996e50000, 0x0000020996e54000,
0x0000020996e53000, 0x0000020996e51800, 0x0000020996e52000, 0x000002099d544000,
0x000002099dcee800, 0x000002099dcec800, 0x000002099dce9000, 0x000002099dcef800,
0x000002099dcf0800, 0x000002099dcf1000, 0x000002099dcf2000, 0x000002099dcf3000,
0x000002099dcf3800, 0x000002099dcee000, 0x000002099bbc1000, 0x000002099bbbb800,
0x000002099bbc0000, 0x000002099bbc2000, 0x000002099bbbe000, 0x000002099bbbf800,
0x000002099bbbe800, 0x000002099bbbc000, 0x000002099bbc2800, 0x000002099bbbd000,
0x000002099bbc3800, 0x000002099bbc6000, 0x000002099bbc7800, 0x000002099bbc5000,
0x000002099bbc8800, 0x000002099bbc4800, 0x000002099bbc9000, 0x000002099bbcb000,
0x000002099bbcc800, 0x000002099bbc6800, 0x000002099bbce000, 0x000002099bbd1800,
0x000002099bbcb800, 0x000002099bbd2000, 0x000002099bbcf800, 0x000002099bbcd800,
0x000002099bbd3000, 0x000002099bbd0800, 0x000002099bbd4000, 0x000002099bbd4800,
0x000002099bbcf000, 0x000002099bbd9800, 0x000002099bbd5800, 0x000002099bbd8000,
0x000002099bbda800, 0x000002099bbd8800, 0x000002099bbd6800, 0x000002099bbd7000,
0x000002099dceb800, 0x000002099dced000, 0x000002099dcea000, 0x000002099dcea800,
0x000002099dcf9800, 0x000002099dcf7800, 0x000002099dcfb000, 0x000002099dcfa000,
0x000002099dcf7000, 0x000002099dcf8800, 0x000002099dcf5800, 0x000002099dcfc000,
0x000002099dcf6000, 0x000002099dcff000, 0x000002099dcfd800, 0x000002099dd00000,
0x000002099dcfc800, 0x000002099dd00800, 0x000002099dd01800, 0x000002099dcfe000,
0x000002099dd05000, 0x000002099dd08000, 0x000002099dd04000, 0x000002099dd05800,
0x000002099dd06800, 0x000002099dd07000, 0x000002099dd03000, 0x000002099dd02800,
0x000002099d538000, 0x000002099d538800, 0x000002099d53a800, 0x000002099d539800,
0x000002099d53b000, 0x000002099d53c000, 0x000002099d536000, 0x000002099d53c800,
0x000002099d537000, 0x000002099d53d800, 0x000002099d542800, 0x000002099d53e800,
0x000002099d543800, 0x000002099d541800, 0x000002099d540000, 0x000002099d545000,
0x000002099d53f000, 0x000002099d541000, 0x00000209975af800, 0x00000209975b2000,
0x00000209975b0800, 0x00000209975ae000, 0x00000209975b1800, 0x00000209975ac800,
0x00000209975b3000, 0x00000209975ad000, 0x00000209975b4000, 0x00000209975af000,
0x00000209975b8800, 0x00000209975b9800, 0x00000209975b4800, 0x00000209975bb000,
0x00000209975b5800, 0x00000209975b6000, 0x0000020996a4d000, 0x0000020996a4f800,
0x0000020996a50000, 0x0000020996a51000, 0x0000020996a4b000, 0x0000020996a52000,
0x0000020996a52800, 0x0000020996a55000, 0x0000020996a56000, 0x0000020996a53800,
0x0000020996a56800
}

Java Threads: ( => current thread )
  0x00000209f8567000 JavaThread "main" [_thread_blocked, id=18896, stack(0x0000001e0ad00000,0x0000001e0ae00000)]
  0x00000209ffe20000 JavaThread "Reference Handler" daemon [_thread_blocked, id=18092, stack(0x0000001e0b400000,0x0000001e0b500000)]
  0x00000209ffe29000 JavaThread "Finalizer" daemon [_thread_blocked, id=11448, stack(0x0000001e0b500000,0x0000001e0b600000)]
  0x0000020993842800 JavaThread "Signal Dispatcher" daemon [_thread_blocked, id=2432, stack(0x0000001e0b600000,0x0000001e0b700000)]
  0x00000209ffe3d000 JavaThread "Attach Listener" daemon [_thread_blocked, id=7960, stack(0x0000001e0b700000,0x0000001e0b800000)]
  0x00000209ffe3e000 JavaThread "Service Thread" daemon [_thread_blocked, id=1824, stack(0x0000001e0b800000,0x0000001e0b900000)]
=>0x00000209ffe40000 JavaThread "C2 CompilerThread0" daemon [_thread_in_native, id=18500, stack(0x0000001e0b900000,0x0000001e0ba00000)]
  0x00000209ffe44800 JavaThread "C1 CompilerThread0" daemon [_thread_blocked, id=13696, stack(0x0000001e0ba00000,0x0000001e0bb00000)]
  0x00000209ffe49800 JavaThread "Sweeper thread" daemon [_thread_blocked, id=10624, stack(0x0000001e0bb00000,0x0000001e0bc00000)]
  0x0000020993998800 JavaThread "Common-Cleaner" daemon [_thread_blocked, id=14732, stack(0x0000001e0bc00000,0x0000001e0bd00000)]
  0x0000020994922800 JavaThread "Daemon health stats" [_thread_blocked, id=9048, stack(0x0000001e0bf00000,0x0000001e0c000000)]
  0x0000020994e4d000 JavaThread "Incoming local TCP Connector on port 50783" [_thread_in_native, id=14360, stack(0x0000001e0c400000,0x0000001e0c500000)]
  0x0000020994dc2800 JavaThread "Daemon periodic checks" [_thread_blocked, id=9000, stack(0x0000001e0c500000,0x0000001e0c600000)]
  0x0000020994ef7000 JavaThread "Daemon" [_thread_blocked, id=3204, stack(0x0000001e0ca00000,0x0000001e0cb00000)]
  0x0000020996931000 JavaThread "Daemon worker" [_thread_in_vm, id=10968, stack(0x0000001e0cd00000,0x0000001e0ce00000)]
  0x0000020996a8c000 JavaThread "Cache worker for journal cache (C:\Users\LENOVO\.gradle\caches\journal-1)" [_thread_blocked, id=9688, stack(0x0000001e0d300000,0x0000001e0d400000)]
  0x0000020996a8f800 JavaThread "File lock request listener" [_thread_in_native, id=12004, stack(0x0000001e0d400000,0x0000001e0d500000)]
  0x0000020996a8b800 JavaThread "Cache worker for file hash cache (C:\Users\LENOVO\.gradle\caches\7.3.3\fileHashes)" [_thread_blocked, id=7836, stack(0x0000001e0d500000,0x0000001e0d600000)]
  0x0000020996a8e000 JavaThread "File watcher server" daemon [_thread_in_native, id=17256, stack(0x0000001e0d900000,0x0000001e0da00000)]
  0x0000020996a8a000 JavaThread "File watcher consumer" daemon [_thread_blocked, id=14560, stack(0x0000001e0da00000,0x0000001e0db00000)]
  0x0000020996a4d800 JavaThread "Cache worker for execution history cache (C:\Users\LENOVO\.gradle\caches\7.3.3\executionHistory)" [_thread_blocked, id=14488, stack(0x0000001e0de00000,0x0000001e0df00000)]
  0x0000020996a48000 JavaThread "jar transforms" [_thread_blocked, id=14580, stack(0x0000001e0df00000,0x0000001e0e000000)]
  0x0000020996a49800 JavaThread "Cache worker for file content cache (C:\Users\LENOVO\.gradle\caches\7.3.3\fileContent)" [_thread_blocked, id=1504, stack(0x0000001e0e000000,0x0000001e0e100000)]
  0x0000020996a49000 JavaThread "jar transforms Thread 2" [_thread_blocked, id=9580, stack(0x0000001e0e100000,0x0000001e0e200000)]
  0x0000020996a4c000 JavaThread "jar transforms Thread 3" [_thread_blocked, id=10564, stack(0x0000001e0e300000,0x0000001e0e400000)]
  0x00000209975ba800 JavaThread "jar transforms Thread 4" [_thread_blocked, id=7648, stack(0x0000001e15d00000,0x0000001e15e00000)]
  0x00000209975b7000 JavaThread "jar transforms Thread 5" [_thread_blocked, id=3576, stack(0x0000001e15e00000,0x0000001e15f00000)]
  0x00000209975b8000 JavaThread "jar transforms Thread 6" [_thread_blocked, id=9092, stack(0x0000001e15f00000,0x0000001e16000000)]
  0x0000020996e50800 JavaThread "jar transforms Thread 7" [_thread_blocked, id=2588, stack(0x0000001e16000000,0x0000001e16100000)]
  0x0000020996e4e000 JavaThread "jar transforms Thread 8" [_thread_blocked, id=19104, stack(0x0000001e16100000,0x0000001e16200000)]
  0x0000020996e50000 JavaThread "jar transforms Thread 9" [_thread_blocked, id=13632, stack(0x0000001e16200000,0x0000001e16300000)]
  0x0000020996e54000 JavaThread "jar transforms Thread 10" [_thread_blocked, id=12616, stack(0x0000001e16300000,0x0000001e16400000)]
  0x0000020996e53000 JavaThread "jar transforms Thread 11" [_thread_blocked, id=3336, stack(0x0000001e16400000,0x0000001e16500000)]
  0x0000020996e51800 JavaThread "jar transforms Thread 12" [_thread_blocked, id=12944, stack(0x0000001e16500000,0x0000001e16600000)]
  0x0000020996e52000 JavaThread "Memory manager" [_thread_blocked, id=18516, stack(0x0000001e16700000,0x0000001e16800000)]
  0x000002099d544000 JavaThread "Cache worker for Java compile cache (C:\Users\LENOVO\.gradle\caches\7.3.3\javaCompile)" [_thread_blocked, id=5724, stack(0x0000001e0aa00000,0x0000001e0ab00000)]
  0x000002099dcee800 JavaThread "ForkJoinPool.commonPool-worker-19" daemon [_thread_blocked, id=15588, stack(0x0000001e17500000,0x0000001e17600000)]
  0x000002099dcec800 JavaThread "ForkJoinPool.commonPool-worker-5" daemon [_thread_blocked, id=17336, stack(0x0000001e17600000,0x0000001e17700000)]
  0x000002099dce9000 JavaThread "ForkJoinPool.commonPool-worker-23" daemon [_thread_blocked, id=18196, stack(0x0000001e17700000,0x0000001e17800000)]
  0x000002099dcef800 JavaThread "ForkJoinPool.commonPool-worker-9" daemon [_thread_blocked, id=12676, stack(0x0000001e17800000,0x0000001e17900000)]
  0x000002099dcf0800 JavaThread "ForkJoinPool.commonPool-worker-27" daemon [_thread_blocked, id=4316, stack(0x0000001e17a00000,0x0000001e17b00000)]
  0x000002099dcf1000 JavaThread "ForkJoinPool.commonPool-worker-13" daemon [_thread_blocked, id=11956, stack(0x0000001e17b00000,0x0000001e17c00000)]
  0x000002099dcf2000 JavaThread "ForkJoinPool.commonPool-worker-31" daemon [_thread_blocked, id=3728, stack(0x0000001e17c00000,0x0000001e17d00000)]
  0x000002099dcf3000 JavaThread "ForkJoinPool.commonPool-worker-17" daemon [_thread_blocked, id=7788, stack(0x0000001e17d00000,0x0000001e17e00000)]
  0x000002099dcf3800 JavaThread "ForkJoinPool.commonPool-worker-21" daemon [_thread_blocked, id=18316, stack(0x0000001e17f00000,0x0000001e18000000)]
  0x000002099dcee000 JavaThread "ForkJoinPool.commonPool-worker-7" daemon [_thread_blocked, id=19008, stack(0x0000001e18100000,0x0000001e18200000)]
  0x000002099bbc1000 JavaThread "Handler for socket connection from /127.0.0.1:50783 to /127.0.0.1:51094" [_thread_in_native, id=20292, stack(0x0000001e0ab00000,0x0000001e0ac00000)]
  0x000002099bbbb800 JavaThread "Cancel handler" [_thread_blocked, id=20296, stack(0x0000001e0ac00000,0x0000001e0ad00000)]
  0x000002099bbc0000 JavaThread "Asynchronous log dispatcher for DefaultDaemonConnection: socket connection from /127.0.0.1:50783 to /127.0.0.1:51094" [_thread_blocked, id=20312, stack(0x0000001e0cb00000,0x0000001e0cc00000)]
  0x000002099bbc2000 JavaThread "Stdin handler" [_thread_blocked, id=20316, stack(0x0000001e0cc00000,0x0000001e0cd00000)]
  0x000002099bbbe000 JavaThread "Daemon client event forwarder" [_thread_blocked, id=20320, stack(0x0000001e0ce00000,0x0000001e0cf00000)]
  0x000002099bbbf800 JavaThread "Cache worker for file hash cache (D:\Pemrograman Bergerak\Biodata\.gradle\7.3.3\fileHashes)" [_thread_blocked, id=20356, stack(0x0000001e0cf00000,0x0000001e0d000000)]
  0x000002099bbbe800 JavaThread "Cache worker for checksums cache (D:\Pemrograman Bergerak\Biodata\.gradle\7.3.3\checksums)" [_thread_blocked, id=20476, stack(0x0000001e0d000000,0x0000001e0d100000)]
  0x000002099bbbc000 JavaThread "Cache worker for cache directory md-supplier (C:\Users\LENOVO\.gradle\caches\7.3.3\md-supplier)" [_thread_blocked, id=19512, stack(0x0000001e0d800000,0x0000001e0d900000)]
  0x000002099bbc2800 JavaThread "Cache worker for cache directory md-rule (C:\Users\LENOVO\.gradle\caches\7.3.3\md-rule)" [_thread_blocked, id=19620, stack(0x0000001e0db00000,0x0000001e0dc00000)]
  0x000002099bbbd000 JavaThread "Cache worker for dependencies-accessors (D:\Pemrograman Bergerak\Biodata\.gradle\7.3.3\dependencies-accessors)" [_thread_blocked, id=16684, stack(0x0000001e0dc00000,0x0000001e0dd00000)]
  0x000002099bbc3800 JavaThread "Cache worker for Build Output Cleanup Cache (D:\Pemrograman Bergerak\Biodata\.gradle\buildOutputCleanup)" [_thread_blocked, id=4980, stack(0x0000001e0dd00000,0x0000001e0de00000)]
  0x000002099bbc6000 JavaThread "Unconstrained build operations" [_thread_blocked, id=19832, stack(0x0000001e0e200000,0x0000001e0e300000)]
  0x000002099bbc7800 JavaThread "Unconstrained build operations Thread 2" [_thread_blocked, id=19848, stack(0x0000001e0e400000,0x0000001e0e500000)]
  0x000002099bbc5000 JavaThread "Unconstrained build operations Thread 3" [_thread_blocked, id=19844, stack(0x0000001e0e500000,0x0000001e0e600000)]
  0x000002099bbc8800 JavaThread "Unconstrained build operations Thread 4" [_thread_blocked, id=19628, stack(0x0000001e0e600000,0x0000001e0e700000)]
  0x000002099bbc4800 JavaThread "Unconstrained build operations Thread 5" [_thread_blocked, id=19636, stack(0x0000001e0e700000,0x0000001e0e800000)]
  0x000002099bbc9000 JavaThread "Unconstrained build operations Thread 6" [_thread_blocked, id=8596, stack(0x0000001e0e800000,0x0000001e0e900000)]
  0x000002099bbcb000 JavaThread "Unconstrained build operations Thread 7" [_thread_blocked, id=19588, stack(0x0000001e0e900000,0x0000001e0ea00000)]
  0x000002099bbcc800 JavaThread "Unconstrained build operations Thread 8" [_thread_blocked, id=19600, stack(0x0000001e0ea00000,0x0000001e0eb00000)]
  0x000002099bbc6800 JavaThread "Unconstrained build operations Thread 9" [_thread_blocked, id=19624, stack(0x0000001e0eb00000,0x0000001e0ec00000)]
  0x000002099bbce000 JavaThread "Unconstrained build operations Thread 10" [_thread_blocked, id=19632, stack(0x0000001e0ec00000,0x0000001e0ed00000)]
  0x000002099bbd1800 JavaThread "Unconstrained build operations Thread 11" [_thread_blocked, id=19868, stack(0x0000001e0ed00000,0x0000001e0ee00000)]
  0x000002099bbcb800 JavaThread "Unconstrained build operations Thread 12" [_thread_blocked, id=19880, stack(0x0000001e0ee00000,0x0000001e0ef00000)]
  0x000002099bbd2000 JavaThread "Unconstrained build operations Thread 13" [_thread_blocked, id=6936, stack(0x0000001e0ef00000,0x0000001e0f000000)]
  0x000002099bbcf800 JavaThread "Unconstrained build operations Thread 14" [_thread_blocked, id=9352, stack(0x0000001e0f000000,0x0000001e0f100000)]
  0x000002099bbcd800 JavaThread "Unconstrained build operations Thread 15" [_thread_blocked, id=18556, stack(0x0000001e0f100000,0x0000001e0f200000)]
  0x000002099bbd3000 JavaThread "Unconstrained build operations Thread 16" [_thread_blocked, id=9712, stack(0x0000001e0f200000,0x0000001e0f300000)]
  0x000002099bbd0800 JavaThread "Unconstrained build operations Thread 17" [_thread_blocked, id=12184, stack(0x0000001e0f300000,0x0000001e0f400000)]
  0x000002099bbd4000 JavaThread "Unconstrained build operations Thread 18" [_thread_blocked, id=13316, stack(0x0000001e0f400000,0x0000001e0f500000)]
  0x000002099bbd4800 JavaThread "Unconstrained build operations Thread 19" [_thread_blocked, id=2636, stack(0x0000001e0f500000,0x0000001e0f600000)]
  0x000002099bbcf000 JavaThread "Unconstrained build operations Thread 20" [_thread_blocked, id=19992, stack(0x0000001e0f600000,0x0000001e0f700000)]
  0x000002099bbd9800 JavaThread "Unconstrained build operations Thread 21" [_thread_blocked, id=20004, stack(0x0000001e0f700000,0x0000001e0f800000)]
  0x000002099bbd5800 JavaThread "Unconstrained build operations Thread 22" [_thread_blocked, id=20016, stack(0x0000001e0f800000,0x0000001e0f900000)]
  0x000002099bbd8000 JavaThread "Unconstrained build operations Thread 23" [_thread_blocked, id=20020, stack(0x0000001e0f900000,0x0000001e0fa00000)]
  0x000002099bbda800 JavaThread "Unconstrained build operations Thread 24" [_thread_blocked, id=20024, stack(0x0000001e0fa00000,0x0000001e0fb00000)]
  0x000002099bbd8800 JavaThread "Unconstrained build operations Thread 25" [_thread_blocked, id=14020, stack(0x0000001e0fb00000,0x0000001e0fc00000)]
  0x000002099bbd6800 JavaThread "Unconstrained build operations Thread 26" [_thread_blocked, id=5848, stack(0x0000001e0fc00000,0x0000001e0fd00000)]
  0x000002099bbd7000 JavaThread "Unconstrained build operations Thread 27" [_thread_blocked, id=20056, stack(0x0000001e0fd00000,0x0000001e0fe00000)]
  0x000002099dceb800 JavaThread "Unconstrained build operations Thread 28" [_thread_blocked, id=20064, stack(0x0000001e0fe00000,0x0000001e0ff00000)]
  0x000002099dced000 JavaThread "Unconstrained build operations Thread 29" [_thread_blocked, id=2348, stack(0x0000001e0ff00000,0x0000001e10000000)]
  0x000002099dcea000 JavaThread "Unconstrained build operations Thread 30" [_thread_blocked, id=8516, stack(0x0000001e10000000,0x0000001e10100000)]
  0x000002099dcea800 JavaThread "Unconstrained build operations Thread 31" [_thread_blocked, id=7060, stack(0x0000001e10100000,0x0000001e10200000)]
  0x000002099dcf9800 JavaThread "Unconstrained build operations Thread 32" [_thread_blocked, id=17052, stack(0x0000001e10200000,0x0000001e10300000)]
  0x000002099dcf7800 JavaThread "Unconstrained build operations Thread 33" [_thread_blocked, id=6800, stack(0x0000001e10300000,0x0000001e10400000)]
  0x000002099dcfb000 JavaThread "Unconstrained build operations Thread 34" [_thread_blocked, id=17008, stack(0x0000001e10400000,0x0000001e10500000)]
  0x000002099dcfa000 JavaThread "Unconstrained build operations Thread 35" [_thread_blocked, id=4748, stack(0x0000001e10500000,0x0000001e10600000)]
  0x000002099dcf7000 JavaThread "Unconstrained build operations Thread 36" [_thread_blocked, id=19888, stack(0x0000001e10600000,0x0000001e10700000)]
  0x000002099dcf8800 JavaThread "Unconstrained build operations Thread 37" [_thread_blocked, id=17100, stack(0x0000001e10700000,0x0000001e10800000)]
  0x000002099dcf5800 JavaThread "Unconstrained build operations Thread 38" [_thread_blocked, id=3600, stack(0x0000001e10800000,0x0000001e10900000)]
  0x000002099dcfc000 JavaThread "Unconstrained build operations Thread 39" [_thread_blocked, id=12888, stack(0x0000001e10900000,0x0000001e10a00000)]
  0x000002099dcf6000 JavaThread "Unconstrained build operations Thread 40" [_thread_blocked, id=14628, stack(0x0000001e10a00000,0x0000001e10b00000)]
  0x000002099dcff000 JavaThread "Unconstrained build operations Thread 41" [_thread_blocked, id=10508, stack(0x0000001e10b00000,0x0000001e10c00000)]
  0x000002099dcfd800 JavaThread "Unconstrained build operations Thread 42" [_thread_blocked, id=20096, stack(0x0000001e10c00000,0x0000001e10d00000)]
  0x000002099dd00000 JavaThread "Unconstrained build operations Thread 43" [_thread_blocked, id=20108, stack(0x0000001e10d00000,0x0000001e10e00000)]
  0x000002099dcfc800 JavaThread "Unconstrained build operations Thread 44" [_thread_blocked, id=20112, stack(0x0000001e10e00000,0x0000001e10f00000)]
  0x000002099dd00800 JavaThread "Unconstrained build operations Thread 45" [_thread_blocked, id=20116, stack(0x0000001e10f00000,0x0000001e11000000)]
  0x000002099dd01800 JavaThread "Unconstrained build operations Thread 46" [_thread_blocked, id=20120, stack(0x0000001e11000000,0x0000001e11100000)]
  0x000002099dcfe000 JavaThread "Unconstrained build operations Thread 47" [_thread_blocked, id=19864, stack(0x0000001e11100000,0x0000001e11200000)]
  0x000002099dd05000 JavaThread "Unconstrained build operations Thread 48" [_thread_blocked, id=20128, stack(0x0000001e11200000,0x0000001e11300000)]
  0x000002099dd08000 JavaThread "Unconstrained build operations Thread 49" [_thread_blocked, id=20124, stack(0x0000001e11300000,0x0000001e11400000)]
  0x000002099dd04000 JavaThread "Unconstrained build operations Thread 50" [_thread_blocked, id=16152, stack(0x0000001e11400000,0x0000001e11500000)]
  0x000002099dd05800 JavaThread "Unconstrained build operations Thread 51" [_thread_blocked, id=19024, stack(0x0000001e11500000,0x0000001e11600000)]
  0x000002099dd06800 JavaThread "Unconstrained build operations Thread 52" [_thread_blocked, id=20256, stack(0x0000001e11600000,0x0000001e11700000)]
  0x000002099dd07000 JavaThread "Unconstrained build operations Thread 53" [_thread_blocked, id=20232, stack(0x0000001e11700000,0x0000001e11800000)]
  0x000002099dd03000 JavaThread "Unconstrained build operations Thread 54" [_thread_blocked, id=12412, stack(0x0000001e11800000,0x0000001e11900000)]
  0x000002099dd02800 JavaThread "Unconstrained build operations Thread 55" [_thread_blocked, id=9016, stack(0x0000001e11900000,0x0000001e11a00000)]
  0x000002099d538000 JavaThread "Unconstrained build operations Thread 56" [_thread_blocked, id=3628, stack(0x0000001e11a00000,0x0000001e11b00000)]
  0x000002099d538800 JavaThread "Unconstrained build operations Thread 57" [_thread_blocked, id=20216, stack(0x0000001e11b00000,0x0000001e11c00000)]
  0x000002099d53a800 JavaThread "Unconstrained build operations Thread 58" [_thread_blocked, id=14748, stack(0x0000001e11c00000,0x0000001e11d00000)]
  0x000002099d539800 JavaThread "Unconstrained build operations Thread 59" [_thread_blocked, id=19180, stack(0x0000001e11d00000,0x0000001e11e00000)]
  0x000002099d53b000 JavaThread "Unconstrained build operations Thread 60" [_thread_blocked, id=16032, stack(0x0000001e11e00000,0x0000001e11f00000)]
  0x000002099d53c000 JavaThread "Unconstrained build operations Thread 61" [_thread_blocked, id=15156, stack(0x0000001e11f00000,0x0000001e12000000)]
  0x000002099d536000 JavaThread "Unconstrained build operations Thread 62" [_thread_blocked, id=15328, stack(0x0000001e12000000,0x0000001e12100000)]
  0x000002099d53c800 JavaThread "Unconstrained build operations Thread 63" [_thread_blocked, id=20404, stack(0x0000001e12100000,0x0000001e12200000)]
  0x000002099d537000 JavaThread "Unconstrained build operations Thread 64" [_thread_blocked, id=20408, stack(0x0000001e12200000,0x0000001e12300000)]
  0x000002099d53d800 JavaThread "Unconstrained build operations Thread 65" [_thread_blocked, id=20412, stack(0x0000001e12300000,0x0000001e12400000)]
  0x000002099d542800 JavaThread "Unconstrained build operations Thread 66" [_thread_blocked, id=20272, stack(0x0000001e12400000,0x0000001e12500000)]
  0x000002099d53e800 JavaThread "Unconstrained build operations Thread 67" [_thread_blocked, id=8820, stack(0x0000001e12500000,0x0000001e12600000)]
  0x000002099d543800 JavaThread "Unconstrained build operations Thread 68" [_thread_blocked, id=13612, stack(0x0000001e12600000,0x0000001e12700000)]
  0x000002099d541800 JavaThread "Unconstrained build operations Thread 69" [_thread_blocked, id=19840, stack(0x0000001e12700000,0x0000001e12800000)]
  0x000002099d540000 JavaThread "Unconstrained build operations Thread 70" [_thread_blocked, id=17804, stack(0x0000001e12800000,0x0000001e12900000)]
  0x000002099d545000 JavaThread "Unconstrained build operations Thread 71" [_thread_blocked, id=6368, stack(0x0000001e12900000,0x0000001e12a00000)]
  0x000002099d53f000 JavaThread "Unconstrained build operations Thread 72" [_thread_blocked, id=11352, stack(0x0000001e12a00000,0x0000001e12b00000)]
  0x000002099d541000 JavaThread "Unconstrained build operations Thread 73" [_thread_blocked, id=18232, stack(0x0000001e12b00000,0x0000001e12c00000)]
  0x00000209975af800 JavaThread "Unconstrained build operations Thread 74" [_thread_blocked, id=17808, stack(0x0000001e12c00000,0x0000001e12d00000)]
  0x00000209975b2000 JavaThread "Unconstrained build operations Thread 75" [_thread_blocked, id=14212, stack(0x0000001e12d00000,0x0000001e12e00000)]
  0x00000209975b0800 JavaThread "Unconstrained build operations Thread 76" [_thread_blocked, id=12252, stack(0x0000001e12e00000,0x0000001e12f00000)]
  0x00000209975ae000 JavaThread "Unconstrained build operations Thread 77" [_thread_blocked, id=16988, stack(0x0000001e12f00000,0x0000001e13000000)]
  0x00000209975b1800 JavaThread "Unconstrained build operations Thread 78" [_thread_blocked, id=20448, stack(0x0000001e13000000,0x0000001e13100000)]
  0x00000209975ac800 JavaThread "Unconstrained build operations Thread 79" [_thread_blocked, id=14148, stack(0x0000001e13100000,0x0000001e13200000)]
  0x00000209975b3000 JavaThread "Unconstrained build operations Thread 80" [_thread_blocked, id=8708, stack(0x0000001e13200000,0x0000001e13300000)]
  0x00000209975ad000 JavaThread "Unconstrained build operations Thread 81" [_thread_blocked, id=7332, stack(0x0000001e13300000,0x0000001e13400000)]
  0x00000209975b4000 JavaThread "Unconstrained build operations Thread 82" [_thread_blocked, id=17832, stack(0x0000001e13400000,0x0000001e13500000)]
  0x00000209975af000 JavaThread "Unconstrained build operations Thread 83" [_thread_blocked, id=19516, stack(0x0000001e13500000,0x0000001e13600000)]
  0x00000209975b8800 JavaThread "Unconstrained build operations Thread 84" [_thread_blocked, id=20424, stack(0x0000001e13600000,0x0000001e13700000)]
  0x00000209975b9800 JavaThread "Unconstrained build operations Thread 85" [_thread_blocked, id=2616, stack(0x0000001e13700000,0x0000001e13800000)]
  0x00000209975b4800 JavaThread "Unconstrained build operations Thread 86" [_thread_blocked, id=19380, stack(0x0000001e13800000,0x0000001e13900000)]
  0x00000209975bb000 JavaThread "Unconstrained build operations Thread 87" [_thread_blocked, id=10844, stack(0x0000001e13900000,0x0000001e13a00000)]
  0x00000209975b5800 JavaThread "Unconstrained build operations Thread 88" [_thread_blocked, id=4812, stack(0x0000001e13a00000,0x0000001e13b00000)]
  0x00000209975b6000 JavaThread "Unconstrained build operations Thread 89" [_thread_blocked, id=19948, stack(0x0000001e13b00000,0x0000001e13c00000)]
  0x0000020996a4d000 JavaThread "Unconstrained build operations Thread 90" [_thread_blocked, id=20396, stack(0x0000001e13c00000,0x0000001e13d00000)]
  0x0000020996a4f800 JavaThread "Unconstrained build operations Thread 91" [_thread_in_vm, id=9740, stack(0x0000001e13d00000,0x0000001e13e00000)]
  0x0000020996a50000 JavaThread "Unconstrained build operations Thread 92" [_thread_blocked, id=8684, stack(0x0000001e13e00000,0x0000001e13f00000)]
  0x0000020996a51000 JavaThread "Unconstrained build operations Thread 93" [_thread_new, id=18928, stack(0x0000001e13f00000,0x0000001e14000000)]
  0x0000020996a4b000 JavaThread "Unconstrained build operations Thread 94" [_thread_blocked, id=17588, stack(0x0000001e14000000,0x0000001e14100000)]
  0x0000020996a52000 JavaThread "Unconstrained build operations Thread 95" [_thread_blocked, id=8200, stack(0x0000001e14100000,0x0000001e14200000)]
  0x0000020996a52800 JavaThread "Unconstrained build operations Thread 96" [_thread_new, id=11284, stack(0x0000000000000000,0x0000000000000000)]
  0x0000020996a55000 JavaThread "Unconstrained build operations Thread 97" [_thread_blocked, id=13708, stack(0x0000001e14300000,0x0000001e14400000)]
  0x0000020996a56000 JavaThread "Unconstrained build operations Thread 98" [_thread_blocked, id=17032, stack(0x0000001e14400000,0x0000001e14500000)]
  0x0000020996a53800 JavaThread "Unconstrained build operations Thread 99" [_thread_new, id=3860, stack(0x0000001e14500000,0x0000001e14600000)]
  0x0000020996a56800 JavaThread "Unconstrained build operations Thread 100" [_thread_new, id=18564, stack(0x0000000000000000,0x0000000000000000)]

Other Threads:
  0x00000209ffe1d000 VMThread "VM Thread" [stack: 0x0000001e0b300000,0x0000001e0b400000] [id=2068]
  0x00000209939a1000 WatcherThread [stack: 0x0000001e0bd00000,0x0000001e0be00000] [id=8760]
  0x00000209f8581800 GCTaskThread "GC Thread#0" [stack: 0x0000001e0ae00000,0x0000001e0af00000] [id=18228]
  0x00000209943a1800 GCTaskThread "GC Thread#1" [stack: 0x0000001e0be00000,0x0000001e0bf00000] [id=5352]
  0x0000020996719000 GCTaskThread "GC Thread#2" [stack: 0x0000001e0c000000,0x0000001e0c100000] [id=14568]
  0x0000020994e54800 GCTaskThread "GC Thread#3" [stack: 0x0000001e0c100000,0x0000001e0c200000] [id=7784]
  0x0000020994dc1800 GCTaskThread "GC Thread#4" [stack: 0x0000001e0c600000,0x0000001e0c700000] [id=2416]
  0x0000020994dc3800 GCTaskThread "GC Thread#5" [stack: 0x0000001e0c700000,0x0000001e0c800000] [id=19328]
  0x00000209968a6800 GCTaskThread "GC Thread#6" [stack: 0x0000001e0c800000,0x0000001e0c900000] [id=3192]
  0x0000020994fe5800 GCTaskThread "GC Thread#7" [stack: 0x0000001e0c900000,0x0000001e0ca00000] [id=14428]
  0x0000020994f12800 GCTaskThread "GC Thread#8" [stack: 0x0000001e0d100000,0x0000001e0d200000] [id=1172]
  0x0000020996a89000 GCTaskThread "GC Thread#9" [stack: 0x0000001e0d200000,0x0000001e0d300000] [id=724]
  0x00000209f85b5800 ConcurrentGCThread "G1 Main Marker" [stack: 0x0000001e0af00000,0x0000001e0b000000] [id=18844]
  0x00000209f85b7800 ConcurrentGCThread "G1 Conc#0" [stack: 0x0000001e0b000000,0x0000001e0b100000] [id=18608]
  0x00000209945e2000 ConcurrentGCThread "G1 Conc#1" [stack: 0x0000001e0d600000,0x0000001e0d700000] [id=16636]
  0x00000209945e3000 ConcurrentGCThread "G1 Conc#2" [stack: 0x0000001e0d700000,0x0000001e0d800000] [id=3700]
  0x00000209f8637800 ConcurrentGCThread "G1 Refine#0" [stack: 0x0000001e0b100000,0x0000001e0b200000] [id=6036]
  0x000002099500e800 ConcurrentGCThread "G1 Refine#1" [stack: 0x0000001e0c200000,0x0000001e0c300000] [id=12292]
  0x0000020995277800 ConcurrentGCThread "G1 Refine#2" [stack: 0x0000001e0c300000,0x0000001e0c400000] [id=14604]
  0x00000209ffc70800 ConcurrentGCThread "G1 Young RemSet Sampling" [stack: 0x0000001e0b200000,0x0000001e0b300000] [id=15728]

Threads with active compile tasks:
C2 CompilerThread0 170823 15091       4       org.gradle.api.internal.artifacts.ModuleComponentSelectorSerializer::read (50 bytes)

VM state:not at safepoint (normal execution)

VM Mutex/Monitor currently owned by a thread:  ([mutex/lock_event])
[0x00000209f85634b0] Threads_lock - owner thread: 0x0000020996931000

Heap address: 0x0000000080000000, size: 2048 MB, Compressed Oops mode: 32-bit
Narrow klass base: 0x0000000000000000, Narrow klass shift: 3
Compressed class space size: 1073741824 Address: 0x0000000100000000

Heap:
 garbage-first heap   total 139264K, used 105082K [0x0000000080000000, 0x0000000100000000)
  region size 1024K, 13 young (13312K), 2 survivors (2048K)
 Metaspace       used 111516K, capacity 114726K, committed 115244K, reserved 1148928K
  class space    used 14613K, capacity 15852K, committed 16000K, reserved 1048576K
Heap Regions: E=young(eden), S=young(survivor), O=old, HS=humongous(starts), HC=humongous(continues), CS=collection set, F=free, A=archive, TAMS=top-at-mark-start (previous, next)
|   0|0x0000000080000000, 0x0000000080100000, 0x0000000080100000|100%| O|  |TAMS 0x0000000080100000, 0x0000000080000000| Untracked 
|   1|0x0000000080100000, 0x0000000080200000, 0x0000000080200000|100%| O|  |TAMS 0x0000000080200000, 0x0000000080100000| Untracked 
|   2|0x0000000080200000, 0x0000000080300000, 0x0000000080300000|100%| O|  |TAMS 0x0000000080300000, 0x0000000080200000| Untracked 
|   3|0x0000000080300000, 0x0000000080400000, 0x0000000080400000|100%|HS|  |TAMS 0x0000000080400000, 0x0000000080300000| Complete 
|   4|0x0000000080400000, 0x0000000080500000, 0x0000000080500000|100%|HC|  |TAMS 0x0000000080500000, 0x0000000080400000| Complete 
|   5|0x0000000080500000, 0x0000000080600000, 0x0000000080600000|100%|HC|  |TAMS 0x0000000080600000, 0x0000000080500000| Complete 
|   6|0x0000000080600000, 0x0000000080700000, 0x0000000080700000|100%| O|  |TAMS 0x0000000080700000, 0x0000000080600000| Untracked 
|   7|0x0000000080700000, 0x0000000080800000, 0x0000000080800000|100%| O|  |TAMS 0x0000000080800000, 0x0000000080700000| Untracked 
|   8|0x0000000080800000, 0x0000000080900000, 0x0000000080900000|100%| O|  |TAMS 0x0000000080900000, 0x0000000080800000| Untracked 
|   9|0x0000000080900000, 0x0000000080a00000, 0x0000000080a00000|100%| O|  |TAMS 0x0000000080a00000, 0x0000000080900000| Untracked 
|  10|0x0000000080a00000, 0x0000000080b00000, 0x0000000080b00000|100%| O|  |TAMS 0x0000000080b00000, 0x0000000080a00000| Untracked 
|  11|0x0000000080b00000, 0x0000000080c00000, 0x0000000080c00000|100%| O|  |TAMS 0x0000000080c00000, 0x0000000080b00000| Untracked 
|  12|0x0000000080c00000, 0x0000000080d00000, 0x0000000080d00000|100%| O|  |TAMS 0x0000000080d00000, 0x0000000080c00000| Untracked 
|  13|0x0000000080d00000, 0x0000000080e00000, 0x0000000080e00000|100%| O|  |TAMS 0x0000000080e00000, 0x0000000080d00000| Untracked 
|  14|0x0000000080e00000, 0x0000000080f00000, 0x0000000080f00000|100%| O|  |TAMS 0x0000000080f00000, 0x0000000080e00000| Untracked 
|  15|0x0000000080f00000, 0x0000000081000000, 0x0000000081000000|100%| O|  |TAMS 0x0000000081000000, 0x0000000080f00000| Untracked 
|  16|0x0000000081000000, 0x0000000081100000, 0x0000000081100000|100%| O|  |TAMS 0x0000000081100000, 0x0000000081000000| Untracked 
|  17|0x0000000081100000, 0x0000000081200000, 0x0000000081200000|100%| O|  |TAMS 0x0000000081200000, 0x0000000081100000| Untracked 
|  18|0x0000000081200000, 0x0000000081300000, 0x0000000081300000|100%| O|  |TAMS 0x0000000081300000, 0x0000000081200000| Untracked 
|  19|0x0000000081300000, 0x0000000081400000, 0x0000000081400000|100%| O|  |TAMS 0x0000000081400000, 0x0000000081300000| Untracked 
|  20|0x0000000081400000, 0x0000000081500000, 0x0000000081500000|100%| O|  |TAMS 0x0000000081500000, 0x0000000081400000| Untracked 
|  21|0x0000000081500000, 0x0000000081600000, 0x0000000081600000|100%| O|  |TAMS 0x0000000081600000, 0x0000000081500000| Untracked 
|  22|0x0000000081600000, 0x0000000081700000, 0x0000000081700000|100%| O|  |TAMS 0x0000000081700000, 0x0000000081600000| Untracked 
|  23|0x0000000081700000, 0x0000000081800000, 0x0000000081800000|100%| O|  |TAMS 0x0000000081800000, 0x0000000081700000| Untracked 
|  24|0x0000000081800000, 0x0000000081900000, 0x0000000081900000|100%| O|  |TAMS 0x0000000081900000, 0x0000000081800000| Untracked 
|  25|0x0000000081900000, 0x0000000081a00000, 0x0000000081a00000|100%| O|  |TAMS 0x0000000081a00000, 0x0000000081900000| Untracked 
|  26|0x0000000081a00000, 0x0000000081b00000, 0x0000000081b00000|100%| O|  |TAMS 0x0000000081b00000, 0x0000000081a00000| Untracked 
|  27|0x0000000081b00000, 0x0000000081c00000, 0x0000000081c00000|100%| O|  |TAMS 0x0000000081c00000, 0x0000000081b00000| Untracked 
|  28|0x0000000081c00000, 0x0000000081d00000, 0x0000000081d00000|100%| O|  |TAMS 0x0000000081d00000, 0x0000000081c00000| Untracked 
|  29|0x0000000081d00000, 0x0000000081e00000, 0x0000000081e00000|100%|HS|  |TAMS 0x0000000081e00000, 0x0000000081d00000| Complete 
|  30|0x0000000081e00000, 0x0000000081f00000, 0x0000000081f00000|100%|HS|  |TAMS 0x0000000081f00000, 0x0000000081e00000| Complete 
|  31|0x0000000081f00000, 0x0000000082000000, 0x0000000082000000|100%|HS|  |TAMS 0x0000000082000000, 0x0000000081f00000| Complete 
|  32|0x0000000082000000, 0x0000000082100000, 0x0000000082100000|100%|HC|  |TAMS 0x0000000082100000, 0x0000000082000000| Complete 
|  33|0x0000000082100000, 0x0000000082200000, 0x0000000082200000|100%| O|  |TAMS 0x0000000082200000, 0x0000000082100000| Untracked 
|  34|0x0000000082200000, 0x0000000082300000, 0x0000000082300000|100%| O|  |TAMS 0x0000000082300000, 0x0000000082200000| Untracked 
|  35|0x0000000082300000, 0x0000000082400000, 0x0000000082400000|100%| O|  |TAMS 0x0000000082400000, 0x0000000082300000| Untracked 
|  36|0x0000000082400000, 0x0000000082500000, 0x0000000082500000|100%| O|  |TAMS 0x0000000082500000, 0x0000000082400000| Untracked 
|  37|0x0000000082500000, 0x0000000082600000, 0x0000000082600000|100%| O|  |TAMS 0x0000000082600000, 0x0000000082500000| Untracked 
|  38|0x0000000082600000, 0x0000000082700000, 0x0000000082700000|100%| O|  |TAMS 0x0000000082700000, 0x0000000082600000| Untracked 
|  39|0x0000000082700000, 0x0000000082800000, 0x0000000082800000|100%| O|  |TAMS 0x0000000082800000, 0x0000000082700000| Untracked 
|  40|0x0000000082800000, 0x0000000082900000, 0x0000000082900000|100%| O|  |TAMS 0x0000000082900000, 0x0000000082800000| Untracked 
|  41|0x0000000082900000, 0x0000000082a00000, 0x0000000082a00000|100%| O|  |TAMS 0x0000000082a00000, 0x0000000082900000| Untracked 
|  42|0x0000000082a00000, 0x0000000082b00000, 0x0000000082b00000|100%| O|  |TAMS 0x0000000082b00000, 0x0000000082a00000| Untracked 
|  43|0x0000000082b00000, 0x0000000082c00000, 0x0000000082c00000|100%| O|  |TAMS 0x0000000082c00000, 0x0000000082b00000| Untracked 
|  44|0x0000000082c00000, 0x0000000082d00000, 0x0000000082d00000|100%| O|  |TAMS 0x0000000082d00000, 0x0000000082c00000| Untracked 
|  45|0x0000000082d00000, 0x0000000082e00000, 0x0000000082e00000|100%| O|  |TAMS 0x0000000082e00000, 0x0000000082d00000| Untracked 
|  46|0x0000000082e00000, 0x0000000082f00000, 0x0000000082f00000|100%| O|  |TAMS 0x0000000082f00000, 0x0000000082e00000| Untracked 
|  47|0x0000000082f00000, 0x0000000083000000, 0x0000000083000000|100%| O|  |TAMS 0x0000000083000000, 0x0000000082f00000| Untracked 
|  48|0x0000000083000000, 0x0000000083100000, 0x0000000083100000|100%| O|  |TAMS 0x0000000083100000, 0x0000000083000000| Untracked 
|  49|0x0000000083100000, 0x0000000083200000, 0x0000000083200000|100%| O|  |TAMS 0x0000000083200000, 0x0000000083100000| Untracked 
|  50|0x0000000083200000, 0x0000000083300000, 0x0000000083300000|100%| O|  |TAMS 0x0000000083300000, 0x0000000083200000| Untracked 
|  51|0x0000000083300000, 0x0000000083400000, 0x0000000083400000|100%| O|  |TAMS 0x0000000083400000, 0x0000000083300000| Untracked 
|  52|0x0000000083400000, 0x0000000083500000, 0x0000000083500000|100%| O|  |TAMS 0x0000000083500000, 0x0000000083400000| Untracked 
|  53|0x0000000083500000, 0x0000000083600000, 0x0000000083600000|100%| O|  |TAMS 0x0000000083600000, 0x0000000083500000| Untracked 
|  54|0x0000000083600000, 0x0000000083700000, 0x0000000083700000|100%| O|  |TAMS 0x0000000083700000, 0x0000000083600000| Untracked 
|  55|0x0000000083700000, 0x0000000083800000, 0x0000000083800000|100%| O|  |TAMS 0x0000000083800000, 0x0000000083700000| Untracked 
|  56|0x0000000083800000, 0x0000000083900000, 0x0000000083900000|100%| O|  |TAMS 0x0000000083900000, 0x0000000083800000| Untracked 
|  57|0x0000000083900000, 0x0000000083a00000, 0x0000000083a00000|100%| O|  |TAMS 0x0000000083a00000, 0x0000000083900000| Untracked 
|  58|0x0000000083a00000, 0x0000000083b00000, 0x0000000083b00000|100%| O|  |TAMS 0x0000000083b00000, 0x0000000083a00000| Untracked 
|  59|0x0000000083b00000, 0x0000000083c00000, 0x0000000083c00000|100%| O|  |TAMS 0x0000000083b00000, 0x0000000083b00000| Untracked 
|  60|0x0000000083c00000, 0x0000000083d00000, 0x0000000083d00000|100%| O|  |TAMS 0x0000000083d00000, 0x0000000083c00000| Untracked 
|  61|0x0000000083d00000, 0x0000000083e00000, 0x0000000083e00000|100%| O|  |TAMS 0x0000000083e00000, 0x0000000083d00000| Untracked 
|  62|0x0000000083e00000, 0x0000000083f00000, 0x0000000083f00000|100%| O|  |TAMS 0x0000000083f00000, 0x0000000083e00000| Untracked 
|  63|0x0000000083f00000, 0x0000000084000000, 0x0000000084000000|100%| O|  |TAMS 0x0000000084000000, 0x0000000083f00000| Untracked 
|  64|0x0000000084000000, 0x0000000084100000, 0x0000000084100000|100%| O|  |TAMS 0x0000000084100000, 0x0000000084000000| Untracked 
|  65|0x0000000084100000, 0x0000000084200000, 0x0000000084200000|100%| O|  |TAMS 0x0000000084200000, 0x0000000084100000| Untracked 
|  66|0x0000000084200000, 0x0000000084300000, 0x0000000084300000|100%| O|  |TAMS 0x0000000084300000, 0x0000000084200000| Untracked 
|  67|0x0000000084300000, 0x0000000084400000, 0x0000000084400000|100%| O|  |TAMS 0x0000000084400000, 0x0000000084300000| Untracked 
|  68|0x0000000084400000, 0x0000000084500000, 0x0000000084500000|100%| O|  |TAMS 0x0000000084500000, 0x0000000084400000| Untracked 
|  69|0x0000000084500000, 0x0000000084600000, 0x0000000084600000|100%| O|  |TAMS 0x0000000084600000, 0x0000000084500000| Untracked 
|  70|0x0000000084600000, 0x0000000084700000, 0x0000000084700000|100%| O|  |TAMS 0x00000000846c7600, 0x0000000084600000| Untracked 
|  71|0x0000000084700000, 0x0000000084800000, 0x0000000084800000|100%| O|  |TAMS 0x0000000084800000, 0x0000000084700000| Untracked 
|  72|0x0000000084800000, 0x0000000084900000, 0x0000000084900000|100%| O|  |TAMS 0x0000000084800000, 0x0000000084800000| Untracked 
|  73|0x0000000084900000, 0x0000000084a00000, 0x0000000084a00000|100%| O|  |TAMS 0x0000000084900000, 0x0000000084900000| Untracked 
|  74|0x0000000084a00000, 0x0000000084b00000, 0x0000000084b00000|100%| O|  |TAMS 0x0000000084a00000, 0x0000000084a00000| Untracked 
|  75|0x0000000084b00000, 0x0000000084c00000, 0x0000000084c00000|100%| O|  |TAMS 0x0000000084b00000, 0x0000000084b00000| Untracked 
|  76|0x0000000084c00000, 0x0000000084cb4a00, 0x0000000084d00000| 70%| O|  |TAMS 0x0000000084c00000, 0x0000000084c00000| Untracked 
|  77|0x0000000084d00000, 0x0000000084d00000, 0x0000000084e00000|  0%| F|  |TAMS 0x0000000084d00000, 0x0000000084d00000| Untracked 
|  78|0x0000000084e00000, 0x0000000084e00000, 0x0000000084f00000|  0%| F|  |TAMS 0x0000000084e00000, 0x0000000084e00000| Untracked 
|  79|0x0000000084f00000, 0x0000000084f00000, 0x0000000085000000|  0%| F|  |TAMS 0x0000000084f00000, 0x0000000084f00000| Untracked 
|  80|0x0000000085000000, 0x0000000085000000, 0x0000000085100000|  0%| F|  |TAMS 0x0000000085000000, 0x0000000085000000| Untracked 
|  81|0x0000000085100000, 0x0000000085100000, 0x0000000085200000|  0%| F|  |TAMS 0x0000000085100000, 0x0000000085100000| Untracked 
|  82|0x0000000085200000, 0x0000000085300000, 0x0000000085300000|100%| O|  |TAMS 0x0000000085300000, 0x0000000085200000| Untracked 
|  83|0x0000000085300000, 0x0000000085400000, 0x0000000085400000|100%| O|  |TAMS 0x0000000085400000, 0x0000000085300000| Untracked 
|  84|0x0000000085400000, 0x0000000085400000, 0x0000000085500000|  0%| F|  |TAMS 0x0000000085400000, 0x0000000085400000| Untracked 
|  85|0x0000000085500000, 0x0000000085500000, 0x0000000085600000|  0%| F|  |TAMS 0x0000000085500000, 0x0000000085500000| Untracked 
|  86|0x0000000085600000, 0x0000000085700000, 0x0000000085700000|100%| O|  |TAMS 0x0000000085700000, 0x0000000085600000| Untracked 
|  87|0x0000000085700000, 0x0000000085800000, 0x0000000085800000|100%| O|  |TAMS 0x0000000085800000, 0x0000000085700000| Untracked 
|  88|0x0000000085800000, 0x0000000085900000, 0x0000000085900000|100%| O|  |TAMS 0x0000000085900000, 0x0000000085800000| Untracked 
|  89|0x0000000085900000, 0x0000000085a00000, 0x0000000085a00000|100%| O|  |TAMS 0x0000000085a00000, 0x0000000085900000| Untracked 
|  90|0x0000000085a00000, 0x0000000085b00000, 0x0000000085b00000|100%| O|  |TAMS 0x0000000085a00000, 0x0000000085a00000| Untracked 
|  91|0x0000000085b00000, 0x0000000085c00000, 0x0000000085c00000|100%| O|  |TAMS 0x0000000085c00000, 0x0000000085b00000| Untracked 
|  92|0x0000000085c00000, 0x0000000085d00000, 0x0000000085d00000|100%| O|  |TAMS 0x0000000085d00000, 0x0000000085c00000| Untracked 
|  93|0x0000000085d00000, 0x0000000085e00000, 0x0000000085e00000|100%| O|  |TAMS 0x0000000085e00000, 0x0000000085d00000| Untracked 
|  94|0x0000000085e00000, 0x0000000085f00000, 0x0000000085f00000|100%| O|  |TAMS 0x0000000085f00000, 0x0000000085e00000| Untracked 
|  95|0x0000000085f00000, 0x0000000086000000, 0x0000000086000000|100%| O|  |TAMS 0x0000000086000000, 0x0000000085f00000| Untracked 
|  96|0x0000000086000000, 0x0000000086000000, 0x0000000086100000|  0%| F|  |TAMS 0x0000000086000000, 0x0000000086000000| Untracked 
|  97|0x0000000086100000, 0x0000000086100000, 0x0000000086200000|  0%| F|  |TAMS 0x0000000086100000, 0x0000000086100000| Untracked 
|  98|0x0000000086200000, 0x0000000086200000, 0x0000000086300000|  0%| F|  |TAMS 0x0000000086200000, 0x0000000086200000| Untracked 
|  99|0x0000000086300000, 0x0000000086300000, 0x0000000086400000|  0%| F|  |TAMS 0x0000000086300000, 0x0000000086300000| Untracked 
| 100|0x0000000086400000, 0x0000000086400000, 0x0000000086500000|  0%| F|  |TAMS 0x0000000086400000, 0x0000000086400000| Untracked 
| 101|0x0000000086500000, 0x0000000086500000, 0x0000000086600000|  0%| F|  |TAMS 0x0000000086500000, 0x0000000086500000| Untracked 
| 102|0x0000000086600000, 0x0000000086600000, 0x0000000086700000|  0%| F|  |TAMS 0x0000000086600000, 0x0000000086600000| Untracked 
| 103|0x0000000086700000, 0x0000000086700000, 0x0000000086800000|  0%| F|  |TAMS 0x0000000086700000, 0x0000000086700000| Untracked 
| 104|0x0000000086800000, 0x0000000086800000, 0x0000000086900000|  0%| F|  |TAMS 0x0000000086800000, 0x0000000086800000| Untracked 
| 105|0x0000000086900000, 0x0000000086900000, 0x0000000086a00000|  0%| F|  |TAMS 0x0000000086900000, 0x0000000086900000| Untracked 
| 106|0x0000000086a00000, 0x0000000086a00000, 0x0000000086b00000|  0%| F|  |TAMS 0x0000000086a00000, 0x0000000086a00000| Untracked 
| 107|0x0000000086b00000, 0x0000000086b00000, 0x0000000086c00000|  0%| F|  |TAMS 0x0000000086b00000, 0x0000000086b00000| Untracked 
| 108|0x0000000086c00000, 0x0000000086d00000, 0x0000000086d00000|100%| O|  |TAMS 0x0000000086c00000, 0x0000000086c00000| Untracked 
| 109|0x0000000086d00000, 0x0000000086e00000, 0x0000000086e00000|100%| O|  |TAMS 0x0000000086d00000, 0x0000000086d00000| Untracked 
| 110|0x0000000086e00000, 0x0000000086e00000, 0x0000000086f00000|  0%| F|  |TAMS 0x0000000086e00000, 0x0000000086e00000| Untracked 
| 111|0x0000000086f00000, 0x0000000086f00000, 0x0000000087000000|  0%| F|  |TAMS 0x0000000086f00000, 0x0000000086f00000| Untracked 
| 112|0x0000000087000000, 0x00000000870ea090, 0x0000000087100000| 91%| S|CS|TAMS 0x0000000087000000, 0x0000000087000000| Complete 
| 113|0x0000000087100000, 0x0000000087200000, 0x0000000087200000|100%| S|CS|TAMS 0x0000000087100000, 0x0000000087100000| Complete 
| 114|0x0000000087200000, 0x0000000087200000, 0x0000000087300000|  0%| F|  |TAMS 0x0000000087200000, 0x0000000087200000| Untracked 
| 115|0x0000000087300000, 0x0000000087300000, 0x0000000087400000|  0%| F|  |TAMS 0x0000000087300000, 0x0000000087300000| Untracked 
| 116|0x0000000087400000, 0x0000000087400000, 0x0000000087500000|  0%| F|  |TAMS 0x0000000087400000, 0x0000000087400000| Untracked 
| 117|0x0000000087500000, 0x0000000087500000, 0x0000000087600000|  0%| F|  |TAMS 0x0000000087500000, 0x0000000087500000| Untracked 
| 118|0x0000000087600000, 0x0000000087600000, 0x0000000087700000|  0%| F|  |TAMS 0x0000000087600000, 0x0000000087600000| Untracked 
| 119|0x0000000087700000, 0x0000000087700000, 0x0000000087800000|  0%| F|  |TAMS 0x0000000087700000, 0x0000000087700000| Untracked 
| 120|0x0000000087800000, 0x0000000087800000, 0x0000000087900000|  0%| F|  |TAMS 0x0000000087800000, 0x0000000087800000| Untracked 
| 121|0x0000000087900000, 0x0000000087900000, 0x0000000087a00000|  0%| F|  |TAMS 0x0000000087900000, 0x0000000087900000| Untracked 
| 122|0x0000000087a00000, 0x0000000087a00000, 0x0000000087b00000|  0%| F|  |TAMS 0x0000000087a00000, 0x0000000087a00000| Untracked 
| 123|0x0000000087b00000, 0x0000000087b00000, 0x0000000087c00000|  0%| F|  |TAMS 0x0000000087b00000, 0x0000000087b00000| Untracked 
| 124|0x0000000087c00000, 0x0000000087c00000, 0x0000000087d00000|  0%| F|  |TAMS 0x0000000087c00000, 0x0000000087c00000| Untracked 
| 125|0x0000000087d00000, 0x0000000087d31c60, 0x0000000087e00000| 19%| E|  |TAMS 0x0000000087d00000, 0x0000000087d00000| Complete 
| 126|0x0000000087e00000, 0x0000000087f00000, 0x0000000087f00000|100%| E|CS|TAMS 0x0000000087e00000, 0x0000000087e00000| Complete 
| 127|0x0000000087f00000, 0x0000000088000000, 0x0000000088000000|100%| E|CS|TAMS 0x0000000087f00000, 0x0000000087f00000| Complete 
| 128|0x0000000088000000, 0x0000000088100000, 0x0000000088100000|100%| E|CS|TAMS 0x0000000088000000, 0x0000000088000000| Complete 
| 129|0x0000000088100000, 0x0000000088200000, 0x0000000088200000|100%| E|CS|TAMS 0x0000000088100000, 0x0000000088100000| Complete 
| 130|0x0000000088200000, 0x0000000088300000, 0x0000000088300000|100%| E|CS|TAMS 0x0000000088200000, 0x0000000088200000| Complete 
| 131|0x0000000088300000, 0x0000000088400000, 0x0000000088400000|100%| E|CS|TAMS 0x0000000088300000, 0x0000000088300000| Complete 
| 132|0x0000000088400000, 0x0000000088500000, 0x0000000088500000|100%| E|CS|TAMS 0x0000000088400000, 0x0000000088400000| Complete 
| 133|0x0000000088500000, 0x0000000088600000, 0x0000000088600000|100%| E|CS|TAMS 0x0000000088500000, 0x0000000088500000| Complete 
| 134|0x0000000088600000, 0x0000000088700000, 0x0000000088700000|100%| E|CS|TAMS 0x0000000088600000, 0x0000000088600000| Complete 
| 135|0x0000000088700000, 0x0000000088800000, 0x0000000088800000|100%| E|CS|TAMS 0x0000000088700000, 0x0000000088700000| Complete 

Card table byte_map: [0x00000209fc9c0000,0x00000209fcdc0000] _byte_map_base: 0x00000209fc5c0000

Marking Bits (Prev, Next): (CMBitMap*) 0x00000209f85ac9d8, (CMBitMap*) 0x00000209f85aca10
 Prev Bits: [0x00000209fd1c0000, 0x00000209ff1c0000)
 Next Bits: [0x000002098f000000, 0x0000020991000000)

Polling page: 0x00000209f6530000

Metaspace:

Usage:
  Non-class:     96.56 MB capacity,    94.63 MB ( 98%) used,     1.55 MB (  2%) free+waste,   379.88 KB ( <1%) overhead. 
      Class:     15.48 MB capacity,    14.27 MB ( 92%) used,     1.04 MB (  7%) free+waste,   173.00 KB (  1%) overhead. 
       Both:    112.04 MB capacity,   108.90 MB ( 97%) used,     2.59 MB (  2%) free+waste,   552.88 KB ( <1%) overhead. 

Virtual space:
  Non-class space:       98.00 MB reserved,      96.92 MB ( 99%) committed 
      Class space:        1.00 GB reserved,      15.63 MB (  2%) committed 
             Both:        1.10 GB reserved,     112.54 MB ( 10%) committed 

Chunk freelists:
   Non-Class:  122.00 KB
       Class:  84.00 KB
        Both:  206.00 KB

MaxMetaspaceSize: 17179869184.00 GB
CompressedClassSpaceSize: 1.00 GB
Initial GC threshold: 20.80 MB
Current GC threshold: 186.53 MB
CDS: off

CodeHeap 'non-profiled nmethods': size=120000Kb used=7742Kb max_used=7742Kb free=112257Kb
 bounds [0x0000020987ad0000, 0x0000020988260000, 0x000002098f000000]
CodeHeap 'profiled nmethods': size=120000Kb used=30905Kb max_used=30905Kb free=89094Kb
 bounds [0x00000209805a0000, 0x00000209823d0000, 0x0000020987ad0000]
CodeHeap 'non-nmethods': size=5760Kb used=2428Kb max_used=2481Kb free=3331Kb
 bounds [0x0000020980000000, 0x0000020980280000, 0x00000209805a0000]
 total_blobs=15582 nmethods=14627 adapters=866
 compilation: enabled
              stopped_count=0, restarted_count=0
 full_count=0

Compilation events (20 events):
Event: 167.754 Thread 0x00000209ffe44800 15104       3       org.gradle.api.internal.artifacts.ivyservice.resolveengine.graph.conflicts.VersionConflictResolutionDetails::<init> (20 bytes)
Event: 167.754 Thread 0x00000209ffe44800 nmethod 15104 0x00000209823cdc10 code [0x00000209823cdde0, 0x00000209823ce068]
Event: 167.761 Thread 0x00000209ffe44800 15106       1       org.gradle.internal.component.external.model.maven.DefaultMavenModuleResolveMetadata::isRelocated (5 bytes)
Event: 167.761 Thread 0x00000209ffe44800 nmethod 15106 0x000002098825e310 code [0x000002098825e4c0, 0x000002098825e578]
Event: 167.761 Thread 0x00000209ffe44800 15107       1       org.gradle.api.internal.artifacts.ivyservice.ivyresolve.CachingModuleComponentRepository::access$1000 (5 bytes)
Event: 167.762 Thread 0x00000209ffe44800 nmethod 15107 0x000002098825e610 code [0x000002098825e7c0, 0x000002098825e858]
Event: 167.762 Thread 0x00000209ffe44800 15108       1       org.gradle.api.internal.artifacts.ivyservice.modulecache.artifacts.DefaultCachedArtifacts::getAgeMillis (5 bytes)
Event: 167.762 Thread 0x00000209ffe44800 nmethod 15108 0x000002098825e910 code [0x000002098825eac0, 0x000002098825eb78]
Event: 167.762 Thread 0x00000209ffe44800 15109       1       org.gradle.api.internal.artifacts.ivyservice.modulecache.artifacts.DefaultCachedArtifacts::getDescriptorHash (5 bytes)
Event: 167.762 Thread 0x00000209ffe44800 nmethod 15109 0x000002098825ec10 code [0x000002098825edc0, 0x000002098825ee78]
Event: 167.762 Thread 0x00000209ffe44800 15110       1       org.gradle.api.internal.artifacts.ivyservice.modulecache.artifacts.DefaultCachedArtifacts::getArtifacts (5 bytes)
Event: 167.762 Thread 0x00000209ffe44800 nmethod 15110 0x000002098825ef10 code [0x000002098825f0c0, 0x000002098825f178]
Event: 167.766 Thread 0x00000209ffe44800 15112       1       org.gradle.api.internal.artifacts.ivyservice.DefaultLenientConfiguration::access$000 (5 bytes)
Event: 167.766 Thread 0x00000209ffe44800 nmethod 15112 0x000002098825f210 code [0x000002098825f3c0, 0x000002098825f458]
Event: 167.766 Thread 0x00000209ffe44800 15113       1       org.gradle.api.internal.artifacts.ivyservice.DefaultLenientConfiguration::access$100 (5 bytes)
Event: 167.767 Thread 0x00000209ffe44800 nmethod 15113 0x000002098825f510 code [0x000002098825f6c0, 0x000002098825f758]
Event: 167.767 Thread 0x00000209ffe44800 15114       1       org.gradle.api.internal.artifacts.configurations.DefaultConfiguration::getIdentityPath (5 bytes)
Event: 167.767 Thread 0x00000209ffe44800 nmethod 15114 0x000002098825f810 code [0x000002098825f9c0, 0x000002098825fa78]
Event: 169.915 Thread 0x00000209ffe44800 15115       3       java.util.concurrent.ScheduledThreadPoolExecutor$ScheduledFutureTask::isPeriodic (15 bytes)
Event: 169.915 Thread 0x00000209ffe44800 nmethod 15115 0x00000209823ce190 code [0x00000209823ce340, 0x00000209823ce4b8]

GC Heap History (20 events):
Event: 71.178 GC heap before
{Heap before GC invocations=50 (full 0):
 garbage-first heap   total 139264K, used 97195K [0x0000000080000000, 0x0000000100000000)
  region size 1024K, 6 young (6144K), 3 survivors (3072K)
 Metaspace       used 99910K, capacity 102667K, committed 102828K, reserved 1138688K
  class space    used 12936K, capacity 13985K, committed 14080K, reserved 1048576K
}
Event: 71.189 GC heap after
{Heap after GC invocations=51 (full 0):
 garbage-first heap   total 139264K, used 86564K [0x0000000080000000, 0x0000000100000000)
  region size 1024K, 1 young (1024K), 1 survivors (1024K)
 Metaspace       used 99910K, capacity 102667K, committed 102828K, reserved 1138688K
  class space    used 12936K, capacity 13985K, committed 14080K, reserved 1048576K
}
Event: 71.917 GC heap before
{Heap before GC invocations=51 (full 0):
 garbage-first heap   total 139264K, used 111140K [0x0000000080000000, 0x0000000100000000)
  region size 1024K, 25 young (25600K), 1 survivors (1024K)
 Metaspace       used 100155K, capacity 102938K, committed 103084K, reserved 1138688K
  class space    used 12947K, capacity 14004K, committed 14080K, reserved 1048576K
}
Event: 71.926 GC heap after
{Heap after GC invocations=52 (full 0):
 garbage-first heap   total 139264K, used 88859K [0x0000000080000000, 0x0000000100000000)
  region size 1024K, 4 young (4096K), 4 survivors (4096K)
 Metaspace       used 100155K, capacity 102938K, committed 103084K, reserved 1138688K
  class space    used 12947K, capacity 14004K, committed 14080K, reserved 1048576K
}
Event: 73.394 GC heap before
{Heap before GC invocations=53 (full 0):
 garbage-first heap   total 139264K, used 111387K [0x0000000080000000, 0x0000000100000000)
  region size 1024K, 27 young (27648K), 4 survivors (4096K)
 Metaspace       used 104079K, capacity 107193K, committed 107436K, reserved 1142784K
  class space    used 13586K, capacity 14774K, committed 14848K, reserved 1048576K
}
Event: 73.401 GC heap after
{Heap after GC invocations=54 (full 0):
 garbage-first heap   total 139264K, used 91058K [0x0000000080000000, 0x0000000100000000)
  region size 1024K, 3 young (3072K), 3 survivors (3072K)
 Metaspace       used 104079K, capacity 107193K, committed 107436K, reserved 1142784K
  class space    used 13586K, capacity 14774K, committed 14848K, reserved 1048576K
}
Event: 73.525 GC heap before
{Heap before GC invocations=54 (full 0):
 garbage-first heap   total 139264K, used 93106K [0x0000000080000000, 0x0000000100000000)
  region size 1024K, 6 young (6144K), 3 survivors (3072K)
 Metaspace       used 104336K, capacity 107453K, committed 107692K, reserved 1142784K
  class space    used 13628K, capacity 14814K, committed 14848K, reserved 1048576K
}
Event: 73.532 GC heap after
{Heap after GC invocations=55 (full 0):
 garbage-first heap   total 139264K, used 84041K [0x0000000080000000, 0x0000000100000000)
  region size 1024K, 1 young (1024K), 1 survivors (1024K)
 Metaspace       used 104336K, capacity 107453K, committed 107692K, reserved 1142784K
  class space    used 13628K, capacity 14814K, committed 14848K, reserved 1048576K
}
Event: 74.570 GC heap before
{Heap before GC invocations=55 (full 0):
 garbage-first heap   total 139264K, used 109641K [0x0000000080000000, 0x0000000100000000)
  region size 1024K, 27 young (27648K), 1 survivors (1024K)
 Metaspace       used 106800K, capacity 109981K, committed 110252K, reserved 1144832K
  class space    used 14099K, capacity 15292K, committed 15360K, reserved 1048576K
}
Event: 74.575 GC heap after
{Heap after GC invocations=56 (full 0):
 garbage-first heap   total 139264K, used 84653K [0x0000000080000000, 0x0000000100000000)
  region size 1024K, 2 young (2048K), 2 survivors (2048K)
 Metaspace       used 106800K, capacity 109981K, committed 110252K, reserved 1144832K
  class space    used 14099K, capacity 15292K, committed 15360K, reserved 1048576K
}
Event: 75.264 GC heap before
{Heap before GC invocations=56 (full 0):
 garbage-first heap   total 139264K, used 112301K [0x0000000080000000, 0x0000000100000000)
  region size 1024K, 29 young (29696K), 2 survivors (2048K)
 Metaspace       used 108782K, capacity 111965K, committed 112044K, reserved 1146880K
  class space    used 14359K, capacity 15548K, committed 15616K, reserved 1048576K
}
Event: 75.268 GC heap after
{Heap after GC invocations=57 (full 0):
 garbage-first heap   total 139264K, used 85001K [0x0000000080000000, 0x0000000100000000)
  region size 1024K, 2 young (2048K), 2 survivors (2048K)
 Metaspace       used 108782K, capacity 111965K, committed 112044K, reserved 1146880K
  class space    used 14359K, capacity 15548K, committed 15616K, reserved 1048576K
}
Event: 76.454 GC heap before
{Heap before GC invocations=57 (full 0):
 garbage-first heap   total 139264K, used 119817K [0x0000000080000000, 0x0000000100000000)
  region size 1024K, 30 young (30720K), 2 survivors (2048K)
 Metaspace       used 111127K, capacity 114358K, committed 114604K, reserved 1148928K
  class space    used 14632K, capacity 15865K, committed 15872K, reserved 1048576K
}
Event: 76.462 GC heap after
{Heap after GC invocations=58 (full 0):
 garbage-first heap   total 139264K, used 96029K [0x0000000080000000, 0x0000000100000000)
  region size 1024K, 4 young (4096K), 4 survivors (4096K)
 Metaspace       used 111127K, capacity 114358K, committed 114604K, reserved 1148928K
  class space    used 14632K, capacity 15865K, committed 15872K, reserved 1048576K
}
Event: 127.671 GC heap before
{Heap before GC invocations=59 (full 0):
 garbage-first heap   total 139264K, used 129821K [0x0000000080000000, 0x0000000100000000)
  region size 1024K, 26 young (26624K), 4 survivors (4096K)
 Metaspace       used 111172K, capacity 114369K, committed 114988K, reserved 1148928K
  class space    used 14591K, capacity 15813K, committed 16000K, reserved 1048576K
}
Event: 127.819 GC heap after
{Heap after GC invocations=60 (full 0):
 garbage-first heap   total 139264K, used 89785K [0x0000000080000000, 0x0000000100000000)
  region size 1024K, 3 young (3072K), 3 survivors (3072K)
 Metaspace       used 111172K, capacity 114369K, committed 114988K, reserved 1148928K
  class space    used 14591K, capacity 15813K, committed 16000K, reserved 1048576K
}
Event: 128.951 GC heap before
{Heap before GC invocations=60 (full 0):
 garbage-first heap   total 139264K, used 112313K [0x0000000080000000, 0x0000000100000000)
  region size 1024K, 26 young (26624K), 3 survivors (3072K)
 Metaspace       used 111381K, capacity 114651K, committed 115244K, reserved 1148928K
  class space    used 14600K, capacity 15828K, committed 16000K, reserved 1048576K
}
Event: 128.967 GC heap after
{Heap after GC invocations=61 (full 0):
 garbage-first heap   total 139264K, used 93127K [0x0000000080000000, 0x0000000100000000)
  region size 1024K, 4 young (4096K), 4 survivors (4096K)
 Metaspace       used 111381K, capacity 114651K, committed 115244K, reserved 1148928K
  class space    used 14600K, capacity 15828K, committed 16000K, reserved 1048576K
}
Event: 165.215 GC heap before
{Heap before GC invocations=61 (full 0):
 garbage-first heap   total 139264K, used 114631K [0x0000000080000000, 0x0000000100000000)
  region size 1024K, 26 young (26624K), 4 survivors (4096K)
 Metaspace       used 111502K, capacity 114726K, committed 115244K, reserved 1148928K
  class space    used 14613K, capacity 15852K, committed 16000K, reserved 1048576K
}
Event: 166.227 GC heap after
{Heap after GC invocations=62 (full 0):
 garbage-first heap   total 139264K, used 94842K [0x0000000080000000, 0x0000000100000000)
  region size 1024K, 2 young (2048K), 2 survivors (2048K)
 Metaspace       used 111502K, capacity 114726K, committed 115244K, reserved 1148928K
  class space    used 14613K, capacity 15852K, committed 16000K, reserved 1048576K
}

Deoptimization events (20 events):
Event: 166.381 Thread 0x000002099bbbe000 Uncommon trap: trap_request=0xffffff6e fr.pc=0x000002098823b9b0 relative=0x0000000000006c30
Event: 166.381 Thread 0x000002099bbbe000 Uncommon trap: reason=speculate_class_check action=maybe_recompile pc=0x000002098823b9b0 method=java.io.ObjectOutputStream.writeNonProxyDesc(Ljava/io/ObjectStreamClass;Z)V @ 44 c2
Event: 166.381 Thread 0x000002099bbbe000 DEOPT PACKING pc=0x000002098823b9b0 sp=0x0000001e0cefe7c0
Event: 166.381 Thread 0x000002099bbbe000 DEOPT UNPACKING pc=0x000002098004a1af sp=0x0000001e0cefe698 mode 2
Event: 166.385 Thread 0x000002099bbbe000 Uncommon trap: trap_request=0xffffff6e fr.pc=0x000002098823b9b0 relative=0x0000000000006c30
Event: 166.385 Thread 0x000002099bbbe000 Uncommon trap: reason=speculate_class_check action=maybe_recompile pc=0x000002098823b9b0 method=java.io.ObjectOutputStream.writeNonProxyDesc(Ljava/io/ObjectStreamClass;Z)V @ 44 c2
Event: 166.385 Thread 0x000002099bbbe000 DEOPT PACKING pc=0x000002098823b9b0 sp=0x0000001e0cefe4c0
Event: 166.385 Thread 0x000002099bbbe000 DEOPT UNPACKING pc=0x000002098004a1af sp=0x0000001e0cefe398 mode 2
Event: 166.385 Thread 0x000002099bbbe000 Uncommon trap: trap_request=0xffffff6e fr.pc=0x000002098823b9b0 relative=0x0000000000006c30
Event: 166.385 Thread 0x000002099bbbe000 Uncommon trap: reason=speculate_class_check action=maybe_recompile pc=0x000002098823b9b0 method=java.io.ObjectOutputStream.writeNonProxyDesc(Ljava/io/ObjectStreamClass;Z)V @ 44 c2
Event: 166.385 Thread 0x000002099bbbe000 DEOPT PACKING pc=0x000002098823b9b0 sp=0x0000001e0cefe1c0
Event: 166.386 Thread 0x000002099bbbe000 DEOPT UNPACKING pc=0x000002098004a1af sp=0x0000001e0cefe098 mode 2
Event: 166.386 Thread 0x000002099bbbe000 Uncommon trap: trap_request=0xffffff6e fr.pc=0x000002098823b9b0 relative=0x0000000000006c30
Event: 166.386 Thread 0x000002099bbbe000 Uncommon trap: reason=speculate_class_check action=maybe_recompile pc=0x000002098823b9b0 method=java.io.ObjectOutputStream.writeNonProxyDesc(Ljava/io/ObjectStreamClass;Z)V @ 44 c2
Event: 166.386 Thread 0x000002099bbbe000 DEOPT PACKING pc=0x000002098823b9b0 sp=0x0000001e0cefe1c0
Event: 166.386 Thread 0x000002099bbbe000 DEOPT UNPACKING pc=0x000002098004a1af sp=0x0000001e0cefe098 mode 2
Event: 166.548 Thread 0x0000020996931000 Uncommon trap: trap_request=0xffffffde fr.pc=0x0000020987f9c934 relative=0x00000000000003f4
Event: 166.548 Thread 0x0000020996931000 Uncommon trap: reason=class_check action=maybe_recompile pc=0x0000020987f9c934 method=org.gradle.cache.internal.LockOnDemandCrossProcessCacheAccess.incrementLockCount()V @ 97 c2
Event: 166.548 Thread 0x0000020996931000 DEOPT PACKING pc=0x0000020987f9c934 sp=0x0000001e0cdf7500
Event: 166.549 Thread 0x0000020996931000 DEOPT UNPACKING pc=0x000002098004a1af sp=0x0000001e0cdf74b0 mode 2

Classes redefined (0 events):
No events

Internal exceptions (20 events):
Event: 75.848 Thread 0x000002099dcea000 Implicit null exception at 0x0000020987c19e78 to 0x0000020987c1b110
Event: 75.954 Thread 0x000002099dcea000 Exception <a 'java/lang/NoSuchMethodError'{0x0000000087654750}: 'java.lang.Object java.lang.invoke.DirectMethodHandle$Holder.invokeStatic(java.lang.Object, java.lang.Object, java.lang.Object, java.lang.Object, java.lang.Object, int, java.lang.Object)'> (0x0000000087654750) thrown at [./src/hotspot/share/interpreter/linkResolver.cpp, line 773]
Event: 75.955 Thread 0x000002099dcea000 Exception <a 'java/lang/NoSuchMethodError'{0x000000008765b950}: 'java.lang.Object java.lang.invoke.Invokers$Holder.linkToTargetMethod(java.lang.Object, java.lang.Object, java.lang.Object, java.lang.Object, int, java.lang.Object, java.lang.Object)'> (0x000000008765b950) thrown at [./src/hotspot/share/interpreter/linkResolver.cpp, line 773]
Event: 76.065 Thread 0x000002099dcea000 Exception <a 'java/lang/NoSuchMethodError'{0x000000008724c668}: 'java.lang.Object java.lang.invoke.DirectMethodHandle$Holder.invokeStatic(java.lang.Object, java.lang.Object, java.lang.Object, java.lang.Object, java.lang.Object, java.lang.Object, java.lang.Object, int)'> (0x000000008724c668) thrown at [./src/hotspot/share/interpreter/linkResolver.cpp, line 773]
Event: 76.066 Thread 0x000002099dcea000 Exception <a 'java/lang/NoSuchMethodError'{0x0000000087250d78}: 'java.lang.Object java.lang.invoke.DirectMethodHandle$Holder.invokeSpecial(java.lang.Object, java.lang.Object, java.lang.Object, java.lang.Object, java.lang.Object, java.lang.Object, java.lang.Object, java.lang.Object, int)'> (0x0000000087250d78) thrown at [./src/hotspot/share/interpreter/linkResolver.cpp, line 773]
Event: 76.068 Thread 0x000002099dcea000 Exception <a 'java/lang/NoSuchMethodError'{0x0000000087254b30}: 'java.lang.Object java.lang.invoke.Invokers$Holder.linkToTargetMethod(java.lang.Object, java.lang.Object, java.lang.Object, java.lang.Object, java.lang.Object, java.lang.Object, int, java.lang.Object)'> (0x0000000087254b30) thrown at [./src/hotspot/share/interpreter/linkResolver.cpp, line 773]
Event: 76.657 Thread 0x000002099dcea000 Exception <a 'java/lang/NoSuchMethodError'{0x00000000886f29b8}: 'java.lang.Object java.lang.invoke.DirectMethodHandle$Holder.invokeVirtual(java.lang.Object, java.lang.Object, int)'> (0x00000000886f29b8) thrown at [./src/hotspot/share/interpreter/linkResolver.cpp, line 773]
Event: 76.790 Thread 0x0000020996931000 Exception <a 'sun/nio/fs/WindowsException'{0x00000000885800a0}> (0x00000000885800a0) thrown at [./src/hotspot/share/prims/jni.cpp, line 615]
Event: 76.790 Thread 0x0000020996931000 Exception <a 'sun/nio/fs/WindowsException'{0x00000000885801f8}> (0x00000000885801f8) thrown at [./src/hotspot/share/prims/jni.cpp, line 615]
Event: 76.790 Thread 0x0000020996931000 Exception <a 'sun/nio/fs/WindowsException'{0x0000000088581ad8}> (0x0000000088581ad8) thrown at [./src/hotspot/share/prims/jni.cpp, line 615]
Event: 128.173 Thread 0x0000020996931000 Exception <a 'sun/nio/fs/WindowsException'{0x000000008802ded0}> (0x000000008802ded0) thrown at [./src/hotspot/share/prims/jni.cpp, line 615]
Event: 128.371 Thread 0x0000020996931000 Exception <a 'java/lang/NoClassDefFoundError'{0x0000000087d71b90}: org/jetbrains/kotlin/gradle/plugin/KotlinBasePluginWrapper> (0x0000000087d71b90) thrown at [./src/hotspot/share/oops/constantPool.cpp, line 775]
Event: 128.509 Thread 0x0000020996931000 Exception <a 'sun/nio/fs/WindowsException'{0x0000000087a50100}> (0x0000000087a50100) thrown at [./src/hotspot/share/prims/jni.cpp, line 615]
Event: 128.582 Thread 0x0000020996931000 Exception <a 'sun/nio/fs/WindowsException'{0x0000000087aecf50}> (0x0000000087aecf50) thrown at [./src/hotspot/share/prims/jni.cpp, line 615]
Event: 128.583 Thread 0x0000020996931000 Exception <a 'sun/nio/fs/WindowsException'{0x0000000087aee2d8}> (0x0000000087aee2d8) thrown at [./src/hotspot/share/prims/jni.cpp, line 615]
Event: 128.583 Thread 0x0000020996931000 Exception <a 'sun/nio/fs/WindowsException'{0x0000000087aef6b0}> (0x0000000087aef6b0) thrown at [./src/hotspot/share/prims/jni.cpp, line 615]
Event: 128.583 Thread 0x0000020996931000 Exception <a 'sun/nio/fs/WindowsException'{0x0000000087af0a88}> (0x0000000087af0a88) thrown at [./src/hotspot/share/prims/jni.cpp, line 615]
Event: 129.447 Thread 0x0000020996931000 Exception <a 'sun/nio/fs/WindowsException'{0x0000000087790a80}> (0x0000000087790a80) thrown at [./src/hotspot/share/prims/jni.cpp, line 615]
Event: 129.447 Thread 0x0000020996931000 Exception <a 'sun/nio/fs/WindowsException'{0x0000000087790bd8}> (0x0000000087790bd8) thrown at [./src/hotspot/share/prims/jni.cpp, line 615]
Event: 129.447 Thread 0x0000020996931000 Exception <a 'sun/nio/fs/WindowsException'{0x0000000087640098}> (0x0000000087640098) thrown at [./src/hotspot/share/prims/jni.cpp, line 615]

Events (20 events):
Event: 168.719 Thread 0x000002099dcea800 Thread added: 0x000002099dcea800
Event: 168.720 Thread 0x000002099dcf9800 Thread added: 0x000002099dcf9800
Event: 168.721 Thread 0x000002099dcf7800 Thread added: 0x000002099dcf7800
Event: 168.721 Thread 0x000002099dcfb000 Thread added: 0x000002099dcfb000
Event: 168.722 Thread 0x000002099dcfa000 Thread added: 0x000002099dcfa000
Event: 168.723 Thread 0x000002099dcf7000 Thread added: 0x000002099dcf7000
Event: 168.724 Thread 0x000002099dcf8800 Thread added: 0x000002099dcf8800
Event: 168.724 Thread 0x000002099dcf5800 Thread added: 0x000002099dcf5800
Event: 168.724 Thread 0x000002099dcfc000 Thread added: 0x000002099dcfc000
Event: 168.725 Thread 0x000002099dcf6000 Thread added: 0x000002099dcf6000
Event: 168.725 Thread 0x000002099dcff000 Thread added: 0x000002099dcff000
Event: 168.725 Thread 0x000002099dcfd800 Thread added: 0x000002099dcfd800
Event: 168.726 Thread 0x000002099dd00000 Thread added: 0x000002099dd00000
Event: 168.726 Thread 0x000002099dcfc800 Thread added: 0x000002099dcfc800
Event: 168.726 Thread 0x000002099dd00800 Thread added: 0x000002099dd00800
Event: 168.727 Thread 0x000002099dd01800 Thread added: 0x000002099dd01800
Event: 168.727 Thread 0x000002099dcfe000 Thread added: 0x000002099dcfe000
Event: 168.728 Thread 0x000002099dd05000 Thread added: 0x000002099dd05000
Event: 168.728 Thread 0x000002099dd08000 Thread added: 0x000002099dd08000
Event: 170.743 Thread 0x000002099dd04000 Thread added: 0x000002099dd04000


Dynamic libraries:
0x00007ff63e430000 - 0x00007ff63e43a000 	C:\Program Files\Android\Android Studio\jre\bin\java.exe
0x00007ffafdbd0000 - 0x00007ffafdde9000 	C:\WINDOWS\SYSTEM32\ntdll.dll
0x00007ffafc810000 - 0x00007ffafc8d2000 	C:\WINDOWS\System32\KERNEL32.DLL
0x00007ffafb4b0000 - 0x00007ffafb84f000 	C:\WINDOWS\System32\KERNELBASE.dll
0x00007ffafaff0000 - 0x00007ffafb10b000 	C:\WINDOWS\System32\ucrtbase.dll
0x00007ffa73a30000 - 0x00007ffa73a49000 	C:\Program Files\Android\Android Studio\jre\bin\jli.dll
0x00007ffa73a10000 - 0x00007ffa73a27000 	C:\Program Files\Android\Android Studio\jre\bin\VCRUNTIME140.dll
0x00007ffafba00000 - 0x00007ffafbbac000 	C:\WINDOWS\System32\USER32.dll
0x00007ffae15a0000 - 0x00007ffae1831000 	C:\WINDOWS\WinSxS\amd64_microsoft.windows.common-controls_6595b64144ccf1df_6.0.25211.1001_none_78235de15b00272f\COMCTL32.dll
0x00007ffafafc0000 - 0x00007ffafafe6000 	C:\WINDOWS\System32\win32u.dll
0x00007ffafdb60000 - 0x00007ffafdb89000 	C:\WINDOWS\System32\GDI32.dll
0x00007ffafbfd0000 - 0x00007ffafc077000 	C:\WINDOWS\System32\msvcrt.dll
0x00007ffafb2f0000 - 0x00007ffafb406000 	C:\WINDOWS\System32\gdi32full.dll
0x00007ffafb410000 - 0x00007ffafb4aa000 	C:\WINDOWS\System32\msvcp_win.dll
0x00007ffafc7d0000 - 0x00007ffafc801000 	C:\WINDOWS\System32\IMM32.DLL
0x00007ffa72930000 - 0x00007ffa729cd000 	C:\Program Files\Android\Android Studio\jre\bin\msvcp140.dll
0x00007ffa99940000 - 0x00007ffa9a425000 	C:\Program Files\Android\Android Studio\jre\bin\server\jvm.dll
0x00007ffafcf30000 - 0x00007ffafcfde000 	C:\WINDOWS\System32\ADVAPI32.dll
0x00007ffafc380000 - 0x00007ffafc426000 	C:\WINDOWS\System32\sechost.dll
0x00007ffafda30000 - 0x00007ffafdb57000 	C:\WINDOWS\System32\RPCRT4.dll
0x00007ffafc2f0000 - 0x00007ffafc2f8000 	C:\WINDOWS\System32\PSAPI.DLL
0x00007ffad4630000 - 0x00007ffad4639000 	C:\WINDOWS\SYSTEM32\WSOCK32.dll
0x00007ffaf1810000 - 0x00007ffaf181a000 	C:\WINDOWS\SYSTEM32\VERSION.dll
0x00007ffafd9b0000 - 0x00007ffafda1f000 	C:\WINDOWS\System32\WS2_32.dll
0x00007ffaf4310000 - 0x00007ffaf4346000 	C:\WINDOWS\SYSTEM32\WINMM.dll
0x00007ffaf9f70000 - 0x00007ffaf9f88000 	C:\WINDOWS\SYSTEM32\kernel.appcore.dll
0x00007ffaa1720000 - 0x00007ffaa1731000 	C:\Program Files\Android\Android Studio\jre\bin\verify.dll
0x00007ffaf8950000 - 0x00007ffaf8b81000 	C:\WINDOWS\SYSTEM32\DBGHELP.DLL
0x00007ffafbc40000 - 0x00007ffafbfc9000 	C:\WINDOWS\System32\combase.dll
0x00007ffafc8e0000 - 0x00007ffafc9b8000 	C:\WINDOWS\System32\OLEAUT32.dll
0x00007ffaea2e0000 - 0x00007ffaea312000 	C:\WINDOWS\SYSTEM32\dbgcore.DLL
0x00007ffafb860000 - 0x00007ffafb8d9000 	C:\WINDOWS\System32\bcryptPrimitives.dll
0x00007ffa9d1e0000 - 0x00007ffa9d209000 	C:\Program Files\Android\Android Studio\jre\bin\java.dll
0x00007ffacfff0000 - 0x00007ffacfffb000 	C:\Program Files\Android\Android Studio\jre\bin\jimage.dll
0x00007ffa9d1c0000 - 0x00007ffa9d1d8000 	C:\Program Files\Android\Android Studio\jre\bin\zip.dll
0x00007ffafd010000 - 0x00007ffafd7e7000 	C:\WINDOWS\System32\SHELL32.dll
0x00007ffaf8f10000 - 0x00007ffaf97a6000 	C:\WINDOWS\SYSTEM32\windows.storage.dll
0x00007ffaf8d70000 - 0x00007ffaf8f03000 	C:\WINDOWS\SYSTEM32\wintypes.dll
0x00007ffafc9c0000 - 0x00007ffafcaad000 	C:\WINDOWS\System32\SHCORE.dll
0x00007ffafc740000 - 0x00007ffafc79d000 	C:\WINDOWS\System32\shlwapi.dll
0x00007ffafaef0000 - 0x00007ffafaf12000 	C:\WINDOWS\SYSTEM32\profapi.dll
0x00007ffa9d120000 - 0x00007ffa9d13a000 	C:\Program Files\Android\Android Studio\jre\bin\net.dll
0x00007ffaf3dd0000 - 0x00007ffaf3efb000 	C:\WINDOWS\SYSTEM32\WINHTTP.dll
0x00007ffafa420000 - 0x00007ffafa489000 	C:\WINDOWS\system32\mswsock.dll
0x00007ffa9d100000 - 0x00007ffa9d114000 	C:\Program Files\Android\Android Studio\jre\bin\nio.dll
0x00007ffa73ee0000 - 0x00007ffa73f07000 	C:\Users\LENOVO\.gradle\native\e1d6ef7f7dcc3fd88c89a11ec53ec762bb8ba0a96d01ffa2cd45eb1d1d8dd5c5\windows-amd64\native-platform.dll
0x00007ffa727e0000 - 0x00007ffa72924000 	C:\Users\LENOVO\.gradle\native\5664cfc778a61ccfe75a443a1ab52a65af34e5dc3c78e0209fed803814484fcb\windows-amd64\native-platform-file-events.dll
0x00007ffaf21a0000 - 0x00007ffaf21aa000 	C:\Program Files\Android\Android Studio\jre\bin\management.dll
0x00007ffacf2e0000 - 0x00007ffacf2ed000 	C:\Program Files\Android\Android Studio\jre\bin\management_ext.dll
0x00007ffafa6b0000 - 0x00007ffafa6cb000 	C:\WINDOWS\SYSTEM32\CRYPTSP.dll
0x00007ffaf9ed0000 - 0x00007ffaf9f04000 	C:\WINDOWS\system32\rsaenh.dll
0x00007ffafa520000 - 0x00007ffafa548000 	C:\WINDOWS\SYSTEM32\USERENV.dll
0x00007ffafa8d0000 - 0x00007ffafa8f8000 	C:\WINDOWS\SYSTEM32\bcrypt.dll
0x00007ffafa6a0000 - 0x00007ffafa6ac000 	C:\WINDOWS\SYSTEM32\CRYPTBASE.dll
0x00007ffaf9a50000 - 0x00007ffaf9a7e000 	C:\WINDOWS\SYSTEM32\IPHLPAPI.DLL
0x00007ffafb9a0000 - 0x00007ffafb9a9000 	C:\WINDOWS\System32\NSI.dll
0x00007ffaf3970000 - 0x00007ffaf3989000 	C:\WINDOWS\SYSTEM32\dhcpcsvc6.DLL
0x00007ffaf3940000 - 0x00007ffaf395f000 	C:\WINDOWS\SYSTEM32\dhcpcsvc.DLL
0x00007ffaf9ae0000 - 0x00007ffaf9bdf000 	C:\WINDOWS\SYSTEM32\DNSAPI.dll
0x00007ffad7010000 - 0x00007ffad7037000 	C:\Program Files\Android\Android Studio\jre\bin\sunec.dll

dbghelp: loaded successfully - version: 4.0.5 - missing functions: none
symbol engine: initialized successfully - sym options: 0x614 - pdb path: .;C:\Program Files\Android\Android Studio\jre\bin;C:\WINDOWS\SYSTEM32;C:\WINDOWS\WinSxS\amd64_microsoft.windows.common-controls_6595b64144ccf1df_6.0.25211.1001_none_78235de15b00272f;C:\Program Files\Android\Android Studio\jre\bin\server;C:\Users\LENOVO\.gradle\native\e1d6ef7f7dcc3fd88c89a11ec53ec762bb8ba0a96d01ffa2cd45eb1d1d8dd5c5\windows-amd64;C:\Users\LENOVO\.gradle\native\5664cfc778a61ccfe75a443a1ab52a65af34e5dc3c78e0209fed803814484fcb\windows-amd64

VM Arguments:
jvm_args: --add-opens=java.base/java.util=ALL-UNNAMED --add-opens=java.base/java.lang=ALL-UNNAMED --add-opens=java.base/java.lang.invoke=ALL-UNNAMED --add-opens=java.base/java.util=ALL-UNNAMED --add-opens=java.prefs/java.util.prefs=ALL-UNNAMED --add-opens=java.prefs/java.util.prefs=ALL-UNNAMED --add-opens=java.base/java.nio.charset=ALL-UNNAMED --add-opens=java.base/java.net=ALL-UNNAMED --add-opens=java.base/java.util.concurrent.atomic=ALL-UNNAMED -Xmx2048m -Dfile.encoding=UTF-8 -Duser.country=US -Duser.language=en -Duser.variant 
java_command: org.gradle.launcher.daemon.bootstrap.GradleDaemon 7.3.3
java_class_path (initial): C:\Users\LENOVO\.gradle\wrapper\dists\gradle-7.3.3-bin\6a41zxkdtcxs8rphpq6y0069z\gradle-7.3.3\lib\gradle-launcher-7.3.3.jar
Launcher Type: SUN_STANDARD

[Global flags]
     intx CICompilerCount                          = 4                                         {product} {ergonomic}
     uint ConcGCThreads                            = 3                                         {product} {ergonomic}
     uint G1ConcRefinementThreads                  = 10                                        {product} {ergonomic}
   size_t G1HeapRegionSize                         = 1048576                                   {product} {ergonomic}
    uintx GCDrainStackTargetSize                   = 64                                        {product} {ergonomic}
   size_t InitialHeapSize                          = 98566144                                  {product} {ergonomic}
   size_t MarkStackSize                            = 4194304                                   {product} {ergonomic}
   size_t MaxHeapSize                              = 2147483648                                {product} {command line}
   size_t MaxNewSize                               = 1287651328                                {product} {ergonomic}
   size_t MinHeapDeltaBytes                        = 1048576                                   {product} {ergonomic}
    uintx NonNMethodCodeHeapSize                   = 5836300                                {pd product} {ergonomic}
    uintx NonProfiledCodeHeapSize                  = 122910970                              {pd product} {ergonomic}
    uintx ProfiledCodeHeapSize                     = 122910970                              {pd product} {ergonomic}
    uintx ReservedCodeCacheSize                    = 251658240                              {pd product} {ergonomic}
     bool SegmentedCodeCache                       = true                                      {product} {ergonomic}
     bool UseCompressedClassPointers               = true                                 {lp64_product} {ergonomic}
     bool UseCompressedOops                        = true                                 {lp64_product} {ergonomic}
     bool UseG1GC                                  = true                                      {product} {ergonomic}
     bool UseLargePagesIndividualAllocation        = false                                  {pd product} {ergonomic}

Logging:
Log output configuration:
 #0: stdout all=warning uptime,level,tags
 #1: stderr all=off uptime,level,tags

Environment Variables:
PATH=C:\WINDOWS\system32;C:\WINDOWS;C:\WINDOWS\System32\Wbem;C:\WINDOWS\System32\WindowsPowerShell\v1.0\;C:\WINDOWS\System32\OpenSSH\;C:\Program Files\Git\cmd;C:\xampp\php;C:\wamp64\bin\mysql\mysql5.7.36\bin;C:\Program Files\nodejs\;C:\Users\LENOVO\AppData\Local\Programs\Python\Python39\Scripts\;C:\Users\LENOVO\AppData\Local\Programs\Python\Python39\;C:\Users\LENOVO\AppData\Local\Programs\Python\Launcher\;C:\Users\LENOVO\AppData\Local\Microsoft\WindowsApps;C:\Users\LENOVO\AppData\Local\Programs\Microsoft VS Code\bin;C:\Program Files\CodeBlocks\MinGW\bin;C:\xampp\php;C:\Users\LENOVO\AppData\Roaming\npm;
USERNAME=Hilmi Hanif
OS=Windows_NT
PROCESSOR_IDENTIFIER=AMD64 Family 23 Model 104 Stepping 1, AuthenticAMD



---------------  S Y S T E M  ---------------

OS: Windows 10 , 64 bit Build 25211 (10.0.25211.1010)
OS uptime: 0 days 2:43 hours

CPU:total 12 (initial active 12) (12 cores per cpu, 2 threads per core) family 23 model 104 stepping 1 microcode 0x8608103, cmov, cx8, fxsr, mmx, sse, sse2, sse3, ssse3, sse4.1, sse4.2, popcnt, avx, avx2, aes, clmul, mmxext, 3dnowpref, lzcnt, sse4a, ht, tsc, tscinvbit, tscinv, bmi1, bmi2, adx, sha, fma

Memory: 4k page, system-wide physical 6005M (174M free)
TotalPageFile size 14197M (AvailPageFile size 0M)
current process WorkingSet (physical memory assigned to process): 138M, peak: 415M
current process commit charge ("private bytes"): 464M, peak: 491M

vm_info: OpenJDK 64-Bit Server VM (11.0.12+7-b1504.28-7817840) for windows-amd64 JRE (11.0.12+7-b1504.28-7817840), built on Oct 13 2021 22:12:33 by "builder" with MS VC++ 14.0 (VS2015)

END.
