#
# There is insufficient memory for the Java Runtime Environment to continue.
# Native memory allocation (malloc) failed to allocate 1587856 bytes for Chunk::new
# Possible reasons:
#   The system is out of physical RAM or swap space
#   The process is running with CompressedOops enabled, and the Java Heap may be blocking the growth of the native heap
# Possible solutions:
#   Reduce memory load on the system
#   Increase physical memory or swap space
#   Check if swap backing store is full
#   Decrease Java heap size (-Xmx/-Xms)
#   Decrease number of Java threads
#   Decrease Java thread stack sizes (-Xss)
#   Set larger code cache with -XX:ReservedCodeCacheSize=
#   JVM is running with Unscaled Compressed Oops mode in which the Java heap is
#     placed in the first 4GB address space. The Java Heap base address is the
#     maximum limit for the native heap growth. Please use -XX:HeapBaseMinAddress
#     to set the Java Heap base and to place the Java Heap above 4GB virtual address.
# This output file may be truncated or incomplete.
#
#  Out of Memory Error (./src/hotspot/share/memory/arena.cpp:197), pid=14936, tid=10160
#
# JRE version: OpenJDK Runtime Environment (11.0.12+7) (build 11.0.12+7-b1504.28-7817840)
# Java VM: OpenJDK 64-Bit Server VM (11.0.12+7-b1504.28-7817840, mixed mode, tiered, compressed oops, g1 gc, windows-amd64)
# No core dump will be written. Minidumps are not enabled by default on client versions of Windows
#

---------------  S U M M A R Y ------------

Command Line: --add-opens=java.base/java.util=ALL-UNNAMED --add-opens=java.base/java.lang=ALL-UNNAMED --add-opens=java.base/java.lang.invoke=ALL-UNNAMED --add-opens=java.base/java.util=ALL-UNNAMED --add-opens=java.prefs/java.util.prefs=ALL-UNNAMED --add-opens=java.prefs/java.util.prefs=ALL-UNNAMED --add-opens=java.base/java.nio.charset=ALL-UNNAMED --add-opens=java.base/java.net=ALL-UNNAMED --add-opens=java.base/java.util.concurrent.atomic=ALL-UNNAMED -Xmx2048m -Dfile.encoding=UTF-8 -Duser.country=US -Duser.language=en -Duser.variant org.gradle.launcher.daemon.bootstrap.GradleDaemon 7.3.3

Host: AMD Ryzen 5 5500U with Radeon Graphics         , 12 cores, 5G,  Windows 10 , 64 bit Build 25211 (10.0.25211.1010)
Time: Thu Oct  6 08:48:22 2022 SE Asia Standard Time elapsed time: 442.256462 seconds (0d 0h 7m 22s)

---------------  T H R E A D  ---------------

Current thread (0x0000020fc08ad000):  JavaThread "C2 CompilerThread0" daemon [_thread_in_native, id=10160, stack(0x0000001e62e00000,0x0000001e62f00000)]


Current CompileTask:
C2: 442256 14749   !   4       com.google.common.cache.LocalCache$Segment::lockedGetOrLoad (447 bytes)

Stack: [0x0000001e62e00000,0x0000001e62f00000]
Native frames: (J=compiled Java code, j=interpreted, Vv=VM code, C=native code)
V  [jvm.dll+0x5fbcea]
V  [jvm.dll+0x731905]
V  [jvm.dll+0x732f1d]
V  [jvm.dll+0x7335d3]
V  [jvm.dll+0x247bf8]
V  [jvm.dll+0xc018c]
V  [jvm.dll+0xc06cc]
V  [jvm.dll+0x35b2db]
V  [jvm.dll+0x328803]
V  [jvm.dll+0x327cfa]
V  [jvm.dll+0x200602]
V  [jvm.dll+0x1ff794]
V  [jvm.dll+0x18868c]
V  [jvm.dll+0x20e0d7]
V  [jvm.dll+0x20c901]
V  [jvm.dll+0x6f9b7f]
V  [jvm.dll+0x6f26a5]
V  [jvm.dll+0x5fabf6]
C  [ucrtbase.dll+0x4b7eb]
C  [KERNEL32.DLL+0x1469d]
C  [ntdll.dll+0x67558]


---------------  P R O C E S S  ---------------

Threads class SMR info:
_java_thread_list=0x0000020fc3d3ef90, length=128, elements={
0x0000020fa5fc6800, 0x0000020fc088d000, 0x0000020fc0896800, 0x0000020fc1212800,
0x0000020fc08ab800, 0x0000020fc08ac000, 0x0000020fc08ad000, 0x0000020fc08b3800,
0x0000020fc08b7000, 0x0000020fc136a800, 0x0000020fc42b7800, 0x0000020fc2bc4000,
0x0000020fc1f5d000, 0x0000020fc43df000, 0x0000020fc43e1000, 0x0000020fc43e1800,
0x0000020fc43e3000, 0x0000020fc43dd800, 0x0000020fc33b1000, 0x0000020fc33b3800,
0x0000020fc33b2000, 0x0000020fc33ae800, 0x0000020fc33af800, 0x0000020fc33d0800,
0x0000020fc33ca800, 0x0000020fc33d1000, 0x0000020fc33cf800, 0x0000020fc33d2000,
0x0000020fc33d3000, 0x0000020fc33d3800, 0x0000020fc33cf000, 0x0000020fc33d7000,
0x0000020fc33d4800, 0x0000020fc70c1000, 0x0000020fcbbf5800, 0x0000020fcbbf6800,
0x0000020fcbbfe000, 0x0000020fcbbfe800, 0x0000020fcbbff800, 0x0000020fcbbe7000,
0x0000020fcbbeb000, 0x0000020fcbbe9800, 0x0000020fcbbea000, 0x0000020fcbbe8800,
0x0000020fcbbe8000, 0x0000020fcbbe6000, 0x0000020fcbbed800, 0x0000020fcbbec000,
0x0000020fcbbec800, 0x0000020fcbbf0000, 0x0000020fcbbf0800, 0x0000020fcbbf1800,
0x0000020fcbbf2800, 0x0000020fcbbf4000, 0x0000020fcbbf3000, 0x0000020fcbbee800,
0x0000020fcbbf9000, 0x0000020fcbbf9800, 0x0000020fcbbf7800, 0x0000020fcbbfa800,
0x0000020fcbbf5000, 0x0000020fcbbfb800, 0x0000020fcbbfd000, 0x0000020fcbbfc000,
0x0000020fcbbf8000, 0x0000020fcbc00000, 0x0000020fcbc01000, 0x0000020fcbc03800,
0x0000020fcbc02000, 0x0000020fcbc05000, 0x0000020fcbc02800, 0x0000020fcbc04800,
0x0000020fc283b000, 0x0000020fc283d800, 0x0000020fc2839800, 0x0000020fc283e800,
0x0000020fc2839000, 0x0000020fc283c000, 0x0000020fc283d000, 0x0000020fc283f800,
0x0000020fc283a800, 0x0000020fc2842000, 0x0000020fc2843800, 0x0000020fc2842800,
0x0000020fc2845000, 0x0000020fc2844000, 0x0000020fc2846000, 0x0000020fc2840000,
0x0000020fc2841000, 0x0000020fc2847800, 0x0000020fc70c0800, 0x0000020fc70bf800,
0x0000020fc70bf000, 0x0000020fc70c2000, 0x0000020fc70c3000, 0x0000020fc70c3800,
0x0000020fc70be000, 0x0000020fc70c4800, 0x0000020fc70c9800, 0x0000020fc70ca000,
0x0000020fc70cb000, 0x0000020fc70c5800, 0x0000020fc70c8000, 0x0000020fc70c7000,
0x0000020fc70c8800, 0x0000020fc70cc000, 0x0000020fc70c6000, 0x0000020fc70cc800,
0x0000020fc33b5000, 0x0000020fc33b6000, 0x0000020fc33b0000, 0x0000020fc33b6800,
0x0000020fc33b9000, 0x0000020fc33bc800, 0x0000020fc33bd000, 0x0000020fc33b7800,
0x0000020fc33b8800, 0x0000020fc33bb000, 0x0000020fc33ba000, 0x0000020fc33bb800,
0x0000020fc33ca000, 0x0000020fc33cb800, 0x0000020fc33cc800, 0x0000020fc33ce000,
0x0000020fc33c8000, 0x0000020fc33c9000, 0x0000020fc33cd000, 0x0000020fc33d5800
}

Java Threads: ( => current thread )
  0x0000020fa5fc6800 JavaThread "main" [_thread_blocked, id=6552, stack(0x0000001e62200000,0x0000001e62300000)]
  0x0000020fc088d000 JavaThread "Reference Handler" daemon [_thread_blocked, id=4792, stack(0x0000001e62900000,0x0000001e62a00000)]
  0x0000020fc0896800 JavaThread "Finalizer" daemon [_thread_blocked, id=12700, stack(0x0000001e62a00000,0x0000001e62b00000)]
  0x0000020fc1212800 JavaThread "Signal Dispatcher" daemon [_thread_blocked, id=6644, stack(0x0000001e62b00000,0x0000001e62c00000)]
  0x0000020fc08ab800 JavaThread "Attach Listener" daemon [_thread_blocked, id=15032, stack(0x0000001e62c00000,0x0000001e62d00000)]
  0x0000020fc08ac000 JavaThread "Service Thread" daemon [_thread_blocked, id=11520, stack(0x0000001e62d00000,0x0000001e62e00000)]
=>0x0000020fc08ad000 JavaThread "C2 CompilerThread0" daemon [_thread_in_native, id=10160, stack(0x0000001e62e00000,0x0000001e62f00000)]
  0x0000020fc08b3800 JavaThread "C1 CompilerThread0" daemon [_thread_blocked, id=7648, stack(0x0000001e62f00000,0x0000001e63000000)]
  0x0000020fc08b7000 JavaThread "Sweeper thread" daemon [_thread_blocked, id=5728, stack(0x0000001e63000000,0x0000001e63100000)]
  0x0000020fc136a800 JavaThread "Common-Cleaner" daemon [_thread_blocked, id=17328, stack(0x0000001e63100000,0x0000001e63200000)]
  0x0000020fc42b7800 JavaThread "Daemon health stats" [_thread_blocked, id=8148, stack(0x0000001e63400000,0x0000001e63500000)]
  0x0000020fc2bc4000 JavaThread "Incoming local TCP Connector on port 53538" [_thread_in_native, id=3540, stack(0x0000001e63700000,0x0000001e63800000)]
  0x0000020fc1f5d000 JavaThread "Daemon periodic checks" [_thread_blocked, id=13504, stack(0x0000001e63800000,0x0000001e63900000)]
  0x0000020fc43df000 JavaThread "Cache worker for journal cache (C:\Users\LENOVO\.gradle\caches\journal-1)" [_thread_blocked, id=14556, stack(0x0000001e64600000,0x0000001e64700000)]
  0x0000020fc43e1000 JavaThread "File lock request listener" [_thread_in_native, id=19052, stack(0x0000001e64700000,0x0000001e64800000)]
  0x0000020fc43e1800 JavaThread "Cache worker for file hash cache (C:\Users\LENOVO\.gradle\caches\7.3.3\fileHashes)" [_thread_blocked, id=4180, stack(0x0000001e64800000,0x0000001e64900000)]
  0x0000020fc43e3000 JavaThread "File watcher server" daemon [_thread_in_native, id=2480, stack(0x0000001e64c00000,0x0000001e64d00000)]
  0x0000020fc43dd800 JavaThread "File watcher consumer" daemon [_thread_blocked, id=3724, stack(0x0000001e64d00000,0x0000001e64e00000)]
  0x0000020fc33b1000 JavaThread "Cache worker for execution history cache (C:\Users\LENOVO\.gradle\caches\7.3.3\executionHistory)" [_thread_blocked, id=17056, stack(0x0000001e65100000,0x0000001e65200000)]
  0x0000020fc33b3800 JavaThread "jar transforms" [_thread_blocked, id=4060, stack(0x0000001e65200000,0x0000001e65300000)]
  0x0000020fc33b2000 JavaThread "Cache worker for file content cache (C:\Users\LENOVO\.gradle\caches\7.3.3\fileContent)" [_thread_blocked, id=13180, stack(0x0000001e65300000,0x0000001e65400000)]
  0x0000020fc33ae800 JavaThread "jar transforms Thread 2" [_thread_blocked, id=18204, stack(0x0000001e65400000,0x0000001e65500000)]
  0x0000020fc33af800 JavaThread "jar transforms Thread 3" [_thread_blocked, id=12608, stack(0x0000001e65600000,0x0000001e65700000)]
  0x0000020fc33d0800 JavaThread "jar transforms Thread 4" [_thread_blocked, id=18716, stack(0x0000001e6d000000,0x0000001e6d100000)]
  0x0000020fc33ca800 JavaThread "jar transforms Thread 5" [_thread_blocked, id=15232, stack(0x0000001e6d100000,0x0000001e6d200000)]
  0x0000020fc33d1000 JavaThread "jar transforms Thread 6" [_thread_blocked, id=1476, stack(0x0000001e6d200000,0x0000001e6d300000)]
  0x0000020fc33cf800 JavaThread "jar transforms Thread 7" [_thread_blocked, id=10024, stack(0x0000001e6d300000,0x0000001e6d400000)]
  0x0000020fc33d2000 JavaThread "jar transforms Thread 8" [_thread_blocked, id=1820, stack(0x0000001e6d400000,0x0000001e6d500000)]
  0x0000020fc33d3000 JavaThread "jar transforms Thread 9" [_thread_blocked, id=6456, stack(0x0000001e6d500000,0x0000001e6d600000)]
  0x0000020fc33d3800 JavaThread "jar transforms Thread 10" [_thread_blocked, id=6476, stack(0x0000001e6d600000,0x0000001e6d700000)]
  0x0000020fc33cf000 JavaThread "jar transforms Thread 11" [_thread_blocked, id=6472, stack(0x0000001e6d700000,0x0000001e6d800000)]
  0x0000020fc33d7000 JavaThread "jar transforms Thread 12" [_thread_blocked, id=6464, stack(0x0000001e6d800000,0x0000001e6d900000)]
  0x0000020fc33d4800 JavaThread "Memory manager" [_thread_blocked, id=2616, stack(0x0000001e6d900000,0x0000001e6da00000)]
  0x0000020fc70c1000 JavaThread "Cache worker for Java compile cache (C:\Users\LENOVO\.gradle\caches\7.3.3\javaCompile)" [_thread_blocked, id=21056, stack(0x0000001e6e700000,0x0000001e6e800000)]
  0x0000020fcbbf5800 JavaThread "ForkJoinPool.commonPool-worker-19" daemon [_thread_blocked, id=4308, stack(0x0000001e70000000,0x0000001e70100000)]
  0x0000020fcbbf6800 JavaThread "ForkJoinPool.commonPool-worker-5" daemon [_thread_blocked, id=8016, stack(0x0000001e70100000,0x0000001e70200000)]
  0x0000020fcbbfe000 JavaThread "ForkJoinPool.commonPool-worker-31" daemon [_thread_blocked, id=19088, stack(0x0000001e70600000,0x0000001e70700000)]
  0x0000020fcbbfe800 JavaThread "ForkJoinPool.commonPool-worker-3" daemon [_thread_blocked, id=6760, stack(0x0000001e70800000,0x0000001e70900000)]
  0x0000020fcbbff800 JavaThread "ForkJoinPool.commonPool-worker-7" daemon [_thread_blocked, id=16228, stack(0x0000001e70a00000,0x0000001e70b00000)]
  0x0000020fcbbe7000 JavaThread "Daemon Thread 4" [_thread_blocked, id=3064, stack(0x0000001e61f00000,0x0000001e62000000)]
  0x0000020fcbbeb000 JavaThread "Handler for socket connection from /127.0.0.1:53538 to /127.0.0.1:54373" [_thread_in_native, id=1720, stack(0x0000001e62000000,0x0000001e62100000)]
  0x0000020fcbbe9800 JavaThread "Cancel handler" [_thread_blocked, id=13200, stack(0x0000001e62100000,0x0000001e62200000)]
  0x0000020fcbbea000 JavaThread "Daemon worker Thread 4" [_thread_in_Java, id=16464, stack(0x0000001e63900000,0x0000001e63a00000)]
  0x0000020fcbbe8800 JavaThread "Asynchronous log dispatcher for DefaultDaemonConnection: socket connection from /127.0.0.1:53538 to /127.0.0.1:54373" [_thread_blocked, id=11956, stack(0x0000001e63a00000,0x0000001e63b00000)]
  0x0000020fcbbe8000 JavaThread "Stdin handler" [_thread_blocked, id=1480, stack(0x0000001e63b00000,0x0000001e63c00000)]
  0x0000020fcbbe6000 JavaThread "Daemon client event forwarder" [_thread_blocked, id=20080, stack(0x0000001e63c00000,0x0000001e63d00000)]
  0x0000020fcbbed800 JavaThread "Cache worker for file hash cache (D:\Pemrograman Bergerak\Biodata\.gradle\7.3.3\fileHashes)" [_thread_blocked, id=18244, stack(0x0000001e63f00000,0x0000001e64000000)]
  0x0000020fcbbec000 JavaThread "Cache worker for checksums cache (D:\Pemrograman Bergerak\Biodata\.gradle\7.3.3\checksums)" [_thread_blocked, id=14028, stack(0x0000001e64b00000,0x0000001e64c00000)]
  0x0000020fcbbec800 JavaThread "Cache worker for cache directory md-supplier (C:\Users\LENOVO\.gradle\caches\7.3.3\md-supplier)" [_thread_blocked, id=9820, stack(0x0000001e64e00000,0x0000001e64f00000)]
  0x0000020fcbbf0000 JavaThread "Cache worker for cache directory md-rule (C:\Users\LENOVO\.gradle\caches\7.3.3\md-rule)" [_thread_blocked, id=19704, stack(0x0000001e64f00000,0x0000001e65000000)]
  0x0000020fcbbf0800 JavaThread "Cache worker for dependencies-accessors (D:\Pemrograman Bergerak\Biodata\.gradle\7.3.3\dependencies-accessors)" [_thread_blocked, id=8376, stack(0x0000001e65000000,0x0000001e65100000)]
  0x0000020fcbbf1800 JavaThread "Cache worker for Build Output Cleanup Cache (D:\Pemrograman Bergerak\Biodata\.gradle\buildOutputCleanup)" [_thread_blocked, id=23056, stack(0x0000001e65500000,0x0000001e65600000)]
  0x0000020fcbbf2800 JavaThread "Unconstrained build operations" [_thread_blocked, id=11864, stack(0x0000001e65700000,0x0000001e65800000)]
  0x0000020fcbbf4000 JavaThread "Unconstrained build operations Thread 2" [_thread_blocked, id=9280, stack(0x0000001e65800000,0x0000001e65900000)]
  0x0000020fcbbf3000 JavaThread "Unconstrained build operations Thread 3" [_thread_blocked, id=16200, stack(0x0000001e65900000,0x0000001e65a00000)]
  0x0000020fcbbee800 JavaThread "Unconstrained build operations Thread 4" [_thread_blocked, id=22696, stack(0x0000001e65a00000,0x0000001e65b00000)]
  0x0000020fcbbf9000 JavaThread "Unconstrained build operations Thread 5" [_thread_blocked, id=20216, stack(0x0000001e65b00000,0x0000001e65c00000)]
  0x0000020fcbbf9800 JavaThread "Unconstrained build operations Thread 6" [_thread_blocked, id=22120, stack(0x0000001e65c00000,0x0000001e65d00000)]
  0x0000020fcbbf7800 JavaThread "Unconstrained build operations Thread 7" [_thread_blocked, id=22284, stack(0x0000001e65d00000,0x0000001e65e00000)]
  0x0000020fcbbfa800 JavaThread "Unconstrained build operations Thread 8" [_thread_blocked, id=3456, stack(0x0000001e65e00000,0x0000001e65f00000)]
  0x0000020fcbbf5000 JavaThread "Unconstrained build operations Thread 9" [_thread_blocked, id=7704, stack(0x0000001e65f00000,0x0000001e66000000)]
  0x0000020fcbbfb800 JavaThread "Unconstrained build operations Thread 10" [_thread_blocked, id=19392, stack(0x0000001e66000000,0x0000001e66100000)]
  0x0000020fcbbfd000 JavaThread "Unconstrained build operations Thread 11" [_thread_blocked, id=8896, stack(0x0000001e66100000,0x0000001e66200000)]
  0x0000020fcbbfc000 JavaThread "Unconstrained build operations Thread 12" [_thread_blocked, id=22632, stack(0x0000001e66200000,0x0000001e66300000)]
  0x0000020fcbbf8000 JavaThread "Unconstrained build operations Thread 13" [_thread_blocked, id=12044, stack(0x0000001e66300000,0x0000001e66400000)]
  0x0000020fcbc00000 JavaThread "Unconstrained build operations Thread 14" [_thread_blocked, id=13928, stack(0x0000001e66400000,0x0000001e66500000)]
  0x0000020fcbc01000 JavaThread "Unconstrained build operations Thread 15" [_thread_blocked, id=11764, stack(0x0000001e66500000,0x0000001e66600000)]
  0x0000020fcbc03800 JavaThread "Unconstrained build operations Thread 16" [_thread_blocked, id=19480, stack(0x0000001e66600000,0x0000001e66700000)]
  0x0000020fcbc02000 JavaThread "Unconstrained build operations Thread 17" [_thread_blocked, id=22516, stack(0x0000001e66700000,0x0000001e66800000)]
  0x0000020fcbc05000 JavaThread "Unconstrained build operations Thread 18" [_thread_blocked, id=14188, stack(0x0000001e66800000,0x0000001e66900000)]
  0x0000020fcbc02800 JavaThread "Unconstrained build operations Thread 19" [_thread_blocked, id=19320, stack(0x0000001e66900000,0x0000001e66a00000)]
  0x0000020fcbc04800 JavaThread "Unconstrained build operations Thread 20" [_thread_blocked, id=12556, stack(0x0000001e66a00000,0x0000001e66b00000)]
  0x0000020fc283b000 JavaThread "Unconstrained build operations Thread 21" [_thread_blocked, id=22724, stack(0x0000001e66b00000,0x0000001e66c00000)]
  0x0000020fc283d800 JavaThread "Unconstrained build operations Thread 22" [_thread_blocked, id=20704, stack(0x0000001e66c00000,0x0000001e66d00000)]
  0x0000020fc2839800 JavaThread "Unconstrained build operations Thread 23" [_thread_blocked, id=16096, stack(0x0000001e66d00000,0x0000001e66e00000)]
  0x0000020fc283e800 JavaThread "Unconstrained build operations Thread 24" [_thread_blocked, id=17040, stack(0x0000001e66e00000,0x0000001e66f00000)]
  0x0000020fc2839000 JavaThread "Unconstrained build operations Thread 25" [_thread_blocked, id=6992, stack(0x0000001e66f00000,0x0000001e67000000)]
  0x0000020fc283c000 JavaThread "Unconstrained build operations Thread 26" [_thread_blocked, id=23112, stack(0x0000001e67000000,0x0000001e67100000)]
  0x0000020fc283d000 JavaThread "Unconstrained build operations Thread 27" [_thread_blocked, id=18816, stack(0x0000001e67100000,0x0000001e67200000)]
  0x0000020fc283f800 JavaThread "Unconstrained build operations Thread 28" [_thread_blocked, id=20452, stack(0x0000001e67200000,0x0000001e67300000)]
  0x0000020fc283a800 JavaThread "Unconstrained build operations Thread 29" [_thread_blocked, id=3720, stack(0x0000001e67300000,0x0000001e67400000)]
  0x0000020fc2842000 JavaThread "Unconstrained build operations Thread 30" [_thread_blocked, id=14108, stack(0x0000001e67400000,0x0000001e67500000)]
  0x0000020fc2843800 JavaThread "Unconstrained build operations Thread 31" [_thread_blocked, id=2612, stack(0x0000001e67500000,0x0000001e67600000)]
  0x0000020fc2842800 JavaThread "Unconstrained build operations Thread 32" [_thread_blocked, id=4436, stack(0x0000001e67600000,0x0000001e67700000)]
  0x0000020fc2845000 JavaThread "Unconstrained build operations Thread 33" [_thread_blocked, id=23500, stack(0x0000001e67700000,0x0000001e67800000)]
  0x0000020fc2844000 JavaThread "Unconstrained build operations Thread 34" [_thread_blocked, id=19224, stack(0x0000001e67800000,0x0000001e67900000)]
  0x0000020fc2846000 JavaThread "Unconstrained build operations Thread 35" [_thread_blocked, id=12524, stack(0x0000001e67900000,0x0000001e67a00000)]
  0x0000020fc2840000 JavaThread "Unconstrained build operations Thread 36" [_thread_blocked, id=1300, stack(0x0000001e67a00000,0x0000001e67b00000)]
  0x0000020fc2841000 JavaThread "Unconstrained build operations Thread 37" [_thread_blocked, id=23516, stack(0x0000001e67b00000,0x0000001e67c00000)]
  0x0000020fc2847800 JavaThread "Unconstrained build operations Thread 38" [_thread_blocked, id=932, stack(0x0000001e67c00000,0x0000001e67d00000)]
  0x0000020fc70c0800 JavaThread "Unconstrained build operations Thread 39" [_thread_blocked, id=4824, stack(0x0000001e67d00000,0x0000001e67e00000)]
  0x0000020fc70bf800 JavaThread "Unconstrained build operations Thread 40" [_thread_blocked, id=15780, stack(0x0000001e67e00000,0x0000001e67f00000)]
  0x0000020fc70bf000 JavaThread "Unconstrained build operations Thread 41" [_thread_blocked, id=23344, stack(0x0000001e67f00000,0x0000001e68000000)]
  0x0000020fc70c2000 JavaThread "Unconstrained build operations Thread 42" [_thread_blocked, id=22800, stack(0x0000001e68000000,0x0000001e68100000)]
  0x0000020fc70c3000 JavaThread "Unconstrained build operations Thread 43" [_thread_blocked, id=23016, stack(0x0000001e68100000,0x0000001e68200000)]
  0x0000020fc70c3800 JavaThread "Unconstrained build operations Thread 44" [_thread_blocked, id=23280, stack(0x0000001e68200000,0x0000001e68300000)]
  0x0000020fc70be000 JavaThread "Unconstrained build operations Thread 45" [_thread_blocked, id=13572, stack(0x0000001e68300000,0x0000001e68400000)]
  0x0000020fc70c4800 JavaThread "Unconstrained build operations Thread 46" [_thread_blocked, id=23292, stack(0x0000001e68400000,0x0000001e68500000)]
  0x0000020fc70c9800 JavaThread "Unconstrained build operations Thread 47" [_thread_blocked, id=728, stack(0x0000001e68500000,0x0000001e68600000)]
  0x0000020fc70ca000 JavaThread "Unconstrained build operations Thread 48" [_thread_blocked, id=4268, stack(0x0000001e68600000,0x0000001e68700000)]
  0x0000020fc70cb000 JavaThread "Unconstrained build operations Thread 49" [_thread_blocked, id=3020, stack(0x0000001e68700000,0x0000001e68800000)]
  0x0000020fc70c5800 JavaThread "Unconstrained build operations Thread 50" [_thread_blocked, id=23544, stack(0x0000001e68800000,0x0000001e68900000)]
  0x0000020fc70c8000 JavaThread "Unconstrained build operations Thread 51" [_thread_blocked, id=5544, stack(0x0000001e68900000,0x0000001e68a00000)]
  0x0000020fc70c7000 JavaThread "Unconstrained build operations Thread 52" [_thread_blocked, id=4724, stack(0x0000001e68a00000,0x0000001e68b00000)]
  0x0000020fc70c8800 JavaThread "Unconstrained build operations Thread 53" [_thread_blocked, id=12532, stack(0x0000001e68b00000,0x0000001e68c00000)]
  0x0000020fc70cc000 JavaThread "Unconstrained build operations Thread 54" [_thread_blocked, id=22092, stack(0x0000001e68c00000,0x0000001e68d00000)]
  0x0000020fc70c6000 JavaThread "Unconstrained build operations Thread 55" [_thread_blocked, id=23548, stack(0x0000001e68d00000,0x0000001e68e00000)]
  0x0000020fc70cc800 JavaThread "Unconstrained build operations Thread 56" [_thread_blocked, id=15916, stack(0x0000001e68e00000,0x0000001e68f00000)]
  0x0000020fc33b5000 JavaThread "Unconstrained build operations Thread 57" [_thread_blocked, id=16176, stack(0x0000001e68f00000,0x0000001e69000000)]
  0x0000020fc33b6000 JavaThread "Unconstrained build operations Thread 58" [_thread_blocked, id=11240, stack(0x0000001e69000000,0x0000001e69100000)]
  0x0000020fc33b0000 JavaThread "Unconstrained build operations Thread 59" [_thread_blocked, id=2092, stack(0x0000001e69100000,0x0000001e69200000)]
  0x0000020fc33b6800 JavaThread "Unconstrained build operations Thread 60" [_thread_blocked, id=14712, stack(0x0000001e69200000,0x0000001e69300000)]
  0x0000020fc33b9000 JavaThread "Unconstrained build operations Thread 61" [_thread_blocked, id=4408, stack(0x0000001e69300000,0x0000001e69400000)]
  0x0000020fc33bc800 JavaThread "Unconstrained build operations Thread 62" [_thread_blocked, id=16892, stack(0x0000001e69400000,0x0000001e69500000)]
  0x0000020fc33bd000 JavaThread "Unconstrained build operations Thread 63" [_thread_blocked, id=3488, stack(0x0000001e69500000,0x0000001e69600000)]
  0x0000020fc33b7800 JavaThread "Unconstrained build operations Thread 64" [_thread_blocked, id=3584, stack(0x0000001e69600000,0x0000001e69700000)]
  0x0000020fc33b8800 JavaThread "Unconstrained build operations Thread 65" [_thread_blocked, id=19984, stack(0x0000001e69700000,0x0000001e69800000)]
  0x0000020fc33bb000 JavaThread "Unconstrained build operations Thread 66" [_thread_blocked, id=20136, stack(0x0000001e69800000,0x0000001e69900000)]
  0x0000020fc33ba000 JavaThread "Unconstrained build operations Thread 67" [_thread_blocked, id=22636, stack(0x0000001e69900000,0x0000001e69a00000)]
  0x0000020fc33bb800 JavaThread "Unconstrained build operations Thread 68" [_thread_blocked, id=19912, stack(0x0000001e69a00000,0x0000001e69b00000)]
  0x0000020fc33ca000 JavaThread "Unconstrained build operations Thread 69" [_thread_blocked, id=22564, stack(0x0000001e69b00000,0x0000001e69c00000)]
  0x0000020fc33cb800 JavaThread "Unconstrained build operations Thread 70" [_thread_blocked, id=23040, stack(0x0000001e69c00000,0x0000001e69d00000)]
  0x0000020fc33cc800 JavaThread "Unconstrained build operations Thread 71" [_thread_blocked, id=17844, stack(0x0000001e69d00000,0x0000001e69e00000)]
  0x0000020fc33ce000 JavaThread "Unconstrained build operations Thread 72" [_thread_blocked, id=16240, stack(0x0000001e69e00000,0x0000001e69f00000)]
  0x0000020fc33c8000 JavaThread "Unconstrained build operations Thread 73" [_thread_blocked, id=22264, stack(0x0000001e69f00000,0x0000001e6a000000)]
  0x0000020fc33c9000 JavaThread "Unconstrained build operations Thread 74" [_thread_blocked, id=1800, stack(0x0000001e6a000000,0x0000001e6a100000)]
  0x0000020fc33cd000 JavaThread "Unconstrained build operations Thread 75" [_thread_blocked, id=11284, stack(0x0000001e6a100000,0x0000001e6a200000)]
  0x0000020fc33d5800 JavaThread "Unconstrained build operations Thread 76" [_thread_blocked, id=18416, stack(0x0000001e6a200000,0x0000001e6a300000)]

Other Threads:
  0x0000020fc088b800 VMThread "VM Thread" [stack: 0x0000001e62800000,0x0000001e62900000] [id=9448]
  0x0000020fc139b800 WatcherThread [stack: 0x0000001e63200000,0x0000001e63300000] [id=9024]
  0x0000020fa5fe0000 GCTaskThread "GC Thread#0" [stack: 0x0000001e62300000,0x0000001e62400000] [id=10048]
  0x0000020fc1e82000 GCTaskThread "GC Thread#1" [stack: 0x0000001e63300000,0x0000001e63400000] [id=11396]
  0x0000020fc1c4c800 GCTaskThread "GC Thread#2" [stack: 0x0000001e63500000,0x0000001e63600000] [id=16128]
  0x0000020fc24bf000 GCTaskThread "GC Thread#3" [stack: 0x0000001e63600000,0x0000001e63700000] [id=18084]
  0x0000020fc44c4000 GCTaskThread "GC Thread#4" [stack: 0x0000001e64000000,0x0000001e64100000] [id=12600]
  0x0000020fc2bbf800 GCTaskThread "GC Thread#5" [stack: 0x0000001e64100000,0x0000001e64200000] [id=17748]
  0x0000020fc2498000 GCTaskThread "GC Thread#6" [stack: 0x0000001e64200000,0x0000001e64300000] [id=16568]
  0x0000020fc2aeb000 GCTaskThread "GC Thread#7" [stack: 0x0000001e64300000,0x0000001e64400000] [id=20668]
  0x0000020fc2aeb800 GCTaskThread "GC Thread#8" [stack: 0x0000001e64400000,0x0000001e64500000] [id=17664]
  0x0000020fc43e9800 GCTaskThread "GC Thread#9" [stack: 0x0000001e64500000,0x0000001e64600000] [id=7076]
  0x0000020fa6014000 ConcurrentGCThread "G1 Main Marker" [stack: 0x0000001e62400000,0x0000001e62500000] [id=22344]
  0x0000020fa6016000 ConcurrentGCThread "G1 Conc#0" [stack: 0x0000001e62500000,0x0000001e62600000] [id=10560]
  0x0000020fc43d9800 ConcurrentGCThread "G1 Conc#1" [stack: 0x0000001e64900000,0x0000001e64a00000] [id=18752]
  0x0000020fc474f800 ConcurrentGCThread "G1 Conc#2" [stack: 0x0000001e64a00000,0x0000001e64b00000] [id=19872]
  0x0000020fa6095000 ConcurrentGCThread "G1 Refine#0" [stack: 0x0000001e62600000,0x0000001e62700000] [id=16912]
  0x0000020fcb8eb800 ConcurrentGCThread "G1 Refine#1" [stack: 0x0000001e63d00000,0x0000001e63e00000] [id=7156]
  0x0000020fc5159800 ConcurrentGCThread "G1 Refine#2" [stack: 0x0000001e63e00000,0x0000001e63f00000] [id=23032]
  0x0000020fa6098000 ConcurrentGCThread "G1 Young RemSet Sampling" [stack: 0x0000001e62700000,0x0000001e62800000] [id=16136]

Threads with active compile tasks:
C2 CompilerThread0 442314 14749   !   4       com.google.common.cache.LocalCache$Segment::lockedGetOrLoad (447 bytes)

VM state:not at safepoint (normal execution)

VM Mutex/Monitor currently owned by a thread: None

OutOfMemory and StackOverflow Exception counts:
OutOfMemoryError java_heap_errors=1
LinkageErrors=162

Heap address: 0x0000000080000000, size: 2048 MB, Compressed Oops mode: 32-bit
Narrow klass base: 0x0000000000000000, Narrow klass shift: 3
Compressed class space size: 1073741824 Address: 0x0000000100000000

Heap:
 garbage-first heap   total 167936K, used 119230K [0x0000000080000000, 0x0000000100000000)
  region size 1024K, 31 young (31744K), 1 survivors (1024K)
 Metaspace       used 110943K, capacity 114023K, committed 114296K, reserved 1148928K
  class space    used 14552K, capacity 15734K, committed 15820K, reserved 1048576K
Heap Regions: E=young(eden), S=young(survivor), O=old, HS=humongous(starts), HC=humongous(continues), CS=collection set, F=free, A=archive, TAMS=top-at-mark-start (previous, next)
|   0|0x0000000080000000, 0x0000000080100000, 0x0000000080100000|100%| O|  |TAMS 0x0000000080100000, 0x0000000080000000| Untracked 
|   1|0x0000000080100000, 0x0000000080200000, 0x0000000080200000|100%| O|  |TAMS 0x0000000080200000, 0x0000000080100000| Untracked 
|   2|0x0000000080200000, 0x0000000080300000, 0x0000000080300000|100%| O|  |TAMS 0x0000000080300000, 0x0000000080200000| Untracked 
|   3|0x0000000080300000, 0x0000000080400000, 0x0000000080400000|100%|HS|  |TAMS 0x0000000080400000, 0x0000000080300000| Complete 
|   4|0x0000000080400000, 0x0000000080500000, 0x0000000080500000|100%|HC|  |TAMS 0x0000000080500000, 0x0000000080400000| Complete 
|   5|0x0000000080500000, 0x0000000080600000, 0x0000000080600000|100%|HC|  |TAMS 0x0000000080600000, 0x0000000080500000| Complete 
|   6|0x0000000080600000, 0x0000000080700000, 0x0000000080700000|100%| O|  |TAMS 0x0000000080700000, 0x0000000080600000| Untracked 
|   7|0x0000000080700000, 0x0000000080800000, 0x0000000080800000|100%| O|  |TAMS 0x0000000080800000, 0x0000000080700000| Untracked 
|   8|0x0000000080800000, 0x0000000080900000, 0x0000000080900000|100%| O|  |TAMS 0x0000000080900000, 0x0000000080800000| Untracked 
|   9|0x0000000080900000, 0x0000000080a00000, 0x0000000080a00000|100%| O|  |TAMS 0x0000000080a00000, 0x0000000080900000| Untracked 
|  10|0x0000000080a00000, 0x0000000080b00000, 0x0000000080b00000|100%| O|  |TAMS 0x0000000080b00000, 0x0000000080a00000| Untracked 
|  11|0x0000000080b00000, 0x0000000080c00000, 0x0000000080c00000|100%| O|  |TAMS 0x0000000080c00000, 0x0000000080b00000| Untracked 
|  12|0x0000000080c00000, 0x0000000080d00000, 0x0000000080d00000|100%| O|  |TAMS 0x0000000080d00000, 0x0000000080c00000| Untracked 
|  13|0x0000000080d00000, 0x0000000080e00000, 0x0000000080e00000|100%| O|  |TAMS 0x0000000080e00000, 0x0000000080d00000| Untracked 
|  14|0x0000000080e00000, 0x0000000080f00000, 0x0000000080f00000|100%| O|  |TAMS 0x0000000080f00000, 0x0000000080e00000| Untracked 
|  15|0x0000000080f00000, 0x0000000081000000, 0x0000000081000000|100%| O|  |TAMS 0x0000000081000000, 0x0000000080f00000| Untracked 
|  16|0x0000000081000000, 0x0000000081100000, 0x0000000081100000|100%| O|  |TAMS 0x0000000081100000, 0x0000000081000000| Untracked 
|  17|0x0000000081100000, 0x0000000081200000, 0x0000000081200000|100%| O|  |TAMS 0x0000000081200000, 0x0000000081100000| Untracked 
|  18|0x0000000081200000, 0x0000000081300000, 0x0000000081300000|100%| O|  |TAMS 0x0000000081300000, 0x0000000081200000| Untracked 
|  19|0x0000000081300000, 0x0000000081400000, 0x0000000081400000|100%| O|  |TAMS 0x0000000081400000, 0x0000000081300000| Untracked 
|  20|0x0000000081400000, 0x0000000081500000, 0x0000000081500000|100%| O|  |TAMS 0x0000000081500000, 0x0000000081400000| Untracked 
|  21|0x0000000081500000, 0x0000000081600000, 0x0000000081600000|100%| O|  |TAMS 0x0000000081600000, 0x0000000081500000| Untracked 
|  22|0x0000000081600000, 0x0000000081700000, 0x0000000081700000|100%| O|  |TAMS 0x0000000081700000, 0x0000000081600000| Untracked 
|  23|0x0000000081700000, 0x0000000081800000, 0x0000000081800000|100%| O|  |TAMS 0x0000000081800000, 0x0000000081700000| Untracked 
|  24|0x0000000081800000, 0x0000000081900000, 0x0000000081900000|100%| O|  |TAMS 0x0000000081900000, 0x0000000081800000| Untracked 
|  25|0x0000000081900000, 0x0000000081a00000, 0x0000000081a00000|100%|HS|  |TAMS 0x0000000081a00000, 0x0000000081900000| Complete 
|  26|0x0000000081a00000, 0x0000000081b00000, 0x0000000081b00000|100%|HS|  |TAMS 0x0000000081b00000, 0x0000000081a00000| Complete 
|  27|0x0000000081b00000, 0x0000000081c00000, 0x0000000081c00000|100%|HS|  |TAMS 0x0000000081c00000, 0x0000000081b00000| Complete 
|  28|0x0000000081c00000, 0x0000000081d00000, 0x0000000081d00000|100%|HC|  |TAMS 0x0000000081d00000, 0x0000000081c00000| Complete 
|  29|0x0000000081d00000, 0x0000000081e00000, 0x0000000081e00000|100%| O|  |TAMS 0x0000000081e00000, 0x0000000081d00000| Untracked 
|  30|0x0000000081e00000, 0x0000000081f00000, 0x0000000081f00000|100%| O|  |TAMS 0x0000000081f00000, 0x0000000081e00000| Untracked 
|  31|0x0000000081f00000, 0x0000000082000000, 0x0000000082000000|100%| O|  |TAMS 0x0000000082000000, 0x0000000081f00000| Untracked 
|  32|0x0000000082000000, 0x0000000082100000, 0x0000000082100000|100%| O|  |TAMS 0x0000000082100000, 0x0000000082000000| Untracked 
|  33|0x0000000082100000, 0x0000000082200000, 0x0000000082200000|100%| O|  |TAMS 0x0000000082200000, 0x0000000082100000| Untracked 
|  34|0x0000000082200000, 0x0000000082300000, 0x0000000082300000|100%| O|  |TAMS 0x0000000082300000, 0x0000000082200000| Untracked 
|  35|0x0000000082300000, 0x0000000082400000, 0x0000000082400000|100%| O|  |TAMS 0x0000000082400000, 0x0000000082300000| Untracked 
|  36|0x0000000082400000, 0x0000000082500000, 0x0000000082500000|100%| O|  |TAMS 0x0000000082500000, 0x0000000082400000| Untracked 
|  37|0x0000000082500000, 0x0000000082600000, 0x0000000082600000|100%| O|  |TAMS 0x0000000082600000, 0x0000000082500000| Untracked 
|  38|0x0000000082600000, 0x0000000082700000, 0x0000000082700000|100%| O|  |TAMS 0x0000000082700000, 0x0000000082600000| Untracked 
|  39|0x0000000082700000, 0x0000000082800000, 0x0000000082800000|100%| O|  |TAMS 0x0000000082800000, 0x0000000082700000| Untracked 
|  40|0x0000000082800000, 0x0000000082900000, 0x0000000082900000|100%| O|  |TAMS 0x0000000082900000, 0x0000000082800000| Untracked 
|  41|0x0000000082900000, 0x0000000082a00000, 0x0000000082a00000|100%| O|  |TAMS 0x0000000082a00000, 0x0000000082900000| Untracked 
|  42|0x0000000082a00000, 0x0000000082b00000, 0x0000000082b00000|100%| O|  |TAMS 0x0000000082b00000, 0x0000000082a00000| Untracked 
|  43|0x0000000082b00000, 0x0000000082c00000, 0x0000000082c00000|100%| O|  |TAMS 0x0000000082c00000, 0x0000000082b00000| Untracked 
|  44|0x0000000082c00000, 0x0000000082d00000, 0x0000000082d00000|100%| O|  |TAMS 0x0000000082d00000, 0x0000000082c00000| Untracked 
|  45|0x0000000082d00000, 0x0000000082e00000, 0x0000000082e00000|100%| O|  |TAMS 0x0000000082e00000, 0x0000000082d00000| Untracked 
|  46|0x0000000082e00000, 0x0000000082f00000, 0x0000000082f00000|100%| O|  |TAMS 0x0000000082f00000, 0x0000000082e00000| Untracked 
|  47|0x0000000082f00000, 0x0000000083000000, 0x0000000083000000|100%| O|  |TAMS 0x0000000083000000, 0x0000000082f00000| Untracked 
|  48|0x0000000083000000, 0x0000000083100000, 0x0000000083100000|100%| O|  |TAMS 0x0000000083100000, 0x0000000083000000| Untracked 
|  49|0x0000000083100000, 0x0000000083200000, 0x0000000083200000|100%| O|  |TAMS 0x0000000083200000, 0x0000000083100000| Untracked 
|  50|0x0000000083200000, 0x0000000083300000, 0x0000000083300000|100%| O|  |TAMS 0x0000000083300000, 0x0000000083200000| Untracked 
|  51|0x0000000083300000, 0x0000000083400000, 0x0000000083400000|100%| O|  |TAMS 0x0000000083400000, 0x0000000083300000| Untracked 
|  52|0x0000000083400000, 0x0000000083500000, 0x0000000083500000|100%| O|  |TAMS 0x0000000083500000, 0x0000000083400000| Untracked 
|  53|0x0000000083500000, 0x0000000083600000, 0x0000000083600000|100%| O|  |TAMS 0x0000000083600000, 0x0000000083500000| Untracked 
|  54|0x0000000083600000, 0x0000000083700000, 0x0000000083700000|100%| O|  |TAMS 0x0000000083700000, 0x0000000083600000| Untracked 
|  55|0x0000000083700000, 0x0000000083700000, 0x0000000083800000|  0%| F|  |TAMS 0x0000000083700000, 0x0000000083700000| Untracked 
|  56|0x0000000083800000, 0x0000000083900000, 0x0000000083900000|100%| O|  |TAMS 0x0000000083900000, 0x0000000083800000| Untracked 
|  57|0x0000000083900000, 0x0000000083900000, 0x0000000083a00000|  0%| F|  |TAMS 0x0000000083900000, 0x0000000083900000| Untracked 
|  58|0x0000000083a00000, 0x0000000083b00000, 0x0000000083b00000|100%| O|  |TAMS 0x0000000083b00000, 0x0000000083a00000| Untracked 
|  59|0x0000000083b00000, 0x0000000083c00000, 0x0000000083c00000|100%| O|  |TAMS 0x0000000083c00000, 0x0000000083b00000| Untracked 
|  60|0x0000000083c00000, 0x0000000083d00000, 0x0000000083d00000|100%| O|  |TAMS 0x0000000083d00000, 0x0000000083c00000| Untracked 
|  61|0x0000000083d00000, 0x0000000083e00000, 0x0000000083e00000|100%| O|  |TAMS 0x0000000083e00000, 0x0000000083d00000| Untracked 
|  62|0x0000000083e00000, 0x0000000083f00000, 0x0000000083f00000|100%| O|  |TAMS 0x0000000083f00000, 0x0000000083e00000| Untracked 
|  63|0x0000000083f00000, 0x0000000084000000, 0x0000000084000000|100%| O|  |TAMS 0x0000000084000000, 0x0000000083f00000| Untracked 
|  64|0x0000000084000000, 0x0000000084100000, 0x0000000084100000|100%| O|  |TAMS 0x0000000084100000, 0x0000000084000000| Untracked 
|  65|0x0000000084100000, 0x0000000084200000, 0x0000000084200000|100%| O|  |TAMS 0x0000000084200000, 0x0000000084100000| Untracked 
|  66|0x0000000084200000, 0x0000000084200000, 0x0000000084300000|  0%| F|  |TAMS 0x0000000084200000, 0x0000000084200000| Untracked 
|  67|0x0000000084300000, 0x0000000084400000, 0x0000000084400000|100%| O|  |TAMS 0x0000000084400000, 0x0000000084300000| Untracked 
|  68|0x0000000084400000, 0x0000000084500000, 0x0000000084500000|100%| O|  |TAMS 0x0000000084500000, 0x0000000084400000| Untracked 
|  69|0x0000000084500000, 0x0000000084600000, 0x0000000084600000|100%| O|  |TAMS 0x0000000084600000, 0x0000000084500000| Untracked 
|  70|0x0000000084600000, 0x0000000084600000, 0x0000000084700000|  0%| F|  |TAMS 0x0000000084600000, 0x0000000084600000| Untracked 
|  71|0x0000000084700000, 0x0000000084800000, 0x0000000084800000|100%| O|  |TAMS 0x0000000084800000, 0x0000000084700000| Untracked 
|  72|0x0000000084800000, 0x0000000084900000, 0x0000000084900000|100%| O|  |TAMS 0x0000000084900000, 0x0000000084800000| Untracked 
|  73|0x0000000084900000, 0x0000000084900000, 0x0000000084a00000|  0%| F|  |TAMS 0x0000000084900000, 0x0000000084900000| Untracked 
|  74|0x0000000084a00000, 0x0000000084b00000, 0x0000000084b00000|100%| O|  |TAMS 0x0000000084b00000, 0x0000000084a00000| Untracked 
|  75|0x0000000084b00000, 0x0000000084c00000, 0x0000000084c00000|100%| O|  |TAMS 0x0000000084c00000, 0x0000000084b00000| Untracked 
|  76|0x0000000084c00000, 0x0000000084d00000, 0x0000000084d00000|100%| O|  |TAMS 0x0000000084d00000, 0x0000000084c00000| Untracked 
|  77|0x0000000084d00000, 0x0000000084e00000, 0x0000000084e00000|100%| O|  |TAMS 0x0000000084e00000, 0x0000000084d00000| Untracked 
|  78|0x0000000084e00000, 0x0000000084e00000, 0x0000000084f00000|  0%| F|  |TAMS 0x0000000084e00000, 0x0000000084e00000| Untracked 
|  79|0x0000000084f00000, 0x0000000085000000, 0x0000000085000000|100%| O|  |TAMS 0x0000000084f81000, 0x0000000084f00000| Untracked 
|  80|0x0000000085000000, 0x0000000085100000, 0x0000000085100000|100%| O|  |TAMS 0x0000000085000000, 0x0000000085000000| Untracked 
|  81|0x0000000085100000, 0x0000000085100000, 0x0000000085200000|  0%| F|  |TAMS 0x0000000085100000, 0x0000000085100000| Untracked 
|  82|0x0000000085200000, 0x0000000085200000, 0x0000000085300000|  0%| F|  |TAMS 0x0000000085200000, 0x0000000085200000| Untracked 
|  83|0x0000000085300000, 0x0000000085300000, 0x0000000085400000|  0%| F|  |TAMS 0x0000000085300000, 0x0000000085300000| Untracked 
|  84|0x0000000085400000, 0x0000000085400000, 0x0000000085500000|  0%| F|  |TAMS 0x0000000085400000, 0x0000000085400000| Untracked 
|  85|0x0000000085500000, 0x0000000085600000, 0x0000000085600000|100%| O|  |TAMS 0x0000000085600000, 0x0000000085500000| Untracked 
|  86|0x0000000085600000, 0x0000000085700000, 0x0000000085700000|100%| O|  |TAMS 0x0000000085700000, 0x0000000085600000| Untracked 
|  87|0x0000000085700000, 0x0000000085800000, 0x0000000085800000|100%| O|  |TAMS 0x0000000085800000, 0x0000000085700000| Untracked 
|  88|0x0000000085800000, 0x0000000085900000, 0x0000000085900000|100%| O|  |TAMS 0x0000000085900000, 0x0000000085800000| Untracked 
|  89|0x0000000085900000, 0x0000000085a00000, 0x0000000085a00000|100%| O|  |TAMS 0x0000000085900000, 0x0000000085900000| Untracked 
|  90|0x0000000085a00000, 0x0000000085b00000, 0x0000000085b00000|100%| O|  |TAMS 0x0000000085a00000, 0x0000000085a00000| Untracked 
|  91|0x0000000085b00000, 0x0000000085c00000, 0x0000000085c00000|100%| O|  |TAMS 0x0000000085b00000, 0x0000000085b00000| Untracked 
|  92|0x0000000085c00000, 0x0000000085d00000, 0x0000000085d00000|100%| O|  |TAMS 0x0000000085c00000, 0x0000000085c00000| Untracked 
|  93|0x0000000085d00000, 0x0000000085e00000, 0x0000000085e00000|100%| O|  |TAMS 0x0000000085d00000, 0x0000000085d00000| Untracked 
|  94|0x0000000085e00000, 0x0000000085f00000, 0x0000000085f00000|100%| O|  |TAMS 0x0000000085e00000, 0x0000000085e00000| Untracked 
|  95|0x0000000085f00000, 0x0000000086000000, 0x0000000086000000|100%| O|  |TAMS 0x0000000085f00000, 0x0000000085f00000| Untracked 
|  96|0x0000000086000000, 0x0000000086089600, 0x0000000086100000| 53%| O|  |TAMS 0x0000000086000000, 0x0000000086000000| Untracked 
|  97|0x0000000086100000, 0x0000000086100000, 0x0000000086200000|  0%| F|  |TAMS 0x0000000086100000, 0x0000000086100000| Untracked 
|  98|0x0000000086200000, 0x0000000086200000, 0x0000000086300000|  0%| F|  |TAMS 0x0000000086200000, 0x0000000086200000| Untracked 
|  99|0x0000000086300000, 0x0000000086300000, 0x0000000086400000|  0%| F|  |TAMS 0x0000000086300000, 0x0000000086300000| Untracked 
| 100|0x0000000086400000, 0x0000000086400000, 0x0000000086500000|  0%| F|  |TAMS 0x0000000086400000, 0x0000000086400000| Untracked 
| 101|0x0000000086500000, 0x0000000086500000, 0x0000000086600000|  0%| F|  |TAMS 0x0000000086500000, 0x0000000086500000| Untracked 
| 102|0x0000000086600000, 0x0000000086600000, 0x0000000086700000|  0%| F|  |TAMS 0x0000000086600000, 0x0000000086600000| Untracked 
| 103|0x0000000086700000, 0x0000000086700000, 0x0000000086800000|  0%| F|  |TAMS 0x0000000086700000, 0x0000000086700000| Untracked 
| 104|0x0000000086800000, 0x0000000086800000, 0x0000000086900000|  0%| F|  |TAMS 0x0000000086800000, 0x0000000086800000| Untracked 
| 105|0x0000000086900000, 0x0000000086900000, 0x0000000086a00000|  0%| F|  |TAMS 0x0000000086900000, 0x0000000086900000| Untracked 
| 106|0x0000000086a00000, 0x0000000086a00000, 0x0000000086b00000|  0%| F|  |TAMS 0x0000000086a00000, 0x0000000086a00000| Untracked 
| 107|0x0000000086b00000, 0x0000000086b00000, 0x0000000086c00000|  0%| F|  |TAMS 0x0000000086b00000, 0x0000000086b00000| Untracked 
| 108|0x0000000086c00000, 0x0000000086c00000, 0x0000000086d00000|  0%| F|  |TAMS 0x0000000086c00000, 0x0000000086c00000| Untracked 
| 109|0x0000000086d00000, 0x0000000086d00000, 0x0000000086e00000|  0%| F|  |TAMS 0x0000000086d00000, 0x0000000086d00000| Untracked 
| 110|0x0000000086e00000, 0x0000000086e00000, 0x0000000086f00000|  0%| F|  |TAMS 0x0000000086e00000, 0x0000000086e00000| Untracked 
| 111|0x0000000086f00000, 0x0000000086f00000, 0x0000000087000000|  0%| F|  |TAMS 0x0000000086f00000, 0x0000000086f00000| Untracked 
| 112|0x0000000087000000, 0x0000000087000000, 0x0000000087100000|  0%| F|  |TAMS 0x0000000087000000, 0x0000000087000000| Untracked 
| 113|0x0000000087100000, 0x0000000087100000, 0x0000000087200000|  0%| F|  |TAMS 0x0000000087100000, 0x0000000087100000| Untracked 
| 114|0x0000000087200000, 0x0000000087200000, 0x0000000087300000|  0%| F|  |TAMS 0x0000000087200000, 0x0000000087200000| Untracked 
| 115|0x0000000087300000, 0x0000000087300000, 0x0000000087400000|  0%| F|  |TAMS 0x0000000087300000, 0x0000000087300000| Untracked 
| 116|0x0000000087400000, 0x0000000087400000, 0x0000000087500000|  0%| F|  |TAMS 0x0000000087400000, 0x0000000087400000| Untracked 
| 117|0x0000000087500000, 0x0000000087500000, 0x0000000087600000|  0%| F|  |TAMS 0x0000000087500000, 0x0000000087500000| Untracked 
| 118|0x0000000087600000, 0x0000000087600000, 0x0000000087700000|  0%| F|  |TAMS 0x0000000087600000, 0x0000000087600000| Untracked 
| 119|0x0000000087700000, 0x0000000087700000, 0x0000000087800000|  0%| F|  |TAMS 0x0000000087700000, 0x0000000087700000| Untracked 
| 120|0x0000000087800000, 0x0000000087800000, 0x0000000087900000|  0%| F|  |TAMS 0x0000000087800000, 0x0000000087800000| Untracked 
| 121|0x0000000087900000, 0x0000000087900000, 0x0000000087a00000|  0%| F|  |TAMS 0x0000000087900000, 0x0000000087900000| Untracked 
| 122|0x0000000087a00000, 0x0000000087a00000, 0x0000000087b00000|  0%| F|  |TAMS 0x0000000087a00000, 0x0000000087a00000| Untracked 
| 123|0x0000000087b00000, 0x0000000087b00000, 0x0000000087c00000|  0%| F|  |TAMS 0x0000000087b00000, 0x0000000087b00000| Untracked 
| 124|0x0000000087c00000, 0x0000000087c00000, 0x0000000087d00000|  0%| F|  |TAMS 0x0000000087c00000, 0x0000000087c00000| Untracked 
| 125|0x0000000087d00000, 0x0000000087d00000, 0x0000000087e00000|  0%| F|  |TAMS 0x0000000087d00000, 0x0000000087d00000| Untracked 
| 126|0x0000000087e00000, 0x0000000087e00000, 0x0000000087f00000|  0%| F|  |TAMS 0x0000000087e00000, 0x0000000087e00000| Untracked 
| 127|0x0000000087f00000, 0x0000000087f00000, 0x0000000088000000|  0%| F|  |TAMS 0x0000000087f00000, 0x0000000087f00000| Untracked 
| 128|0x0000000088000000, 0x0000000088000000, 0x0000000088100000|  0%| F|  |TAMS 0x0000000088000000, 0x0000000088000000| Untracked 
| 129|0x0000000088100000, 0x0000000088100000, 0x0000000088200000|  0%| F|  |TAMS 0x0000000088100000, 0x0000000088100000| Untracked 
| 130|0x0000000088200000, 0x0000000088200000, 0x0000000088300000|  0%| F|  |TAMS 0x0000000088200000, 0x0000000088200000| Untracked 
| 131|0x0000000088300000, 0x0000000088300000, 0x0000000088400000|  0%| F|  |TAMS 0x0000000088300000, 0x0000000088300000| Untracked 
| 132|0x0000000088400000, 0x0000000088400000, 0x0000000088500000|  0%| F|  |TAMS 0x0000000088400000, 0x0000000088400000| Untracked 
| 133|0x0000000088500000, 0x00000000885851f8, 0x0000000088600000| 52%| E|  |TAMS 0x0000000088500000, 0x0000000088500000| Complete 
| 134|0x0000000088600000, 0x0000000088700000, 0x0000000088700000|100%| E|CS|TAMS 0x0000000088600000, 0x0000000088600000| Complete 
| 135|0x0000000088700000, 0x0000000088800000, 0x0000000088800000|100%| E|CS|TAMS 0x0000000088700000, 0x0000000088700000| Complete 
| 136|0x0000000088800000, 0x0000000088900000, 0x0000000088900000|100%| E|CS|TAMS 0x0000000088800000, 0x0000000088800000| Complete 
| 137|0x0000000088900000, 0x0000000088a00000, 0x0000000088a00000|100%| E|CS|TAMS 0x0000000088900000, 0x0000000088900000| Complete 
| 138|0x0000000088a00000, 0x0000000088b00000, 0x0000000088b00000|100%| E|CS|TAMS 0x0000000088a00000, 0x0000000088a00000| Complete 
| 139|0x0000000088b00000, 0x0000000088c00000, 0x0000000088c00000|100%| E|CS|TAMS 0x0000000088b00000, 0x0000000088b00000| Complete 
| 140|0x0000000088c00000, 0x0000000088d00000, 0x0000000088d00000|100%| E|CS|TAMS 0x0000000088c00000, 0x0000000088c00000| Complete 
| 141|0x0000000088d00000, 0x0000000088e00000, 0x0000000088e00000|100%| E|CS|TAMS 0x0000000088d00000, 0x0000000088d00000| Complete 
| 142|0x0000000088e00000, 0x0000000088f00000, 0x0000000088f00000|100%| E|CS|TAMS 0x0000000088e00000, 0x0000000088e00000| Complete 
| 143|0x0000000088f00000, 0x0000000089000000, 0x0000000089000000|100%| E|CS|TAMS 0x0000000088f00000, 0x0000000088f00000| Complete 
| 144|0x0000000089000000, 0x0000000089100000, 0x0000000089100000|100%| E|CS|TAMS 0x0000000089000000, 0x0000000089000000| Complete 
| 145|0x0000000089100000, 0x0000000089200000, 0x0000000089200000|100%| E|CS|TAMS 0x0000000089100000, 0x0000000089100000| Complete 
| 146|0x0000000089200000, 0x0000000089300000, 0x0000000089300000|100%| E|CS|TAMS 0x0000000089200000, 0x0000000089200000| Complete 
| 147|0x0000000089300000, 0x0000000089400000, 0x0000000089400000|100%| E|CS|TAMS 0x0000000089300000, 0x0000000089300000| Complete 
| 148|0x0000000089400000, 0x0000000089500000, 0x0000000089500000|100%| E|CS|TAMS 0x0000000089400000, 0x0000000089400000| Complete 
| 149|0x0000000089500000, 0x0000000089600000, 0x0000000089600000|100%| E|CS|TAMS 0x0000000089500000, 0x0000000089500000| Complete 
| 150|0x0000000089600000, 0x0000000089700000, 0x0000000089700000|100%| E|CS|TAMS 0x0000000089600000, 0x0000000089600000| Complete 
| 151|0x0000000089700000, 0x0000000089800000, 0x0000000089800000|100%| E|CS|TAMS 0x0000000089700000, 0x0000000089700000| Complete 
| 152|0x0000000089800000, 0x0000000089900000, 0x0000000089900000|100%| E|CS|TAMS 0x0000000089800000, 0x0000000089800000| Complete 
| 153|0x0000000089900000, 0x0000000089a00000, 0x0000000089a00000|100%| E|CS|TAMS 0x0000000089900000, 0x0000000089900000| Complete 
| 154|0x0000000089a00000, 0x0000000089b00000, 0x0000000089b00000|100%| E|CS|TAMS 0x0000000089a00000, 0x0000000089a00000| Complete 
| 155|0x0000000089b00000, 0x0000000089c00000, 0x0000000089c00000|100%| E|CS|TAMS 0x0000000089b00000, 0x0000000089b00000| Complete 
| 156|0x0000000089c00000, 0x0000000089d00000, 0x0000000089d00000|100%| E|CS|TAMS 0x0000000089c00000, 0x0000000089c00000| Complete 
| 157|0x0000000089d00000, 0x0000000089e00000, 0x0000000089e00000|100%| E|CS|TAMS 0x0000000089d00000, 0x0000000089d00000| Complete 
| 158|0x0000000089e00000, 0x0000000089f00000, 0x0000000089f00000|100%| E|CS|TAMS 0x0000000089e00000, 0x0000000089e00000| Complete 
| 159|0x0000000089f00000, 0x000000008a000000, 0x000000008a000000|100%| E|CS|TAMS 0x0000000089f00000, 0x0000000089f00000| Complete 
| 160|0x000000008a000000, 0x000000008a100000, 0x000000008a100000|100%| E|CS|TAMS 0x000000008a000000, 0x000000008a000000| Complete 
| 161|0x000000008a100000, 0x000000008a1e6280, 0x000000008a200000| 89%| S|CS|TAMS 0x000000008a100000, 0x000000008a100000| Complete 
| 162|0x000000008a200000, 0x000000008a300000, 0x000000008a300000|100%| E|CS|TAMS 0x000000008a200000, 0x000000008a200000| Complete 
| 163|0x000000008a300000, 0x000000008a400000, 0x000000008a400000|100%| E|CS|TAMS 0x000000008a300000, 0x000000008a300000| Complete 

Card table byte_map: [0x0000020fb9430000,0x0000020fb9830000] _byte_map_base: 0x0000020fb9030000

Marking Bits (Prev, Next): (CMBitMap*) 0x0000020fa600b270, (CMBitMap*) 0x0000020fa600b238
 Prev Bits: [0x0000020fbbc30000, 0x0000020fbdc30000)
 Next Bits: [0x0000020fb9c30000, 0x0000020fbbc30000)

Polling page: 0x0000020fa3d80000

Metaspace:

Usage:
  Non-class:     95.99 MB capacity,    94.13 MB ( 98%) used,     1.49 MB (  2%) free+waste,   367.88 KB ( <1%) overhead. 
      Class:     15.37 MB capacity,    14.21 MB ( 92%) used,  1013.92 KB (  6%) free+waste,   167.56 KB (  1%) overhead. 
       Both:    111.35 MB capacity,   108.34 MB ( 97%) used,     2.48 MB (  2%) free+waste,   535.44 KB ( <1%) overhead. 

Virtual space:
  Non-class space:       98.00 MB reserved,      96.17 MB ( 98%) committed 
      Class space:        1.00 GB reserved,      15.45 MB (  2%) committed 
             Both:        1.10 GB reserved,     111.62 MB ( 10%) committed 

Chunk freelists:
   Non-Class:  0 bytes
       Class:  10.00 KB
        Both:  10.00 KB

MaxMetaspaceSize: 17179869184.00 GB
CompressedClassSpaceSize: 1.00 GB
Initial GC threshold: 20.80 MB
Current GC threshold: 184.57 MB
CDS: off

CodeHeap 'non-profiled nmethods': size=120000Kb used=7333Kb max_used=7333Kb free=112666Kb
 bounds [0x0000020fb15a0000, 0x0000020fb1cd0000, 0x0000020fb8ad0000]
CodeHeap 'profiled nmethods': size=120000Kb used=29129Kb max_used=29129Kb free=90871Kb
 bounds [0x0000020faa070000, 0x0000020fabcf0000, 0x0000020fb15a0000]
CodeHeap 'non-nmethods': size=5760Kb used=2429Kb max_used=2493Kb free=3330Kb
 bounds [0x0000020fa9ad0000, 0x0000020fa9d50000, 0x0000020faa070000]
 total_blobs=15354 nmethods=14400 adapters=866
 compilation: enabled
              stopped_count=0, restarted_count=0
 full_count=0

Compilation events (20 events):
Event: 439.085 Thread 0x0000020fc08b3800 14750       3       java.util.Formatter::<init> (23 bytes)
Event: 439.086 Thread 0x0000020fc08b3800 nmethod 14750 0x0000020fabcd9010 code [0x0000020fabcd9200, 0x0000020fabcd95b8]
Event: 439.086 Thread 0x0000020fc08b3800 14751       3       java.util.Formatter::getZero (27 bytes)
Event: 439.086 Thread 0x0000020fc08b3800 nmethod 14751 0x0000020fabcd9710 code [0x0000020fabcd98e0, 0x0000020fabcd9af8]
Event: 439.129 Thread 0x0000020fc08b3800 14759       3       java.io.PrintWriter::ensureOpen (18 bytes)
Event: 439.131 Thread 0x0000020fc08b3800 nmethod 14759 0x0000020fabcd9c10 code [0x0000020fabcd9de0, 0x0000020fabcd9fe8]
Event: 440.142 Thread 0x0000020fc08b3800 14761       3       java.util.Formatter::<init> (18 bytes)
Event: 440.143 Thread 0x0000020fc08b3800 nmethod 14761 0x0000020fabcda090 code [0x0000020fabcda2a0, 0x0000020fabcda7f8]
Event: 440.152 Thread 0x0000020fc08b3800 14763       1       java.lang.StackTraceElement::getLineNumber (5 bytes)
Event: 440.152 Thread 0x0000020fc08b3800 nmethod 14763 0x0000020fb1cc7e10 code [0x0000020fb1cc7fc0, 0x0000020fb1cc8078]
Event: 440.152 Thread 0x0000020fc08b3800 14764       1       java.lang.StackTraceElement::getFileName (5 bytes)
Event: 440.152 Thread 0x0000020fc08b3800 nmethod 14764 0x0000020fb1cc8110 code [0x0000020fb1cc82c0, 0x0000020fb1cc8378]
Event: 440.165 Thread 0x0000020fc08b3800 14765       3       java.io.ObjectOutputStream$BlockDataOutputStream::writeBytes (144 bytes)
Event: 440.166 Thread 0x0000020fc08b3800 nmethod 14765 0x0000020fabcdaa10 code [0x0000020fabcdac20, 0x0000020fabcdb2b8]
Event: 440.187 Thread 0x0000020fc08b3800 14766       1       java.lang.StackTraceElement::getClassName (5 bytes)
Event: 440.187 Thread 0x0000020fc08b3800 nmethod 14766 0x0000020fb1cc8410 code [0x0000020fb1cc85c0, 0x0000020fb1cc8678]
Event: 440.197 Thread 0x0000020fc08b3800 14767       3       org.codehaus.groovy.runtime.StackTraceUtils::isApplicationClass (84 bytes)
Event: 440.201 Thread 0x0000020fc08b3800 nmethod 14767 0x0000020fabcdb610 code [0x0000020fabcdb860, 0x0000020fabcdc278]
Event: 441.238 Thread 0x0000020fc08b3800 14769       3       java.util.regex.Matcher::search (154 bytes)
Event: 441.240 Thread 0x0000020fc08b3800 nmethod 14769 0x0000020fabcdc610 code [0x0000020fabcdc820, 0x0000020fabcdcdc8]

GC Heap History (20 events):
Event: 28.461 GC heap before
{Heap before GC invocations=37 (full 0):
 garbage-first heap   total 167936K, used 122996K [0x0000000080000000, 0x0000000100000000)
  region size 1024K, 37 young (37888K), 3 survivors (3072K)
 Metaspace       used 101438K, capacity 104254K, committed 104568K, reserved 1138688K
  class space    used 13345K, capacity 14416K, committed 14540K, reserved 1048576K
}
Event: 28.469 GC heap after
{Heap after GC invocations=38 (full 0):
 garbage-first heap   total 167936K, used 90602K [0x0000000080000000, 0x0000000100000000)
  region size 1024K, 3 young (3072K), 3 survivors (3072K)
 Metaspace       used 101438K, capacity 104254K, committed 104568K, reserved 1138688K
  class space    used 13345K, capacity 14416K, committed 14540K, reserved 1048576K
}
Event: 28.565 GC heap before
{Heap before GC invocations=38 (full 0):
 garbage-first heap   total 167936K, used 94698K [0x0000000080000000, 0x0000000100000000)
  region size 1024K, 8 young (8192K), 3 survivors (3072K)
 Metaspace       used 101617K, capacity 104441K, committed 104568K, reserved 1138688K
  class space    used 13365K, capacity 14453K, committed 14540K, reserved 1048576K
}
Event: 28.571 GC heap after
{Heap after GC invocations=39 (full 0):
 garbage-first heap   total 167936K, used 88003K [0x0000000080000000, 0x0000000100000000)
  region size 1024K, 1 young (1024K), 1 survivors (1024K)
 Metaspace       used 101617K, capacity 104441K, committed 104568K, reserved 1138688K
  class space    used 13365K, capacity 14453K, committed 14540K, reserved 1048576K
}
Event: 29.739 GC heap before
{Heap before GC invocations=39 (full 0):
 garbage-first heap   total 167936K, used 123843K [0x0000000080000000, 0x0000000100000000)
  region size 1024K, 37 young (37888K), 1 survivors (1024K)
 Metaspace       used 104620K, capacity 107527K, committed 107640K, reserved 1142784K
  class space    used 13905K, capacity 14966K, committed 15052K, reserved 1048576K
}
Event: 29.747 GC heap after
{Heap after GC invocations=40 (full 0):
 garbage-first heap   total 167936K, used 89048K [0x0000000080000000, 0x0000000100000000)
  region size 1024K, 2 young (2048K), 2 survivors (2048K)
 Metaspace       used 104620K, capacity 107527K, committed 107640K, reserved 1142784K
  class space    used 13905K, capacity 14966K, committed 15052K, reserved 1048576K
}
Event: 31.657 GC heap before
{Heap before GC invocations=41 (full 0):
 garbage-first heap   total 167936K, used 124888K [0x0000000080000000, 0x0000000100000000)
  region size 1024K, 40 young (40960K), 2 survivors (2048K)
 Metaspace       used 107553K, capacity 110536K, committed 110840K, reserved 1144832K
  class space    used 14247K, capacity 15359K, committed 15436K, reserved 1048576K
}
Event: 31.665 GC heap after
{Heap after GC invocations=42 (full 0):
 garbage-first heap   total 167936K, used 89643K [0x0000000080000000, 0x0000000100000000)
  region size 1024K, 5 young (5120K), 5 survivors (5120K)
 Metaspace       used 107553K, capacity 110536K, committed 110840K, reserved 1144832K
  class space    used 14247K, capacity 15359K, committed 15436K, reserved 1048576K
}
Event: 31.794 GC heap before
{Heap before GC invocations=42 (full 0):
 garbage-first heap   total 167936K, used 92715K [0x0000000080000000, 0x0000000100000000)
  region size 1024K, 8 young (8192K), 5 survivors (5120K)
 Metaspace       used 107585K, capacity 110554K, committed 110840K, reserved 1144832K
  class space    used 14252K, capacity 15365K, committed 15436K, reserved 1048576K
}
Event: 31.833 GC heap after
{Heap after GC invocations=43 (full 0):
 garbage-first heap   total 167936K, used 89105K [0x0000000080000000, 0x0000000100000000)
  region size 1024K, 1 young (1024K), 1 survivors (1024K)
 Metaspace       used 107585K, capacity 110554K, committed 110840K, reserved 1144832K
  class space    used 14252K, capacity 15365K, committed 15436K, reserved 1048576K
}
Event: 32.366 GC heap before
{Heap before GC invocations=43 (full 0):
 garbage-first heap   total 167936K, used 94225K [0x0000000080000000, 0x0000000100000000)
  region size 1024K, 7 young (7168K), 1 survivors (1024K)
 Metaspace       used 108390K, capacity 111375K, committed 111480K, reserved 1144832K
  class space    used 14373K, capacity 15492K, committed 15564K, reserved 1048576K
}
Event: 32.372 GC heap after
{Heap after GC invocations=44 (full 0):
 garbage-first heap   total 167936K, used 89128K [0x0000000080000000, 0x0000000100000000)
  region size 1024K, 1 young (1024K), 1 survivors (1024K)
 Metaspace       used 108390K, capacity 111375K, committed 111480K, reserved 1144832K
  class space    used 14373K, capacity 15492K, committed 15564K, reserved 1048576K
}
Event: 165.581 GC heap before
{Heap before GC invocations=45 (full 0):
 garbage-first heap   total 167936K, used 150568K [0x0000000080000000, 0x0000000100000000)
  region size 1024K, 42 young (43008K), 1 survivors (1024K)
 Metaspace       used 109706K, capacity 112697K, committed 112888K, reserved 1146880K
  class space    used 14492K, capacity 15614K, committed 15692K, reserved 1048576K
}
Event: 165.620 GC heap after
{Heap after GC invocations=46 (full 0):
 garbage-first heap   total 167936K, used 92552K [0x0000000080000000, 0x0000000100000000)
  region size 1024K, 4 young (4096K), 4 survivors (4096K)
 Metaspace       used 109706K, capacity 112697K, committed 112888K, reserved 1146880K
  class space    used 14492K, capacity 15614K, committed 15692K, reserved 1048576K
}
Event: 264.200 GC heap before
{Heap before GC invocations=46 (full 0):
 garbage-first heap   total 167936K, used 132488K [0x0000000080000000, 0x0000000100000000)
  region size 1024K, 44 young (45056K), 4 survivors (4096K)
 Metaspace       used 110316K, capacity 113320K, committed 113400K, reserved 1146880K
  class space    used 14513K, capacity 15649K, committed 15692K, reserved 1048576K
}
Event: 264.287 GC heap after
{Heap after GC invocations=47 (full 0):
 garbage-first heap   total 167936K, used 91392K [0x0000000080000000, 0x0000000100000000)
  region size 1024K, 2 young (2048K), 2 survivors (2048K)
 Metaspace       used 110316K, capacity 113320K, committed 113400K, reserved 1146880K
  class space    used 14513K, capacity 15649K, committed 15692K, reserved 1048576K
}
Event: 265.765 GC heap before
{Heap before GC invocations=48 (full 0):
 garbage-first heap   total 167936K, used 133376K [0x0000000080000000, 0x0000000100000000)
  region size 1024K, 44 young (45056K), 2 survivors (2048K)
 Metaspace       used 110664K, capacity 113728K, committed 113912K, reserved 1146880K
  class space    used 14522K, capacity 15665K, committed 15692K, reserved 1048576K
}
Event: 265.782 GC heap after
{Heap after GC invocations=49 (full 0):
 garbage-first heap   total 167936K, used 95482K [0x0000000080000000, 0x0000000100000000)
  region size 1024K, 6 young (6144K), 6 survivors (6144K)
 Metaspace       used 110664K, capacity 113728K, committed 113912K, reserved 1146880K
  class space    used 14522K, capacity 15665K, committed 15692K, reserved 1048576K
}
Event: 265.831 GC heap before
{Heap before GC invocations=49 (full 0):
 garbage-first heap   total 167936K, used 97530K [0x0000000080000000, 0x0000000100000000)
  region size 1024K, 8 young (8192K), 6 survivors (6144K)
 Metaspace       used 110687K, capacity 113758K, committed 113912K, reserved 1146880K
  class space    used 14527K, capacity 15674K, committed 15692K, reserved 1048576K
}
Event: 265.933 GC heap after
{Heap after GC invocations=50 (full 0):
 garbage-first heap   total 167936K, used 89534K [0x0000000080000000, 0x0000000100000000)
  region size 1024K, 1 young (1024K), 1 survivors (1024K)
 Metaspace       used 110687K, capacity 113758K, committed 113912K, reserved 1146880K
  class space    used 14527K, capacity 15674K, committed 15692K, reserved 1048576K
}

Deoptimization events (20 events):
Event: 440.161 Thread 0x0000020fcbbe6000 Uncommon trap: trap_request=0xffffffd6 fr.pc=0x0000020fb1c605b8 relative=0x0000000000001558
Event: 440.161 Thread 0x0000020fcbbe6000 Uncommon trap: reason=array_check action=maybe_recompile pc=0x0000020fb1c605b8 method=java.util.TimSort.reverseRange([Ljava/lang/Object;II)V @ 27 c2
Event: 440.161 Thread 0x0000020fcbbe6000 DEOPT PACKING pc=0x0000020fb1c605b8 sp=0x0000001e63cfc350
Event: 440.162 Thread 0x0000020fcbbe6000 DEOPT UNPACKING pc=0x0000020fa9b1a1af sp=0x0000001e63cfc218 mode 2
Event: 440.163 Thread 0x0000020fcbbe6000 Uncommon trap: trap_request=0xffffffd6 fr.pc=0x0000020fb1c605b8 relative=0x0000000000001558
Event: 440.163 Thread 0x0000020fcbbe6000 Uncommon trap: reason=array_check action=maybe_recompile pc=0x0000020fb1c605b8 method=java.util.TimSort.reverseRange([Ljava/lang/Object;II)V @ 27 c2
Event: 440.163 Thread 0x0000020fcbbe6000 DEOPT PACKING pc=0x0000020fb1c605b8 sp=0x0000001e63cfc350
Event: 440.163 Thread 0x0000020fcbbe6000 DEOPT UNPACKING pc=0x0000020fa9b1a1af sp=0x0000001e63cfc218 mode 2
Event: 440.163 Thread 0x0000020fcbbe6000 Uncommon trap: trap_request=0xffffff4d fr.pc=0x0000020fb19ebd3c relative=0x000000000000047c
Event: 440.163 Thread 0x0000020fcbbe6000 Uncommon trap: reason=unstable_if action=reinterpret pc=0x0000020fb19ebd3c method=java.io.ObjectOutputStream$BlockDataOutputStream.writeBytes(Ljava/lang/String;)V @ 22 c2
Event: 440.163 Thread 0x0000020fcbbe6000 DEOPT PACKING pc=0x0000020fb19ebd3c sp=0x0000001e63cfdd30
Event: 440.164 Thread 0x0000020fcbbe6000 DEOPT UNPACKING pc=0x0000020fa9b1a1af sp=0x0000001e63cfdcb8 mode 2
Event: 440.183 Thread 0x0000020fcbbea000 Uncommon trap: trap_request=0xffffff4d fr.pc=0x0000020fb1b732f0 relative=0x00000000000005d0
Event: 440.183 Thread 0x0000020fcbbea000 Uncommon trap: reason=unstable_if action=reinterpret pc=0x0000020fb1b732f0 method=java.util.regex.Matcher.search(I)Z @ 76 c2
Event: 440.183 Thread 0x0000020fcbbea000 DEOPT PACKING pc=0x0000020fb1b732f0 sp=0x0000001e639fb840
Event: 440.183 Thread 0x0000020fcbbea000 DEOPT UNPACKING pc=0x0000020fa9b1a1af sp=0x0000001e639fb790 mode 2
Event: 440.183 Thread 0x0000020fcbbea000 Uncommon trap: trap_request=0xffffff4d fr.pc=0x0000020fb185510c relative=0x000000000000056c
Event: 440.183 Thread 0x0000020fcbbea000 Uncommon trap: reason=unstable_if action=reinterpret pc=0x0000020fb185510c method=java.util.regex.Matcher.search(I)Z @ 76 c2
Event: 440.183 Thread 0x0000020fcbbea000 DEOPT PACKING pc=0x0000020fb185510c sp=0x0000001e639fb7b0
Event: 440.183 Thread 0x0000020fcbbea000 DEOPT UNPACKING pc=0x0000020fa9b1a1af sp=0x0000001e639fb780 mode 2

Classes redefined (0 events):
No events

Internal exceptions (20 events):
Event: 165.746 Thread 0x0000020fcbbe9800 Exception <a 'sun/nio/fs/WindowsException'{0x000000008a279ae8}> (0x000000008a279ae8) thrown at [./src/hotspot/share/prims/jni.cpp, line 615]
Event: 165.747 Thread 0x0000020fcbbe9800 Exception <a 'sun/nio/fs/WindowsException'{0x000000008a27ae70}> (0x000000008a27ae70) thrown at [./src/hotspot/share/prims/jni.cpp, line 615]
Event: 165.747 Thread 0x0000020fcbbe9800 Exception <a 'sun/nio/fs/WindowsException'{0x000000008a27c248}> (0x000000008a27c248) thrown at [./src/hotspot/share/prims/jni.cpp, line 615]
Event: 165.747 Thread 0x0000020fcbbe9800 Exception <a 'sun/nio/fs/WindowsException'{0x000000008a27d620}> (0x000000008a27d620) thrown at [./src/hotspot/share/prims/jni.cpp, line 615]
Event: 167.217 Thread 0x0000020fcbbe9800 Exception <a 'sun/nio/fs/WindowsException'{0x0000000088528668}> (0x0000000088528668) thrown at [./src/hotspot/share/prims/jni.cpp, line 615]
Event: 167.217 Thread 0x0000020fcbbe9800 Exception <a 'sun/nio/fs/WindowsException'{0x00000000885286e8}> (0x00000000885286e8) thrown at [./src/hotspot/share/prims/jni.cpp, line 615]
Event: 167.218 Thread 0x0000020fcbbe9800 Exception <a 'sun/nio/fs/WindowsException'{0x0000000088529fc8}> (0x0000000088529fc8) thrown at [./src/hotspot/share/prims/jni.cpp, line 615]
Event: 264.918 Thread 0x0000020fcbbe9800 Exception <a 'sun/nio/fs/WindowsException'{0x00000000892f7040}> (0x00000000892f7040) thrown at [./src/hotspot/share/prims/jni.cpp, line 615]
Event: 265.055 Thread 0x0000020fcbbe9800 Exception <a 'java/lang/NoClassDefFoundError'{0x0000000088e463b8}: org/jetbrains/kotlin/gradle/plugin/KotlinBasePluginWrapper> (0x0000000088e463b8) thrown at [./src/hotspot/share/oops/constantPool.cpp, line 775]
Event: 265.103 Thread 0x0000020fcbbe9800 Exception <a 'sun/nio/fs/WindowsException'{0x0000000088d914e0}> (0x0000000088d914e0) thrown at [./src/hotspot/share/prims/jni.cpp, line 615]
Event: 265.132 Thread 0x0000020fcbbe9800 Exception <a 'sun/nio/fs/WindowsException'{0x0000000088c36010}> (0x0000000088c36010) thrown at [./src/hotspot/share/prims/jni.cpp, line 615]
Event: 265.132 Thread 0x0000020fcbbe9800 Exception <a 'sun/nio/fs/WindowsException'{0x0000000088c37398}> (0x0000000088c37398) thrown at [./src/hotspot/share/prims/jni.cpp, line 615]
Event: 265.132 Thread 0x0000020fcbbe9800 Exception <a 'sun/nio/fs/WindowsException'{0x0000000088c38770}> (0x0000000088c38770) thrown at [./src/hotspot/share/prims/jni.cpp, line 615]
Event: 265.132 Thread 0x0000020fcbbe9800 Exception <a 'sun/nio/fs/WindowsException'{0x0000000088c39db8}> (0x0000000088c39db8) thrown at [./src/hotspot/share/prims/jni.cpp, line 615]
Event: 266.080 Thread 0x0000020fcbbe9800 Exception <a 'sun/nio/fs/WindowsException'{0x000000008a3886b8}> (0x000000008a3886b8) thrown at [./src/hotspot/share/prims/jni.cpp, line 615]
Event: 266.080 Thread 0x0000020fcbbe9800 Exception <a 'sun/nio/fs/WindowsException'{0x000000008a388738}> (0x000000008a388738) thrown at [./src/hotspot/share/prims/jni.cpp, line 615]
Event: 266.081 Thread 0x0000020fcbbe9800 Exception <a 'sun/nio/fs/WindowsException'{0x000000008a38a018}> (0x000000008a38a018) thrown at [./src/hotspot/share/prims/jni.cpp, line 615]
Event: 439.067 Thread 0x0000020fcbbea000 Exception <a 'java/lang/OutOfMemoryError'{0x000000008876ede8}: unable to create native thread: possibly out of memory or process/resource limits reached> (0x000000008876ede8) thrown at [./src/hotspot/share/prims/jvm.cpp, line 2924]
Event: 439.139 Thread 0x0000020fcbbe6000 Exception <a 'java/lang/NoSuchMethodError'{0x00000000886114e8}: <clinit>> (0x00000000886114e8) thrown at [./src/hotspot/share/prims/jni.cpp, line 1365]
Event: 440.163 Thread 0x0000020fcbbe6000 Exception <a 'java/lang/NoSuchMethodError'{0x00000000886396e0}: <clinit>> (0x00000000886396e0) thrown at [./src/hotspot/share/prims/jni.cpp, line 1365]

Events (20 events):
Event: 439.098 loading class org/gradle/tooling/internal/protocol/InternalFailure
Event: 439.098 loading class org/gradle/tooling/internal/protocol/InternalFailure done
Event: 439.104 loading class java/lang/Throwable$WrappedPrintWriter
Event: 439.105 loading class java/lang/Throwable$PrintStreamOrWriter
Event: 439.106 loading class java/lang/Throwable$PrintStreamOrWriter done
Event: 439.106 loading class java/lang/Throwable$WrappedPrintWriter done
Event: 439.134 loading class org/gradle/internal/exceptions/DefaultMultiCauseException$1
Event: 439.134 loading class org/gradle/internal/exceptions/DefaultMultiCauseException$1 done
Event: 440.148 loading class org/gradle/internal/exceptions/Contextual
Event: 440.148 loading class org/gradle/internal/exceptions/Contextual done
Event: 440.153 loading class org/gradle/internal/exceptions/ContextAwareException$1
Event: 440.153 loading class org/gradle/internal/exceptions/ContextAwareException$1 done
Event: 440.161 loading class org/codehaus/groovy/runtime/StackTraceUtils
Event: 440.161 loading class org/codehaus/groovy/runtime/StackTraceUtils done
Event: 440.187 loading class java/util/logging/LogRecord
Event: 440.190 loading class java/util/logging/LogRecord done
Event: 441.242 loading class org/gradle/internal/buildevents/BuildExceptionReporter$FailureDetails
Event: 441.242 loading class org/gradle/internal/buildevents/BuildExceptionReporter$FailureDetails done
Event: 441.246 loading class org/gradle/internal/buildevents/BuildExceptionReporter$ExceptionStyle
Event: 441.246 loading class org/gradle/internal/buildevents/BuildExceptionReporter$ExceptionStyle done


Dynamic libraries:
0x00007ff614be0000 - 0x00007ff614bea000 	C:\Program Files\Android\Android Studio\jre\bin\java.exe
0x00007ffafdbd0000 - 0x00007ffafdde9000 	C:\WINDOWS\SYSTEM32\ntdll.dll
0x00007ffafc810000 - 0x00007ffafc8d2000 	C:\WINDOWS\System32\KERNEL32.DLL
0x00007ffafb4b0000 - 0x00007ffafb84f000 	C:\WINDOWS\System32\KERNELBASE.dll
0x00007ffafaff0000 - 0x00007ffafb10b000 	C:\WINDOWS\System32\ucrtbase.dll
0x00007ffadd4f0000 - 0x00007ffadd507000 	C:\Program Files\Android\Android Studio\jre\bin\VCRUNTIME140.dll
0x00007ffaed4f0000 - 0x00007ffaed509000 	C:\Program Files\Android\Android Studio\jre\bin\jli.dll
0x00007ffafba00000 - 0x00007ffafbbac000 	C:\WINDOWS\System32\USER32.dll
0x00007ffafafc0000 - 0x00007ffafafe6000 	C:\WINDOWS\System32\win32u.dll
0x00007ffae15a0000 - 0x00007ffae1831000 	C:\WINDOWS\WinSxS\amd64_microsoft.windows.common-controls_6595b64144ccf1df_6.0.25211.1001_none_78235de15b00272f\COMCTL32.dll
0x00007ffafdb60000 - 0x00007ffafdb89000 	C:\WINDOWS\System32\GDI32.dll
0x00007ffafbfd0000 - 0x00007ffafc077000 	C:\WINDOWS\System32\msvcrt.dll
0x00007ffafb2f0000 - 0x00007ffafb406000 	C:\WINDOWS\System32\gdi32full.dll
0x00007ffafb410000 - 0x00007ffafb4aa000 	C:\WINDOWS\System32\msvcp_win.dll
0x00007ffafc7d0000 - 0x00007ffafc801000 	C:\WINDOWS\System32\IMM32.DLL
0x00007ffadac80000 - 0x00007ffadad1d000 	C:\Program Files\Android\Android Studio\jre\bin\msvcp140.dll
0x00007ffa80e40000 - 0x00007ffa81925000 	C:\Program Files\Android\Android Studio\jre\bin\server\jvm.dll
0x00007ffafcf30000 - 0x00007ffafcfde000 	C:\WINDOWS\System32\ADVAPI32.dll
0x00007ffafc380000 - 0x00007ffafc426000 	C:\WINDOWS\System32\sechost.dll
0x00007ffafda30000 - 0x00007ffafdb57000 	C:\WINDOWS\System32\RPCRT4.dll
0x00007ffafc2f0000 - 0x00007ffafc2f8000 	C:\WINDOWS\System32\PSAPI.DLL
0x00007ffad4630000 - 0x00007ffad4639000 	C:\WINDOWS\SYSTEM32\WSOCK32.dll
0x00007ffaf1810000 - 0x00007ffaf181a000 	C:\WINDOWS\SYSTEM32\VERSION.dll
0x00007ffafd9b0000 - 0x00007ffafda1f000 	C:\WINDOWS\System32\WS2_32.dll
0x00007ffaf4310000 - 0x00007ffaf4346000 	C:\WINDOWS\SYSTEM32\WINMM.dll
0x00007ffaf9f70000 - 0x00007ffaf9f88000 	C:\WINDOWS\SYSTEM32\kernel.appcore.dll
0x00007ffaebc40000 - 0x00007ffaebc51000 	C:\Program Files\Android\Android Studio\jre\bin\verify.dll
0x00007ffaf8950000 - 0x00007ffaf8b81000 	C:\WINDOWS\SYSTEM32\DBGHELP.DLL
0x00007ffafbc40000 - 0x00007ffafbfc9000 	C:\WINDOWS\System32\combase.dll
0x00007ffafc8e0000 - 0x00007ffafc9b8000 	C:\WINDOWS\System32\OLEAUT32.dll
0x00007ffaea2e0000 - 0x00007ffaea312000 	C:\WINDOWS\SYSTEM32\dbgcore.DLL
0x00007ffafb860000 - 0x00007ffafb8d9000 	C:\WINDOWS\System32\bcryptPrimitives.dll
0x00007ffaebc10000 - 0x00007ffaebc39000 	C:\Program Files\Android\Android Studio\jre\bin\java.dll
0x00007ffaeea00000 - 0x00007ffaeea0b000 	C:\Program Files\Android\Android Studio\jre\bin\jimage.dll
0x00007ffaebbf0000 - 0x00007ffaebc08000 	C:\Program Files\Android\Android Studio\jre\bin\zip.dll
0x00007ffafd010000 - 0x00007ffafd7e7000 	C:\WINDOWS\System32\SHELL32.dll
0x00007ffaf8f10000 - 0x00007ffaf97a6000 	C:\WINDOWS\SYSTEM32\windows.storage.dll
0x00007ffaf8d70000 - 0x00007ffaf8f03000 	C:\WINDOWS\SYSTEM32\wintypes.dll
0x00007ffafc9c0000 - 0x00007ffafcaad000 	C:\WINDOWS\System32\SHCORE.dll
0x00007ffafc740000 - 0x00007ffafc79d000 	C:\WINDOWS\System32\shlwapi.dll
0x00007ffafaef0000 - 0x00007ffafaf12000 	C:\WINDOWS\SYSTEM32\profapi.dll
0x00007ffaebbd0000 - 0x00007ffaebbea000 	C:\Program Files\Android\Android Studio\jre\bin\net.dll
0x00007ffaf3dd0000 - 0x00007ffaf3efb000 	C:\WINDOWS\SYSTEM32\WINHTTP.dll
0x00007ffafa420000 - 0x00007ffafa489000 	C:\WINDOWS\system32\mswsock.dll
0x00007ffaebbb0000 - 0x00007ffaebbc4000 	C:\Program Files\Android\Android Studio\jre\bin\nio.dll
0x00007ffab70c0000 - 0x00007ffab70e7000 	C:\Users\LENOVO\.gradle\native\e1d6ef7f7dcc3fd88c89a11ec53ec762bb8ba0a96d01ffa2cd45eb1d1d8dd5c5\windows-amd64\native-platform.dll
0x00007ffadab30000 - 0x00007ffadac74000 	C:\Users\LENOVO\.gradle\native\5664cfc778a61ccfe75a443a1ab52a65af34e5dc3c78e0209fed803814484fcb\windows-amd64\native-platform-file-events.dll
0x00007ffaedbb0000 - 0x00007ffaedbba000 	C:\Program Files\Android\Android Studio\jre\bin\management.dll
0x00007ffaebba0000 - 0x00007ffaebbad000 	C:\Program Files\Android\Android Studio\jre\bin\management_ext.dll
0x00007ffafa6b0000 - 0x00007ffafa6cb000 	C:\WINDOWS\SYSTEM32\CRYPTSP.dll
0x00007ffaf9ed0000 - 0x00007ffaf9f04000 	C:\WINDOWS\system32\rsaenh.dll
0x00007ffafa520000 - 0x00007ffafa548000 	C:\WINDOWS\SYSTEM32\USERENV.dll
0x00007ffafa8d0000 - 0x00007ffafa8f8000 	C:\WINDOWS\SYSTEM32\bcrypt.dll
0x00007ffafa6a0000 - 0x00007ffafa6ac000 	C:\WINDOWS\SYSTEM32\CRYPTBASE.dll
0x00007ffaf9a50000 - 0x00007ffaf9a7e000 	C:\WINDOWS\SYSTEM32\IPHLPAPI.DLL
0x00007ffafb9a0000 - 0x00007ffafb9a9000 	C:\WINDOWS\System32\NSI.dll
0x00007ffaf3970000 - 0x00007ffaf3989000 	C:\WINDOWS\SYSTEM32\dhcpcsvc6.DLL
0x00007ffaf3940000 - 0x00007ffaf395f000 	C:\WINDOWS\SYSTEM32\dhcpcsvc.DLL
0x00007ffaf9ae0000 - 0x00007ffaf9bdf000 	C:\WINDOWS\SYSTEM32\DNSAPI.dll
0x00007ffad6e40000 - 0x00007ffad6e67000 	C:\Program Files\Android\Android Studio\jre\bin\sunec.dll

dbghelp: loaded successfully - version: 4.0.5 - missing functions: none
symbol engine: initialized successfully - sym options: 0x614 - pdb path: .;C:\Program Files\Android\Android Studio\jre\bin;C:\WINDOWS\SYSTEM32;C:\WINDOWS\WinSxS\amd64_microsoft.windows.common-controls_6595b64144ccf1df_6.0.25211.1001_none_78235de15b00272f;C:\Program Files\Android\Android Studio\jre\bin\server;C:\Users\LENOVO\.gradle\native\e1d6ef7f7dcc3fd88c89a11ec53ec762bb8ba0a96d01ffa2cd45eb1d1d8dd5c5\windows-amd64;C:\Users\LENOVO\.gradle\native\5664cfc778a61ccfe75a443a1ab52a65af34e5dc3c78e0209fed803814484fcb\windows-amd64

VM Arguments:
jvm_args: --add-opens=java.base/java.util=ALL-UNNAMED --add-opens=java.base/java.lang=ALL-UNNAMED --add-opens=java.base/java.lang.invoke=ALL-UNNAMED --add-opens=java.base/java.util=ALL-UNNAMED --add-opens=java.prefs/java.util.prefs=ALL-UNNAMED --add-opens=java.prefs/java.util.prefs=ALL-UNNAMED --add-opens=java.base/java.nio.charset=ALL-UNNAMED --add-opens=java.base/java.net=ALL-UNNAMED --add-opens=java.base/java.util.concurrent.atomic=ALL-UNNAMED -Xmx2048m -Dfile.encoding=UTF-8 -Duser.country=US -Duser.language=en -Duser.variant 
java_command: org.gradle.launcher.daemon.bootstrap.GradleDaemon 7.3.3
java_class_path (initial): C:\Users\LENOVO\.gradle\wrapper\dists\gradle-7.3.3-bin\6a41zxkdtcxs8rphpq6y0069z\gradle-7.3.3\lib\gradle-launcher-7.3.3.jar
Launcher Type: SUN_STANDARD

[Global flags]
     intx CICompilerCount                          = 4                                         {product} {ergonomic}
     uint ConcGCThreads                            = 3                                         {product} {ergonomic}
     uint G1ConcRefinementThreads                  = 10                                        {product} {ergonomic}
   size_t G1HeapRegionSize                         = 1048576                                   {product} {ergonomic}
    uintx GCDrainStackTargetSize                   = 64                                        {product} {ergonomic}
   size_t InitialHeapSize                          = 98566144                                  {product} {ergonomic}
   size_t MarkStackSize                            = 4194304                                   {product} {ergonomic}
   size_t MaxHeapSize                              = 2147483648                                {product} {command line}
   size_t MaxNewSize                               = 1287651328                                {product} {ergonomic}
   size_t MinHeapDeltaBytes                        = 1048576                                   {product} {ergonomic}
    uintx NonNMethodCodeHeapSize                   = 5836300                                {pd product} {ergonomic}
    uintx NonProfiledCodeHeapSize                  = 122910970                              {pd product} {ergonomic}
    uintx ProfiledCodeHeapSize                     = 122910970                              {pd product} {ergonomic}
    uintx ReservedCodeCacheSize                    = 251658240                              {pd product} {ergonomic}
     bool SegmentedCodeCache                       = true                                      {product} {ergonomic}
     bool UseCompressedClassPointers               = true                                 {lp64_product} {ergonomic}
     bool UseCompressedOops                        = true                                 {lp64_product} {ergonomic}
     bool UseG1GC                                  = true                                      {product} {ergonomic}
     bool UseLargePagesIndividualAllocation        = false                                  {pd product} {ergonomic}

Logging:
Log output configuration:
 #0: stdout all=warning uptime,level,tags
 #1: stderr all=off uptime,level,tags

Environment Variables:
PATH=C:\WINDOWS\system32;C:\WINDOWS;C:\WINDOWS\System32\Wbem;C:\WINDOWS\System32\WindowsPowerShell\v1.0\;C:\WINDOWS\System32\OpenSSH\;C:\Program Files\Git\cmd;C:\xampp\php;C:\wamp64\bin\mysql\mysql5.7.36\bin;C:\Program Files\nodejs\;C:\Users\LENOVO\AppData\Local\Programs\Python\Python39\Scripts\;C:\Users\LENOVO\AppData\Local\Programs\Python\Python39\;C:\Users\LENOVO\AppData\Local\Programs\Python\Launcher\;C:\Users\LENOVO\AppData\Local\Microsoft\WindowsApps;C:\Users\LENOVO\AppData\Local\Programs\Microsoft VS Code\bin;C:\Program Files\CodeBlocks\MinGW\bin;C:\xampp\php;C:\Users\LENOVO\AppData\Roaming\npm;
USERNAME=Hilmi Hanif
OS=Windows_NT
PROCESSOR_IDENTIFIER=AMD64 Family 23 Model 104 Stepping 1, AuthenticAMD



---------------  S Y S T E M  ---------------

OS: Windows 10 , 64 bit Build 25211 (10.0.25211.1010)
OS uptime: 0 days 13:31 hours

CPU:total 12 (initial active 12) (12 cores per cpu, 2 threads per core) family 23 model 104 stepping 1 microcode 0x8608103, cmov, cx8, fxsr, mmx, sse, sse2, sse3, ssse3, sse4.1, sse4.2, popcnt, avx, avx2, aes, clmul, mmxext, 3dnowpref, lzcnt, sse4a, ht, tsc, tscinvbit, tscinv, bmi1, bmi2, adx, sha, fma

Memory: 4k page, system-wide physical 6005M (267M free)
TotalPageFile size 14197M (AvailPageFile size 0M)
current process WorkingSet (physical memory assigned to process): 150M, peak: 383M
current process commit charge ("private bytes"): 500M, peak: 527M

vm_info: OpenJDK 64-Bit Server VM (11.0.12+7-b1504.28-7817840) for windows-amd64 JRE (11.0.12+7-b1504.28-7817840), built on Oct 13 2021 22:12:33 by "builder" with MS VC++ 14.0 (VS2015)

END.
